TN:
SF:packages/language/src/index.ts
FNF:0
FNH:0
LF:0
LH:0
BRF:0
BRH:0
end_of_record
TN:
SF:packages/language/src/config/compiler-options-merge.ts
FN:31,mergeAbstractOptions
FNF:1
FNH:1
FNDA:4274,mergeAbstractOptions
DA:35,4274
DA:41,4274
DA:42,4
DA:43,4
DA:44,4
DA:45,4
DA:47,4274
DA:48,3172
DA:49,24
DA:50,24
DA:51,24
DA:52,24
DA:55,4274
LF:13
LH:13
BRDA:47,0,0,3172
BRDA:47,0,1,1102
BRF:2
BRH:2
end_of_record
TN:
SF:packages/language/src/config/cross-validation.ts
FN:26,validatePgroupReferences
FNF:1
FNH:1
FNDA:1041,validatePgroupReferences
DA:31,1041
DA:32,0
DA:34,1041
DA:35,1041
DA:36,1044
DA:37,1044
DA:38,10
DA:39,10
DA:44,10
DA:45,10
DA:49,1041
LF:11
LH:10
BRDA:31,0,0,0
BRDA:31,0,1,1041
BRDA:31,1,0,1041
BRDA:31,1,1,1041
BRDA:37,2,0,10
BRDA:37,2,1,1034
BRDA:38,3,0,10
BRDA:38,3,1,2
BRF:8
BRH:7
end_of_record
TN:
SF:packages/language/src/config/lib-expander.ts
FN:51,safeStat
FN:63,safeReadDir
FN:77,(anonymous_2)
FN:116,expandGroup
FN:122,(anonymous_4)
FN:144,(anonymous_5)
FN:158,expandLib
FN:209,expandDirectoryTree
FN:265,tryReadDataset
FN:312,compareByDepthThenName
FNF:10
FNH:10
FNDA:2048,safeStat
FNDA:4030,safeReadDir
FNDA:24,(anonymous_2)
FNDA:1172,expandGroup
FNDA:2048,(anonymous_4)
FNDA:78,(anonymous_5)
FNDA:2048,expandLib
FNDA:73,expandDirectoryTree
FNDA:1983,tryReadDataset
FNDA:17,compareByDepthThenName
DA:49,24
DA:55,2048
DA:56,2048
DA:57,2048
DA:59,0
DA:67,4030
DA:68,4030
DA:70,1968
DA:77,24
DA:78,24
DA:79,24
DA:80,24
DA:121,1172
DA:122,2048
DA:125,1172
DA:126,1172
DA:127,1172
DA:128,2048
DA:129,1968
DA:130,1968
DA:132,80
DA:133,86
DA:136,86
DA:137,84
DA:142,1172
DA:143,1172
DA:144,78
DA:146,1172
DA:163,2048
DA:164,2048
DA:165,2048
DA:166,2048
DA:167,2048
DA:168,2048
DA:169,2048
DA:172,2048
DA:173,65
DA:174,65
DA:176,1983
DA:179,0
DA:184,1983
DA:185,1983
DA:186,7
DA:195,1976
DA:196,1976
DA:197,8
DA:198,8
DA:200,1968
DA:214,73
DA:215,73
DA:217,73
DA:218,79
DA:219,79
DA:221,79
DA:222,79
DA:223,79
DA:224,93
DA:225,6
DA:229,6
DA:231,87
DA:232,0
DA:234,87
DA:235,87
DA:236,87
DA:238,87
DA:239,87
DA:242,17
DA:243,17
DA:244,17
DA:249,79
DA:257,73
DA:270,1983
DA:271,1983
DA:272,1983
DA:273,1983
DA:274,8
DA:278,0
DA:281,1975
DA:283,1975
DA:287,1975
DA:288,1983
DA:289,1983
DA:291,3949
DA:292,2013
DA:294,1936
DA:295,1936
DA:296,7
DA:297,7
DA:298,7
DA:302,1975
DA:303,1968
DA:305,7
DA:313,17
DA:314,17
DA:315,17
DA:316,17
DA:317,17
DA:318,7
DA:320,10
LF:99
LH:95
BRDA:77,0,0,24
BRDA:77,0,1,24
BRDA:128,1,0,1968
BRDA:128,1,1,80
BRDA:136,2,0,84
BRDA:136,2,1,2
BRDA:167,3,0,2048
BRDA:167,3,1,0
BRDA:172,4,0,65
BRDA:172,4,1,1983
BRDA:176,5,0,0
BRDA:176,5,1,1983
BRDA:185,6,0,7
BRDA:185,6,1,1976
BRDA:196,7,0,8
BRDA:196,7,1,1968
BRDA:219,8,0,79
BRDA:219,8,1,0
BRDA:224,9,0,6
BRDA:224,9,1,87
BRDA:231,10,0,0
BRDA:231,10,1,87
BRDA:235,11,0,87
BRDA:235,11,1,0
BRDA:239,12,0,17
BRDA:239,12,1,70
BRDA:243,13,0,17
BRDA:243,13,1,0
BRDA:273,14,0,8
BRDA:273,14,1,1975
BRDA:287,15,0,1975
BRDA:287,15,1,0
BRDA:291,16,0,2013
BRDA:291,16,1,1936
BRDA:295,17,0,7
BRDA:295,17,1,1929
BRDA:297,18,0,7
BRDA:297,18,1,0
BRDA:302,19,0,1968
BRDA:302,19,1,7
BRDA:315,20,0,17
BRDA:315,20,1,5
BRDA:316,21,0,17
BRDA:316,21,1,8
BRDA:317,22,0,7
BRDA:317,22,1,10
BRF:46
BRH:38
end_of_record
TN:
SF:packages/language/src/config/loader.ts
FN:62,parseProgramConfigs
FN:103,parseProcessGroupConfigs
FN:139,readProgramConfig
FN:162,readProcessGroup
FN:233,findProperty
FN:249,readStringField
FN:262,readBooleanField
FN:275,readNumberField
FN:288,readStringArray
FN:299,(anonymous_9)
FN:307,makeItem
FN:321,createParseErrorDiagnostics
FN:326,(anonymous_12)
FN:340,createStructureDiagnostic
FN:362,toLspDiagnostic
FNF:15
FNH:13
FNDA:1040,parseProgramConfigs
FNDA:1091,parseProcessGroupConfigs
FNDA:1042,readProgramConfig
FNDA:1093,readProcessGroup
FNDA:15094,findProperty
FNDA:3177,readStringField
FNDA:3279,readBooleanField
FNDA:1093,readNumberField
FNDA:4321,readStringArray
FNDA:5075,(anonymous_9)
FNDA:10263,makeItem
FNDA:2131,createParseErrorDiagnostics
FNDA:0,(anonymous_12)
FNDA:0,createStructureDiagnostic
FNDA:1975,toLspDiagnostic
DA:54,24
DA:55,24
DA:66,1040
DA:67,1040
DA:68,1040
DA:69,1040
DA:70,1040
DA:74,1040
DA:75,1040
DA:81,0
DA:84,0
DA:87,1040
DA:88,1040
DA:89,1040
DA:90,1042
DA:91,1042
DA:92,1042
DA:95,1040
DA:107,1091
DA:108,1091
DA:109,1091
DA:110,1091
DA:111,1091
DA:115,1091
DA:116,1091
DA:122,0
DA:125,0
DA:128,1091
DA:129,1091
DA:130,1091
DA:131,1093
DA:132,1093
DA:133,1093
DA:136,1091
DA:144,1042
DA:145,0
DA:147,1042
DA:148,1042
DA:149,1042
DA:150,1042
DA:151,0
DA:153,1042
DA:159,1042
DA:167,1093
DA:168,0
DA:170,1093
DA:171,1093
DA:172,1093
DA:173,0
DA:175,1093
DA:181,1093
DA:182,1093
DA:188,1093
DA:195,1093
DA:196,1093
DA:198,1093
DA:205,1093
DA:212,1093
DA:219,1093
DA:237,15094
DA:238,225
DA:240,14869
DA:241,32664
DA:242,32664
DA:243,11470
DA:246,3399
DA:255,3177
DA:256,3177
DA:257,0
DA:259,3177
DA:268,3279
DA:269,3279
DA:270,1269
DA:272,2010
DA:281,1093
DA:282,1093
DA:283,1092
DA:285,1
DA:294,4321
DA:295,4321
DA:296,1188
DA:298,3133
DA:299,3133
DA:300,5075
DA:301,5075
DA:304,3133
DA:313,10263
DA:318,10263
DA:326,2131
DA:327,0
DA:328,0
DA:345,0
DA:366,1975
DA:371,1975
DA:374,1975
LF:95
LH:83
BRDA:75,0,0,0
BRDA:75,0,1,1040
BRDA:76,1,0,1040
BRDA:76,1,1,1040
BRDA:76,1,2,1040
BRDA:76,1,3,1040
BRDA:88,2,0,1040
BRDA:88,2,1,0
BRDA:91,3,0,1042
BRDA:91,3,1,0
BRDA:116,4,0,0
BRDA:116,4,1,1091
BRDA:117,5,0,1091
BRDA:117,5,1,1091
BRDA:117,5,2,1091
BRDA:117,5,3,1091
BRDA:129,6,0,1091
BRDA:129,6,1,0
BRDA:132,7,0,1093
BRDA:132,7,1,0
BRDA:144,8,0,0
BRDA:144,8,1,1042
BRDA:144,9,0,1042
BRDA:144,9,1,1042
BRDA:150,10,0,0
BRDA:150,10,1,1042
BRDA:150,11,0,1042
BRDA:150,11,1,1042
BRDA:167,12,0,0
BRDA:167,12,1,1093
BRDA:167,13,0,1093
BRDA:167,13,1,1093
BRDA:172,14,0,0
BRDA:172,14,1,1093
BRDA:198,15,0,1093
BRDA:198,15,1,80
BRDA:205,16,0,1093
BRDA:205,16,1,1092
BRDA:212,17,0,1093
BRDA:212,17,1,1089
BRDA:237,18,0,225
BRDA:237,18,1,14869
BRDA:237,19,0,15094
BRDA:237,19,1,14869
BRDA:237,19,2,14869
BRDA:242,20,0,11470
BRDA:242,20,1,21194
BRDA:242,21,0,32664
BRDA:242,21,1,32664
BRDA:256,22,0,0
BRDA:256,22,1,3177
BRDA:256,23,0,3177
BRDA:256,23,1,3177
BRDA:269,24,0,1269
BRDA:269,24,1,2010
BRDA:269,25,0,3279
BRDA:269,25,1,2010
BRDA:282,26,0,1092
BRDA:282,26,1,1
BRDA:282,27,0,1093
BRDA:282,27,1,1
BRDA:295,28,0,1188
BRDA:295,28,1,3133
BRDA:295,29,0,4321
BRDA:295,29,1,3133
BRDA:295,29,2,3133
BRDA:300,30,0,5075
BRDA:300,30,1,0
BRDA:371,31,0,1972
BRDA:371,31,1,3
BRDA:371,32,0,1975
BRDA:371,32,1,1975
BRDA:378,33,0,1975
BRDA:378,33,1,1975
BRF:74
BRH:62
end_of_record
TN:
SF:packages/language/src/config/path-resolver.ts
FN:25,resolveLibUri
FN:46,resolveLibFileUri
FNF:2
FNH:2
FNDA:2142,resolveLibUri
FNDA:94,resolveLibFileUri
DA:30,2142
DA:31,2142
DA:32,2142
DA:33,2
DA:35,2140
DA:36,15
DA:38,2125
DA:52,94
DA:53,94
LF:9
LH:9
BRDA:32,0,0,2
BRDA:32,0,1,2140
BRDA:35,1,0,15
BRDA:35,1,1,2125
BRDA:36,2,0,15
BRDA:36,2,1,9
BRDA:53,3,0,90
BRDA:53,3,1,4
BRF:8
BRH:8
end_of_record
TN:
SF:packages/language/src/config/schema.ts
FN:51,plainItem
FN:136,(anonymous_1)
FN:171,isLibsDir
FNF:3
FNH:3
FNDA:2814,plainItem
FNDA:24,(anonymous_1)
FNDA:182,isLibsDir
DA:52,2814
DA:136,24
DA:137,24
DA:138,24
DA:172,182
LF:5
LH:5
BRDA:136,0,0,24
BRDA:136,0,1,24
BRF:2
BRH:2
end_of_record
TN:
SF:packages/language/src/documentation/jsdoc.ts
FN:55,isJSDocParagraph
FN:103,parseJSDoc
FN:136,isJSDoc
FN:150,getLines
FN:172,tokenize
FN:259,buildInlineTokens
FN:352,skipWhitespace
FN:361,lastCharacter
FN:371,parseJSDocComment
FN:401,parseJSDocElement
FN:417,appendEmptyLine
FN:428,parseJSDocText
FN:444,parseJSDocInline
FN:453,parseJSDocTag
FN:481,parseJSDocLine
FN:510,normalizeOption
FN:531,constructor
FN:536,getTag
FN:537,(anonymous_18)
FN:540,getTags
FN:541,(anonymous_20)
FN:544,getAllTags
FN:545,(anonymous_22)
FN:548,toString
FN:561,toMarkdown
FN:574,escapeOutsidePattern
FN:578,(anonymous_26)
FN:596,(anonymous_27)
FN:600,(anonymous_28)
FN:602,escapeHtmlTags
FN:613,constructor
FN:625,toString
FN:641,toMarkdown
FN:645,toMarkdownDefault
FN:676,renderInlineTag
FN:701,renderLinkDefault
FN:714,constructor
FN:719,toString
FN:732,toMarkdown
FN:750,constructor
FN:755,toString
FN:758,toMarkdown
FN:763,fillNewlines
FNF:43
FNH:41
FNDA:462,isJSDocParagraph
FNDA:80,parseJSDoc
FNDA:62,isJSDoc
FNDA:142,getLines
FNDA:80,tokenize
FNDA:636,buildInlineTokens
FNDA:1025,skipWhitespace
FNDA:872,lastCharacter
FNDA:80,parseJSDocComment
FNDA:433,parseJSDocElement
FNDA:105,appendEmptyLine
FNDA:327,parseJSDocText
FNDA:638,parseJSDocInline
FNDA:158,parseJSDocTag
FNDA:638,parseJSDocLine
FNDA:15,normalizeOption
FNDA:80,constructor
FNDA:0,getTag
FNDA:0,(anonymous_18)
FNDA:54,getTags
FNDA:136,(anonymous_20)
FNDA:54,getAllTags
FNDA:228,(anonymous_22)
FNDA:5,toString
FNDA:18,toMarkdown
FNDA:160,escapeOutsidePattern
FNDA:38,(anonymous_26)
FNDA:20,(anonymous_27)
FNDA:67,(anonymous_28)
FNDA:67,escapeHtmlTags
FNDA:158,constructor
FNDA:2,toString
FNDA:17,toMarkdown
FNDA:16,toMarkdownDefault
FNDA:5,renderInlineTag
FNDA:4,renderLinkDefault
FNDA:334,constructor
FNDA:111,toString
FNDA:235,toMarkdown
FNDA:743,constructor
FNDA:367,toString
FNDA:664,toMarkdown
FNDA:16,fillNewlines
DA:21,5
DA:56,462
DA:107,80
DA:109,80
DA:110,18
DA:112,62
DA:117,80
DA:118,18
DA:121,80
DA:123,80
DA:129,80
DA:137,62
DA:138,62
DA:139,0
DA:142,62
DA:143,62
DA:144,62
DA:145,62
DA:147,62
DA:151,142
DA:152,142
DA:153,18
DA:155,124
DA:157,142
DA:158,142
DA:169,5
DA:170,5
DA:173,80
DA:174,80
DA:175,80
DA:176,80
DA:177,872
DA:178,872
DA:179,872
DA:180,872
DA:182,872
DA:183,80
DA:184,80
DA:185,80
DA:188,792
DA:189,792
DA:190,780
DA:193,872
DA:194,80
DA:195,80
DA:196,80
DA:200,872
DA:201,872
DA:203,872
DA:205,235
DA:206,171
DA:207,171
DA:214,637
DA:215,637
DA:216,637
DA:217,152
DA:218,152
DA:219,152
DA:220,152
DA:224,152
DA:229,152
DA:230,152
DA:233,637
DA:234,636
DA:235,636
DA:236,636
DA:247,872
DA:248,872
DA:252,80
DA:253,66
DA:256,14
DA:265,636
DA:267,636
DA:268,630
DA:269,630
DA:270,630
DA:276,6
DA:277,6
DA:278,6
DA:279,6
DA:280,6
DA:281,1
DA:290,6
DA:291,6
DA:292,6
DA:303,6
DA:304,6
DA:305,6
DA:306,6
DA:307,6
DA:319,0
DA:328,6
DA:330,6
DA:331,6
DA:332,1
DA:346,636
DA:349,5
DA:350,5
DA:353,1025
DA:354,1025
DA:355,789
DA:357,236
DA:362,872
DA:363,872
DA:364,872
DA:366,0
DA:372,80
DA:376,80
DA:377,0
DA:379,80
DA:380,80
DA:381,80
DA:382,433
DA:383,433
DA:384,328
DA:385,176
DA:386,121
DA:388,55
DA:391,152
DA:392,152
DA:396,80
DA:397,80
DA:398,80
DA:405,433
DA:406,433
DA:407,152
DA:408,281
DA:409,176
DA:411,105
DA:412,105
DA:413,105
DA:418,105
DA:419,105
DA:420,105
DA:421,50
DA:423,55
DA:429,327
DA:430,327
DA:431,327
DA:432,327
DA:433,327
DA:434,638
DA:435,638
DA:436,638
DA:438,327
DA:445,638
DA:446,638
DA:447,6
DA:449,632
DA:454,158
DA:455,158
DA:456,158
DA:457,158
DA:458,157
DA:459,6
DA:460,6
DA:467,151
DA:468,151
DA:476,1
DA:477,1
DA:482,638
DA:483,638
DA:504,5
DA:514,15
DA:516,15
DA:517,15
DA:518,10
DA:520,5
DA:523,0
DA:532,80
DA:533,80
DA:537,0
DA:541,136
DA:545,228
DA:549,5
DA:550,5
DA:551,6
DA:552,5
DA:554,1
DA:555,1
DA:558,5
DA:562,18
DA:563,18
DA:564,33
DA:565,18
DA:567,15
DA:568,15
DA:571,18
DA:578,160
DA:579,38
DA:580,38
DA:581,38
DA:582,38
DA:583,49
DA:584,49
DA:585,49
DA:586,49
DA:587,49
DA:589,38
DA:590,38
DA:594,80
DA:596,20
DA:598,80
DA:600,67
DA:603,67
DA:619,158
DA:620,158
DA:621,158
DA:622,158
DA:626,2
DA:627,2
DA:628,2
DA:629,1
DA:630,1
DA:631,1
DA:633,2
DA:635,0
DA:637,2
DA:642,17
DA:646,16
DA:647,16
DA:648,5
DA:649,5
DA:650,5
DA:653,11
DA:654,11
DA:655,11
DA:656,0
DA:657,0
DA:658,0
DA:659,0
DA:661,11
DA:662,11
DA:663,2
DA:664,9
DA:665,9
DA:667,11
DA:669,0
DA:671,11
DA:681,5
DA:682,5
DA:683,5
DA:684,5
DA:685,1
DA:686,1
DA:687,1
DA:689,5
DA:691,2
DA:694,5
DA:696,5
DA:698,0
DA:702,4
DA:703,4
DA:704,4
DA:706,1
DA:715,334
DA:716,334
DA:720,111
DA:721,111
DA:722,367
DA:723,367
DA:724,367
DA:725,367
DA:726,256
DA:729,111
DA:733,235
DA:734,235
DA:735,669
DA:736,669
DA:737,669
DA:738,669
DA:739,434
DA:742,235
DA:751,743
DA:752,743
DA:756,367
DA:759,664
DA:764,16
DA:765,8
DA:767,8
LF:280
LH:267
BRDA:109,0,0,18
BRDA:109,0,1,62
BRDA:117,1,0,18
BRDA:117,1,1,62
BRDA:138,2,0,0
BRDA:138,2,1,62
BRDA:147,3,0,62
BRDA:147,3,1,62
BRDA:152,4,0,18
BRDA:152,4,1,124
BRDA:182,5,0,80
BRDA:182,5,1,792
BRDA:182,6,0,872
BRDA:182,6,1,80
BRDA:184,7,0,80
BRDA:184,7,1,0
BRDA:189,8,0,780
BRDA:189,8,1,12
BRDA:193,9,0,80
BRDA:193,9,1,792
BRDA:195,10,0,80
BRDA:195,10,1,0
BRDA:203,11,0,235
BRDA:203,11,1,637
BRDA:205,12,0,171
BRDA:205,12,1,64
BRDA:216,13,0,152
BRDA:216,13,1,485
BRDA:233,14,0,636
BRDA:233,14,1,1
BRDA:252,15,0,66
BRDA:252,15,1,14
BRDA:252,16,0,80
BRDA:252,16,1,80
BRDA:267,17,0,630
BRDA:267,17,1,6
BRDA:280,18,0,1
BRDA:280,18,1,5
BRDA:304,19,0,6
BRDA:304,19,1,0
BRDA:331,20,0,1
BRDA:331,20,1,5
BRDA:354,21,0,789
BRDA:354,21,1,236
BRDA:363,22,0,872
BRDA:363,22,1,0
BRDA:363,23,0,872
BRDA:363,23,1,872
BRDA:376,24,0,0
BRDA:376,24,1,80
BRDA:383,25,0,328
BRDA:383,25,1,105
BRDA:384,26,0,176
BRDA:384,26,1,152
BRDA:385,27,0,121
BRDA:385,27,1,55
BRDA:396,28,0,80
BRDA:396,28,1,0
BRDA:397,29,0,80
BRDA:397,29,1,0
BRDA:406,30,0,152
BRDA:406,30,1,281
BRDA:408,31,0,176
BRDA:408,31,1,105
BRDA:408,32,0,281
BRDA:408,32,1,110
BRDA:418,33,0,105
BRDA:418,33,1,0
BRDA:420,34,0,50
BRDA:420,34,1,55
BRDA:433,35,0,327
BRDA:433,35,1,885
BRDA:433,35,2,781
BRDA:446,36,0,6
BRDA:446,36,1,632
BRDA:457,37,0,157
BRDA:457,37,1,1
BRDA:458,38,0,6
BRDA:458,38,1,151
BRDA:514,39,0,15
BRDA:514,39,1,0
BRDA:514,40,0,15
BRDA:514,40,1,10
BRDA:516,41,0,5
BRDA:516,41,1,10
BRDA:517,42,0,10
BRDA:517,42,1,5
BRDA:551,43,0,5
BRDA:551,43,1,1
BRDA:564,44,0,18
BRDA:564,44,1,15
BRDA:628,45,0,1
BRDA:628,45,1,1
BRDA:630,46,0,1
BRDA:630,46,1,0
BRDA:633,47,0,0
BRDA:633,47,1,2
BRDA:642,48,0,17
BRDA:642,48,1,16
BRDA:647,49,0,5
BRDA:647,49,1,11
BRDA:648,50,0,5
BRDA:648,50,1,3
BRDA:649,51,0,5
BRDA:649,51,1,0
BRDA:654,52,0,11
BRDA:654,52,1,0
BRDA:654,53,0,11
BRDA:654,53,1,11
BRDA:656,54,0,0
BRDA:656,54,1,0
BRDA:658,55,0,0
BRDA:658,55,1,0
BRDA:662,56,0,2
BRDA:662,56,1,9
BRDA:664,57,0,9
BRDA:664,57,1,0
BRDA:667,58,0,0
BRDA:667,58,1,11
BRDA:681,59,0,5
BRDA:681,59,1,0
BRDA:681,60,0,5
BRDA:681,60,1,5
BRDA:681,60,2,4
BRDA:684,61,0,1
BRDA:684,61,1,4
BRDA:689,62,0,2
BRDA:689,62,1,3
BRDA:689,63,0,5
BRDA:689,63,1,4
BRDA:689,63,2,4
BRDA:694,64,0,5
BRDA:694,64,1,4
BRDA:725,65,0,256
BRDA:725,65,1,111
BRDA:725,66,0,367
BRDA:725,66,1,256
BRDA:738,67,0,434
BRDA:738,67,1,235
BRDA:738,68,0,669
BRDA:738,68,1,434
BRDA:764,69,0,8
BRDA:764,69,1,8
BRF:143
BRH:122
end_of_record
TN:
SF:packages/language/src/language-server/commands.ts
FN:17,commandResolveInclude
FN:29,commandCreateConfig
FN:43,commandRemoveUnresolvedLib
FNF:3
FNH:2
FNDA:5,commandResolveInclude
FNDA:3,commandCreateConfig
FNDA:0,commandRemoveUnresolvedLib
DA:21,5
DA:22,5
DA:23,5
DA:25,2
DA:33,3
DA:34,0
DA:36,3
DA:37,3
DA:38,0
DA:40,3
DA:47,0
DA:48,0
DA:49,0
DA:51,0
DA:52,0
DA:54,0
LF:16
LH:8
BRDA:33,0,0,0
BRDA:33,0,1,3
BRDA:37,1,0,0
BRDA:37,1,1,3
BRDA:48,2,0,0
BRDA:48,2,1,0
BRDA:48,3,0,0
BRDA:48,3,1,0
BRF:8
BRH:2
end_of_record
TN:
SF:packages/language/src/language-server/connection-handler.ts
FN:62,startLanguageServer
FN:74,publishPluginConfigDiagnostics
FN:85,withReadMutex
FN:90,(anonymous_3)
FN:97,(anonymous_4)
FN:103,(anonymous_5)
FN:157,(anonymous_6)
FN:163,(anonymous_7)
FN:171,(anonymous_8)
FN:175,(anonymous_9)
FN:192,(anonymous_10)
FN:196,(anonymous_11)
FN:214,selectCompletionMode
FN:234,(anonymous_13)
FN:246,(anonymous_14)
FN:253,(anonymous_15)
FN:270,(anonymous_16)
FN:275,(anonymous_17)
FN:279,(anonymous_18)
FN:306,(anonymous_19)
FN:310,(anonymous_20)
FN:332,(anonymous_21)
FN:335,(anonymous_22)
FN:348,(anonymous_23)
FN:352,(anonymous_24)
FN:360,(anonymous_25)
FN:361,(anonymous_26)
FN:367,(anonymous_27)
FN:371,(anonymous_28)
FN:383,(anonymous_29)
FN:395,(anonymous_30)
FN:398,(anonymous_31)
FN:404,(anonymous_32)
FN:410,(anonymous_33)
FN:411,(anonymous_34)
FN:420,(anonymous_35)
FN:434,(anonymous_36)
FN:441,(anonymous_37)
FN:466,(anonymous_38)
FNF:39
FNH:0
FNDA:0,startLanguageServer
FNDA:0,publishPluginConfigDiagnostics
FNDA:0,withReadMutex
FNDA:0,(anonymous_3)
FNDA:0,(anonymous_4)
FNDA:0,(anonymous_5)
FNDA:0,(anonymous_6)
FNDA:0,(anonymous_7)
FNDA:0,(anonymous_8)
FNDA:0,(anonymous_9)
FNDA:0,(anonymous_10)
FNDA:0,(anonymous_11)
FNDA:0,selectCompletionMode
FNDA:0,(anonymous_13)
FNDA:0,(anonymous_14)
FNDA:0,(anonymous_15)
FNDA:0,(anonymous_16)
FNDA:0,(anonymous_17)
FNDA:0,(anonymous_18)
FNDA:0,(anonymous_19)
FNDA:0,(anonymous_20)
FNDA:0,(anonymous_21)
FNDA:0,(anonymous_22)
FNDA:0,(anonymous_23)
FNDA:0,(anonymous_24)
FNDA:0,(anonymous_25)
FNDA:0,(anonymous_26)
FNDA:0,(anonymous_27)
FNDA:0,(anonymous_28)
FNDA:0,(anonymous_29)
FNDA:0,(anonymous_30)
FNDA:0,(anonymous_31)
FNDA:0,(anonymous_32)
FNDA:0,(anonymous_33)
FNDA:0,(anonymous_34)
FNDA:0,(anonymous_35)
FNDA:0,(anonymous_36)
FNDA:0,(anonymous_37)
FNDA:0,(anonymous_38)
DA:66,0
DA:69,0
DA:70,0
DA:71,0
DA:72,0
DA:77,0
DA:78,0
DA:89,0
DA:90,0
DA:91,0
DA:93,0
DA:94,0
DA:95,0
DA:97,0
DA:98,0
DA:103,0
DA:105,0
DA:106,0
DA:157,0
DA:158,0
DA:159,0
DA:160,0
DA:164,0
DA:168,0
DA:169,0
DA:171,0
DA:172,0
DA:173,0
DA:176,0
DA:178,0
DA:179,0
DA:182,0
DA:183,0
DA:184,0
DA:185,0
DA:188,0
DA:192,0
DA:193,0
DA:194,0
DA:197,0
DA:198,0
DA:199,0
DA:201,0
DA:202,0
DA:207,0
DA:218,0
DA:219,0
DA:222,0
DA:226,0
DA:228,0
DA:229,0
DA:231,0
DA:234,0
DA:235,0
DA:236,0
DA:237,0
DA:241,0
DA:242,0
DA:243,0
DA:244,0
DA:247,0
DA:248,0
DA:249,0
DA:251,0
DA:252,0
DA:253,0
DA:256,0
DA:260,0
DA:261,0
DA:262,0
DA:264,0
DA:265,0
DA:270,0
DA:275,0
DA:276,0
DA:277,0
DA:280,0
DA:281,0
DA:282,0
DA:284,0
DA:285,0
DA:286,0
DA:287,0
DA:288,0
DA:289,0
DA:290,0
DA:291,0
DA:294,0
DA:302,0
DA:306,0
DA:307,0
DA:308,0
DA:311,0
DA:312,0
DA:313,0
DA:315,0
DA:316,0
DA:317,0
DA:318,0
DA:319,0
DA:320,0
DA:321,0
DA:322,0
DA:328,0
DA:332,0
DA:333,0
DA:336,0
DA:337,0
DA:338,0
DA:342,0
DA:348,0
DA:349,0
DA:350,0
DA:353,0
DA:354,0
DA:355,0
DA:357,0
DA:358,0
DA:359,0
DA:360,0
DA:362,0
DA:367,0
DA:368,0
DA:369,0
DA:372,0
DA:373,0
DA:374,0
DA:376,0
DA:377,0
DA:378,0
DA:379,0
DA:380,0
DA:381,0
DA:382,0
DA:384,0
DA:391,0
DA:395,0
DA:396,0
DA:399,0
DA:400,0
DA:401,0
DA:403,0
DA:404,0
DA:410,0
DA:411,0
DA:412,0
DA:418,0
DA:422,0
DA:423,0
DA:426,0
DA:429,0
DA:432,0
DA:435,0
DA:436,0
DA:437,0
DA:441,0
DA:442,0
DA:444,0
DA:447,0
DA:448,0
DA:452,0
DA:454,0
DA:455,0
DA:457,0
DA:462,0
DA:466,0
DA:467,0
DA:469,0
DA:470,0
DA:472,0
DA:473,0
DA:475,0
DA:476,0
DA:480,0
LF:174
LH:0
BRDA:94,0,0,0
BRDA:94,0,1,0
BRDA:105,1,0,0
BRDA:105,1,1,0
BRDA:178,2,0,0
BRDA:178,2,1,0
BRDA:178,3,0,0
BRDA:178,3,1,0
BRDA:184,4,0,0
BRDA:184,4,1,0
BRDA:198,5,0,0
BRDA:198,5,1,0
BRDA:198,6,0,0
BRDA:198,6,1,0
BRDA:219,7,0,0
BRDA:219,7,1,0
BRDA:222,8,0,0
BRDA:222,8,1,0
BRDA:223,9,0,0
BRDA:223,9,1,0
BRDA:223,9,2,0
BRDA:223,9,3,0
BRDA:228,10,0,0
BRDA:228,10,1,0
BRDA:241,11,0,0
BRDA:241,11,1,0
BRDA:243,12,0,0
BRDA:243,12,1,0
BRDA:248,13,0,0
BRDA:248,13,1,0
BRDA:248,14,0,0
BRDA:248,14,1,0
BRDA:261,15,0,0
BRDA:261,15,1,0
BRDA:281,16,0,0
BRDA:281,16,1,0
BRDA:281,17,0,0
BRDA:281,17,1,0
BRDA:289,18,0,0
BRDA:289,18,1,0
BRDA:291,19,0,0
BRDA:291,19,1,0
BRDA:312,20,0,0
BRDA:312,20,1,0
BRDA:312,21,0,0
BRDA:312,21,1,0
BRDA:320,22,0,0
BRDA:320,22,1,0
BRDA:337,23,0,0
BRDA:337,23,1,0
BRDA:337,24,0,0
BRDA:337,24,1,0
BRDA:354,25,0,0
BRDA:354,25,1,0
BRDA:354,26,0,0
BRDA:354,26,1,0
BRDA:373,27,0,0
BRDA:373,27,1,0
BRDA:373,28,0,0
BRDA:373,28,1,0
BRDA:381,29,0,0
BRDA:381,29,1,0
BRDA:400,30,0,0
BRDA:400,30,1,0
BRDA:400,31,0,0
BRDA:400,31,1,0
BRDA:444,32,0,0
BRDA:444,32,1,0
BRDA:447,33,0,0
BRDA:447,33,1,0
BRDA:452,34,0,0
BRDA:452,34,1,0
BRDA:455,35,0,0
BRDA:455,35,1,0
BRDA:455,36,0,0
BRDA:455,36,1,0
BRDA:462,37,0,0
BRDA:462,37,1,0
BRDA:467,38,0,0
BRDA:467,38,1,0
BRDA:467,38,2,0
BRF:81
BRH:0
end_of_record
TN:
SF:packages/language/src/language-server/constants.ts
FN:12,(anonymous_0)
FN:39,(anonymous_1)
FNF:2
FNH:2
FNDA:24,(anonymous_0)
FNDA:24,(anonymous_1)
DA:12,24
DA:13,24
DA:14,24
DA:15,24
DA:23,24
DA:39,24
DA:40,24
DA:41,24
DA:42,24
LF:9
LH:9
BRDA:12,0,0,24
BRDA:12,0,1,24
BRDA:39,1,0,24
BRDA:39,1,1,24
BRF:4
BRH:4
end_of_record
TN:
SF:packages/language/src/language-server/definition-request.ts
FN:25,definitionRequest
FNF:1
FNH:1
FNDA:185,definitionRequest
DA:30,185
DA:31,185
DA:32,185
DA:33,0
DA:35,185
DA:36,0
DA:43,185
DA:44,180
DA:45,180
DA:46,7
DA:49,173
DA:50,2
DA:52,171
DA:53,173
DA:54,173
DA:55,0
DA:57,173
DA:66,5
DA:72,5
DA:73,5
DA:77,4
DA:80,5
DA:81,5
DA:82,5
DA:92,176
LF:25
LH:22
BRDA:32,0,0,0
BRDA:32,0,1,185
BRDA:35,1,0,0
BRDA:35,1,1,185
BRDA:35,2,0,185
BRDA:35,2,1,0
BRDA:43,3,0,180
BRDA:43,3,1,5
BRDA:43,4,0,185
BRDA:43,4,1,180
BRDA:45,5,0,7
BRDA:45,5,1,173
BRDA:45,6,0,180
BRDA:45,6,1,180
BRDA:49,7,0,2
BRDA:49,7,1,171
BRDA:54,8,0,0
BRDA:54,8,1,173
BRDA:66,9,0,5
BRDA:66,9,1,0
BRDA:66,10,0,5
BRDA:66,10,1,5
BRDA:66,10,2,4
BRDA:66,10,3,1
BRDA:73,11,0,4
BRDA:73,11,1,1
BRDA:74,12,0,5
BRDA:74,12,1,4
BRDA:81,13,0,5
BRDA:81,13,1,0
BRF:30
BRH:24
end_of_record
TN:
SF:packages/language/src/language-server/document-symbol-builder.ts
FN:42,canHandle
FN:49,buildSymbols
FN:63,(anonymous_2)
FN:92,canHandle
FN:106,buildSymbols
FN:117,(anonymous_5)
FN:133,retrieveLevelSymbols
FN:144,(anonymous_7)
FN:153,(anonymous_8)
FN:206,constructor
FN:211,addSymbol
FN:241,getRootSymbols
FN:247,canHandle
FN:263,buildSymbols
FN:296,createDocumentSymbol
FN:312,getTokenRange
FNF:16
FNH:16
FNDA:251,canHandle
FNDA:7,buildSymbols
FNDA:7,(anonymous_2)
FNDA:244,canHandle
FNDA:13,buildSymbols
FNDA:23,(anonymous_5)
FNDA:25,retrieveLevelSymbols
FNDA:31,(anonymous_7)
FNDA:26,(anonymous_8)
FNDA:13,constructor
FNDA:24,addSymbol
FNDA:13,getRootSymbols
FNDA:231,canHandle
FNDA:2,buildSymbols
FNDA:33,createDocumentSymbol
FNDA:7,getTokenRange
DA:43,251
DA:54,7
DA:56,7
DA:60,0
DA:62,7
DA:63,7
DA:65,7
DA:67,7
DA:68,0
DA:70,7
DA:71,7
DA:73,7
DA:74,7
DA:75,7
DA:76,7
DA:80,7
DA:87,7
DA:93,244
DA:97,231
DA:103,13
DA:111,13
DA:112,13
DA:113,13
DA:115,13
DA:116,13
DA:117,23
DA:119,23
DA:124,13
DA:125,24
DA:128,13
DA:130,13
DA:139,25
DA:141,25
DA:142,25
DA:145,31
DA:149,4
DA:152,25
DA:153,26
DA:155,26
DA:158,2
DA:166,24
DA:171,24
DA:173,24
DA:174,0
DA:177,24
DA:182,0
DA:185,24
DA:198,25
DA:207,13
DA:208,13
DA:212,24
DA:213,11
DA:214,11
DA:217,13
DA:218,13
DA:219,16
DA:222,13
DA:223,11
DA:224,11
DA:225,11
DA:226,11
DA:229,2
DA:232,13
DA:234,13
DA:235,33
DA:236,3
DA:242,13
DA:248,231
DA:252,222
DA:255,9
DA:256,9
DA:257,0
DA:260,9
DA:268,2
DA:269,2
DA:270,0
DA:273,2
DA:274,2
DA:275,2
DA:277,2
DA:278,0
DA:281,2
DA:292,2
DA:303,33
DA:313,7
DA:314,0
DA:316,7
DA:317,7
DA:318,7
DA:319,7
DA:320,7
DA:322,7
DA:326,2
LF:93
LH:85
BRDA:44,0,0,251
BRDA:44,0,1,7
BRDA:56,1,0,0
BRDA:56,1,1,7
BRDA:57,2,0,7
BRDA:57,2,1,7
BRDA:67,3,0,0
BRDA:67,3,1,7
BRDA:67,4,0,7
BRDA:67,4,1,7
BRDA:73,5,0,7
BRDA:73,5,1,0
BRDA:74,6,0,7
BRDA:74,6,1,0
BRDA:75,7,0,7
BRDA:75,7,1,0
BRDA:75,8,0,7
BRDA:75,8,1,7
BRDA:75,8,2,7
BRDA:93,9,0,231
BRDA:93,9,1,13
BRDA:94,10,0,244
BRDA:94,10,1,13
BRDA:142,11,0,4
BRDA:142,11,1,21
BRDA:145,12,0,31
BRDA:145,12,1,31
BRDA:155,13,0,2
BRDA:155,13,1,24
BRDA:162,14,0,2
BRDA:162,14,1,0
BRDA:166,15,0,24
BRDA:166,15,1,0
BRDA:167,16,0,24
BRDA:167,16,1,24
BRDA:167,16,2,24
BRDA:173,17,0,0
BRDA:173,17,1,24
BRDA:173,18,0,24
BRDA:173,18,1,24
BRDA:177,19,0,0
BRDA:177,19,1,24
BRDA:178,20,0,24
BRDA:178,20,1,24
BRDA:178,20,2,24
BRDA:186,21,0,24
BRDA:186,21,1,13
BRDA:212,22,0,11
BRDA:212,22,1,13
BRDA:218,23,0,13
BRDA:218,23,1,18
BRDA:222,24,0,11
BRDA:222,24,1,2
BRDA:224,25,0,11
BRDA:224,25,1,0
BRDA:225,26,0,11
BRDA:225,26,1,6
BRDA:235,27,0,3
BRDA:235,27,1,30
BRDA:248,28,0,222
BRDA:248,28,1,9
BRDA:249,29,0,231
BRDA:249,29,1,9
BRDA:256,30,0,0
BRDA:256,30,1,9
BRDA:256,31,0,9
BRDA:256,31,1,9
BRDA:269,32,0,0
BRDA:269,32,1,2
BRDA:277,33,0,0
BRDA:277,33,1,2
BRDA:277,34,0,2
BRDA:277,34,1,2
BRDA:308,35,0,0
BRDA:308,35,1,33
BRDA:313,36,0,0
BRDA:313,36,1,7
BRDA:318,37,0,7
BRDA:318,37,1,0
BRF:79
BRH:63
end_of_record
TN:
SF:packages/language/src/language-server/document-symbol-request.ts
FN:21,documentSymbolRequest
FN:36,(anonymous_1)
FN:37,(anonymous_2)
FN:48,(anonymous_3)
FN:59,(anonymous_4)
FN:77,(anonymous_5)
FN:85,includes
FNF:7
FNH:7
FNDA:7,documentSymbolRequest
FNDA:251,(anonymous_1)
FNDA:251,(anonymous_2)
FNDA:726,(anonymous_3)
FNDA:15,(anonymous_4)
FNDA:22,(anonymous_5)
FNDA:15,includes
DA:27,7
DA:28,7
DA:29,7
DA:30,7
DA:32,0
DA:35,7
DA:36,251
DA:38,251
DA:39,251
DA:40,165
DA:42,251
DA:43,251
DA:46,7
DA:47,7
DA:48,726
DA:49,251
DA:51,22
DA:58,22
DA:59,22
DA:60,15
DA:63,22
DA:64,15
DA:65,15
DA:67,7
DA:69,7
DA:70,7
DA:76,22
DA:77,22
DA:79,22
DA:82,7
DA:86,15
LF:31
LH:30
BRDA:30,0,0,0
BRDA:30,0,1,7
BRDA:36,1,0,251
BRDA:36,1,1,251
BRDA:39,2,0,165
BRDA:39,2,1,86
BRDA:49,3,0,229
BRDA:49,3,1,22
BRDA:63,4,0,15
BRDA:63,4,1,7
BRDA:69,5,0,7
BRDA:69,5,1,0
BRDA:87,6,0,15
BRDA:87,6,1,15
BRF:14
BRH:12
end_of_record
TN:
SF:packages/language/src/language-server/hover-request.ts
FN:65,extractProcedureParams
FN:90,extractProcedureOptions
FN:148,getLabelPrefixRepresentation
FN:176,decodeDimensions
FN:182,(anonymous_4)
FN:192,decodeBound
FN:219,getIncludeItemRepresentation
FN:254,generateIncludeItemMarkup
FN:269,getNodeRepresentation
FN:301,computeIncludeType
FN:318,(anonymous_10)
FN:367,(anonymous_11)
FN:374,(anonymous_12)
FN:388,(anonymous_13)
FN:399,generateMarkup
FN:403,(anonymous_15)
FN:413,(anonymous_16)
FN:416,hoverRequest
FN:452,getJSDocCommentBeforeLabelPrefix
FNF:19
FNH:19
FNDA:6,extractProcedureParams
FNDA:6,extractProcedureOptions
FNDA:6,getLabelPrefixRepresentation
FNDA:5,decodeDimensions
FNDA:10,(anonymous_4)
FNDA:10,decodeBound
FNDA:3,getIncludeItemRepresentation
FNDA:6,generateIncludeItemMarkup
FNDA:18,getNodeRepresentation
FNDA:2,computeIncludeType
FNDA:44,(anonymous_10)
FNDA:44,(anonymous_11)
FNDA:44,(anonymous_12)
FNDA:44,(anonymous_13)
FNDA:44,generateMarkup
FNDA:176,(anonymous_15)
FNDA:176,(anonymous_16)
FNDA:44,hoverRequest
FNDA:63,getJSDocCommentBeforeLabelPrefix
DA:68,6
DA:69,0
DA:71,6
DA:72,6
DA:73,11
DA:74,11
DA:76,0
DA:78,11
DA:80,6
DA:93,6
DA:94,0
DA:96,6
DA:97,6
DA:98,14
DA:100,4
DA:101,4
DA:102,6
DA:103,6
DA:106,4
DA:107,4
DA:109,10
DA:113,2
DA:114,8
DA:115,2
DA:116,6
DA:118,6
DA:119,6
DA:120,6
DA:121,11
DA:125,11
DA:127,5
DA:133,6
DA:137,6
DA:141,6
DA:150,6
DA:152,6
DA:153,0
DA:157,6
DA:158,6
DA:159,0
DA:163,6
DA:164,6
DA:165,0
DA:168,6
DA:177,5
DA:178,5
DA:179,5
DA:180,5
DA:181,5
DA:182,10
DA:184,5
DA:193,10
DA:194,5
DA:196,5
DA:197,5
DA:198,0
DA:199,5
DA:203,5
DA:206,0
DA:224,3
DA:225,0
DA:227,3
DA:228,3
DA:229,3
DA:230,0
DA:232,3
DA:233,3
DA:234,0
DA:237,3
DA:239,0
DA:241,3
DA:259,6
DA:260,6
DA:262,0
DA:273,18
DA:275,8
DA:282,6
DA:285,2
DA:286,2
DA:288,1
DA:290,1
DA:291,1
DA:292,1
DA:293,1
DA:295,0
DA:297,0
DA:302,2
DA:303,2
DA:304,2
DA:305,1
DA:311,2
DA:318,4
DA:319,44
DA:320,12
DA:323,32
DA:324,32
DA:325,0
DA:328,32
DA:333,30
DA:334,30
DA:335,0
DA:337,30
DA:338,30
DA:339,13
DA:341,4
DA:343,9
DA:347,9
DA:348,8
DA:349,8
DA:352,26
DA:353,26
DA:360,2
DA:367,4
DA:368,44
DA:369,3
DA:371,41
DA:374,4
DA:375,44
DA:379,1
DA:381,43
DA:388,4
DA:389,44
DA:390,8
DA:392,36
DA:403,44
DA:404,176
DA:405,176
DA:407,0
DA:411,44
DA:413,176
DA:421,44
DA:422,44
DA:423,0
DA:425,44
DA:426,44
DA:427,0
DA:430,44
DA:436,44
DA:440,44
DA:441,44
DA:443,44
DA:456,63
DA:457,0
DA:459,63
DA:460,63
DA:463,0
DA:465,63
DA:466,63
DA:467,63
DA:468,0
DA:470,63
DA:474,63
DA:478,63
DA:479,63
DA:480,63
DA:486,19
DA:488,63
DA:499,3
DA:501,63
DA:508,40
DA:509,40
DA:510,1
DA:513,62
DA:514,62
DA:517,0
LF:165
LH:141
BRDA:68,0,0,0
BRDA:68,0,1,6
BRDA:74,1,0,0
BRDA:74,1,1,11
BRDA:80,2,0,5
BRDA:80,2,1,1
BRDA:93,3,0,0
BRDA:93,3,1,6
BRDA:98,4,0,4
BRDA:98,4,1,10
BRDA:102,5,0,6
BRDA:102,5,1,0
BRDA:102,6,0,6
BRDA:102,6,1,6
BRDA:106,7,0,4
BRDA:106,7,1,0
BRDA:109,8,0,2
BRDA:109,8,1,8
BRDA:110,9,0,10
BRDA:110,9,1,2
BRDA:114,10,0,2
BRDA:114,10,1,6
BRDA:116,11,0,6
BRDA:116,11,1,0
BRDA:121,12,0,11
BRDA:121,12,1,0
BRDA:122,13,0,11
BRDA:122,13,1,11
BRDA:125,14,0,5
BRDA:125,14,1,6
BRDA:141,15,0,6
BRDA:141,15,1,0
BRDA:152,16,0,0
BRDA:152,16,1,6
BRDA:158,17,0,0
BRDA:158,17,1,6
BRDA:164,18,0,0
BRDA:164,18,1,6
BRDA:169,19,0,6
BRDA:169,19,1,0
BRDA:193,20,0,5
BRDA:193,20,1,5
BRDA:193,21,0,10
BRDA:193,21,1,5
BRDA:197,22,0,0
BRDA:197,22,1,5
BRDA:199,23,0,5
BRDA:199,23,1,0
BRDA:200,24,0,5
BRDA:200,24,1,0
BRDA:224,25,0,0
BRDA:224,25,1,3
BRDA:224,26,0,3
BRDA:224,26,1,3
BRDA:229,27,0,0
BRDA:229,27,1,3
BRDA:233,28,0,0
BRDA:233,28,1,3
BRDA:237,29,0,0
BRDA:237,29,1,3
BRDA:259,30,0,6
BRDA:259,30,1,0
BRDA:259,31,0,6
BRDA:259,31,1,6
BRDA:273,32,0,8
BRDA:273,32,1,6
BRDA:273,32,2,2
BRDA:273,32,3,2
BRDA:273,32,4,1
BRDA:273,32,5,1
BRDA:273,32,6,0
BRDA:275,33,0,8
BRDA:275,33,1,0
BRDA:275,34,0,8
BRDA:275,34,1,0
BRDA:292,35,0,1
BRDA:292,35,1,0
BRDA:292,36,0,1
BRDA:292,36,1,1
BRDA:304,37,0,1
BRDA:304,37,1,1
BRDA:304,38,0,2
BRDA:304,38,1,1
BRDA:319,39,0,12
BRDA:319,39,1,32
BRDA:319,40,0,44
BRDA:319,40,1,32
BRDA:324,41,0,0
BRDA:324,41,1,32
BRDA:328,42,0,30
BRDA:328,42,1,2
BRDA:329,43,0,32
BRDA:329,43,1,32
BRDA:329,43,2,2
BRDA:334,44,0,0
BRDA:334,44,1,30
BRDA:338,45,0,13
BRDA:338,45,1,17
BRDA:339,46,0,4
BRDA:339,46,1,9
BRDA:347,47,0,8
BRDA:347,47,1,1
BRDA:349,48,0,8
BRDA:349,48,1,0
BRDA:353,49,0,26
BRDA:353,49,1,10
BRDA:368,50,0,3
BRDA:368,50,1,41
BRDA:368,51,0,44
BRDA:368,51,1,44
BRDA:375,52,0,1
BRDA:375,52,1,43
BRDA:376,53,0,44
BRDA:376,53,1,44
BRDA:389,54,0,8
BRDA:389,54,1,36
BRDA:389,55,0,44
BRDA:389,55,1,44
BRDA:422,56,0,0
BRDA:422,56,1,44
BRDA:426,57,0,0
BRDA:426,57,1,44
BRDA:456,58,0,0
BRDA:456,58,1,63
BRDA:460,59,0,0
BRDA:460,59,1,63
BRDA:460,60,0,63
BRDA:460,60,1,63
BRDA:467,61,0,0
BRDA:467,61,1,63
BRDA:467,62,0,63
BRDA:467,62,1,63
BRDA:478,63,0,63
BRDA:478,63,1,0
BRDA:482,64,0,63
BRDA:482,64,1,61
BRDA:482,64,2,61
BRDA:489,65,0,63
BRDA:489,65,1,43
BRDA:489,65,2,3
BRDA:501,66,0,40
BRDA:501,66,1,23
BRDA:509,67,0,1
BRDA:509,67,1,39
BRDA:513,68,0,62
BRDA:513,68,1,0
BRF:146
BRH:112
end_of_record
TN:
SF:packages/language/src/language-server/margin-indicator.ts
FN:27,marginIndicator
FNF:1
FNH:1
FNDA:8,marginIndicator
DA:23,15
DA:31,8
DA:34,8
DA:35,1
DA:38,7
DA:39,7
DA:45,8
DA:46,8
DA:47,6
DA:48,6
LF:10
LH:10
BRDA:34,0,0,1
BRDA:34,0,1,7
BRDA:41,1,0,6
BRDA:41,1,1,1
BRDA:42,2,0,6
BRDA:42,2,1,1
BRDA:46,3,0,6
BRDA:46,3,1,2
BRDA:46,4,0,8
BRDA:46,4,1,1
BRF:10
BRH:10
end_of_record
TN:
SF:packages/language/src/language-server/references-request.ts
FN:17,referencesRequest
FNF:1
FNH:1
FNDA:7,referencesRequest
DA:22,7
LF:1
LH:1
BRF:0
BRH:0
end_of_record
TN:
SF:packages/language/src/language-server/rename-request.ts
FN:19,renameRequest
FN:27,(anonymous_1)
FNF:2
FNH:0
FNDA:0,renameRequest
FNDA:0,(anonymous_1)
DA:24,0
DA:25,0
DA:27,0
DA:30,0
LF:4
LH:0
BRF:0
BRH:0
end_of_record
TN:
SF:packages/language/src/language-server/semantic-token-decoder.ts
FN:15,(anonymous_0)
FN:24,decode
FNF:2
FNH:2
FNDA:4,(anonymous_0)
FNDA:88,decode
DA:15,4
DA:24,4
DA:28,88
DA:30,88
DA:31,88
DA:33,88
DA:34,1369
DA:35,1369
DA:36,377
DA:38,1369
DA:39,1369
DA:41,1369
DA:42,1369
DA:43,1369
DA:44,43808
DA:45,173
DA:48,1369
DA:58,1369
DA:60,88
LF:19
LH:19
BRDA:35,0,0,377
BRDA:35,0,1,992
BRDA:44,1,0,173
BRDA:44,1,1,43635
BRDA:15,2,0,4
BRDA:15,2,1,4
BRF:6
BRH:6
end_of_record
TN:
SF:packages/language/src/language-server/semantic-tokens.ts
FN:34,(anonymous_0)
FN:49,(anonymous_1)
FN:54,(anonymous_2)
FN:57,(anonymous_3)
FN:62,semanticTokens
FN:89,(anonymous_5)
FN:141,handleCommentTokens
FN:176,tokenModifier
FN:188,tokenType
FN:251,getReferenceTarget
FN:279,isProcedureKind
FN:295,isProcedureType
FN:305,isProcedurePrefix
FN:316,isVariableType
FN:334,isEnumToken
FN:338,isEnumMemberToken
FN:342,isTypeToken
FN:346,isClassToken
FN:357,isFirstStructureItem
FNF:19
FNH:19
FNDA:24,(anonymous_0)
FNDA:24,(anonymous_1)
FNDA:576,(anonymous_2)
FNDA:48,(anonymous_3)
FNDA:88,semanticTokens
FNDA:118,(anonymous_5)
FNDA:16,handleCommentTokens
FNDA:1225,tokenModifier
FNDA:2215,tokenType
FNDA:2215,getReferenceTarget
FNDA:280,isProcedureKind
FNDA:2024,isProcedureType
FNDA:280,isProcedurePrefix
FNDA:1877,isVariableType
FNDA:1807,isEnumToken
FNDA:1802,isEnumMemberToken
FNDA:1789,isTypeToken
FNDA:1881,isClassToken
FNDA:100,isFirstStructureItem
DA:34,24
DA:35,24
DA:36,24
DA:37,24
DA:38,24
DA:39,24
DA:40,24
DA:41,24
DA:42,24
DA:43,24
DA:44,24
DA:45,24
DA:46,24
DA:49,24
DA:50,24
DA:53,24
DA:55,576
DA:58,48
DA:67,88
DA:68,88
DA:69,88
DA:70,0
DA:72,88
DA:73,88
DA:74,88
DA:76,2239
DA:80,11
DA:81,11
DA:84,2239
DA:88,24
DA:89,24
DA:90,118
DA:100,24
DA:101,24
DA:102,24
DA:106,24
DA:107,24
DA:111,94
DA:112,94
DA:113,94
DA:115,24
DA:118,2215
DA:119,2215
DA:120,1225
DA:121,1225
DA:131,88
DA:132,5
DA:133,5
DA:135,88
DA:146,16
DA:148,5
DA:155,5
DA:157,11
DA:158,27
DA:160,27
DA:161,11
DA:163,16
DA:164,16
DA:168,16
DA:170,27
DA:171,21
DA:177,1225
DA:178,1225
DA:179,1225
DA:180,5
DA:182,1220
DA:183,55
DA:185,1220
DA:189,2215
DA:190,2215
DA:191,193
DA:193,147
DA:194,147
DA:196,0
DA:199,2
DA:201,5
DA:203,2
DA:205,35
DA:206,4
DA:208,31
DA:212,2024
DA:213,143
DA:214,1881
DA:215,4
DA:216,1877
DA:217,70
DA:218,1807
DA:219,5
DA:220,1802
DA:221,13
DA:222,1789
DA:223,2
DA:224,1787
DA:225,3
DA:226,1784
DA:227,1
DA:228,1783
DA:229,2
DA:232,1781
DA:233,20
DA:234,1761
DA:235,70
DA:239,1691
DA:240,157
DA:241,1534
DA:242,544
DA:245,990
DA:252,2215
DA:254,59
DA:255,59
DA:257,0
DA:259,132
DA:260,132
DA:262,0
DA:265,7
DA:266,7
DA:268,0
DA:271,2
DA:272,2
DA:274,0
DA:276,2015
DA:280,280
DA:281,0
DA:284,280
DA:285,260
DA:288,20
DA:289,20
DA:292,0
DA:296,2024
DA:298,10
DA:300,133
DA:302,1881
DA:306,280
DA:311,280
DA:313,0
DA:317,1877
DA:329,70
DA:331,1807
DA:335,1807
DA:339,1802
DA:343,1789
DA:347,1881
DA:348,1881
DA:352,65
DA:354,1816
DA:358,100
DA:362,100
DA:363,88
DA:365,12
LF:149
LH:140
BRDA:34,0,0,24
BRDA:34,0,1,24
BRDA:49,1,0,24
BRDA:49,1,1,24
BRDA:69,2,0,0
BRDA:69,2,1,88
BRDA:69,3,0,88
BRDA:69,3,1,88
BRDA:77,4,0,2239
BRDA:77,4,1,130
BRDA:84,5,0,24
BRDA:84,5,1,2215
BRDA:85,6,0,2239
BRDA:85,6,1,24
BRDA:101,7,0,24
BRDA:101,7,1,0
BRDA:119,8,0,1225
BRDA:119,8,1,990
BRDA:146,9,0,5
BRDA:146,9,1,11
BRDA:158,10,0,11
BRDA:158,10,1,16
BRDA:160,11,0,11
BRDA:160,11,1,16
BRDA:170,12,0,21
BRDA:170,12,1,6
BRDA:179,13,0,5
BRDA:179,13,1,1220
BRDA:182,14,0,55
BRDA:182,14,1,1165
BRDA:190,15,0,193
BRDA:190,15,1,2022
BRDA:191,16,0,147
BRDA:191,16,1,2
BRDA:191,16,2,5
BRDA:191,16,3,2
BRDA:191,16,4,35
BRDA:193,17,0,147
BRDA:193,17,1,0
BRDA:205,18,0,4
BRDA:205,18,1,31
BRDA:212,19,0,143
BRDA:212,19,1,1881
BRDA:214,20,0,4
BRDA:214,20,1,1877
BRDA:216,21,0,70
BRDA:216,21,1,1807
BRDA:218,22,0,5
BRDA:218,22,1,1802
BRDA:220,23,0,13
BRDA:220,23,1,1789
BRDA:222,24,0,2
BRDA:222,24,1,1787
BRDA:224,25,0,3
BRDA:224,25,1,1784
BRDA:226,26,0,1
BRDA:226,26,1,1783
BRDA:228,27,0,2
BRDA:228,27,1,1781
BRDA:232,28,0,20
BRDA:232,28,1,1761
BRDA:234,29,0,70
BRDA:234,29,1,1691
BRDA:239,30,0,157
BRDA:239,30,1,1534
BRDA:241,31,0,544
BRDA:241,31,1,990
BRDA:252,32,0,59
BRDA:252,32,1,132
BRDA:252,32,2,7
BRDA:252,32,3,7
BRDA:252,32,4,2
BRDA:252,32,5,2
BRDA:254,33,0,59
BRDA:254,33,1,0
BRDA:255,34,0,59
BRDA:255,34,1,5
BRDA:259,35,0,132
BRDA:259,35,1,0
BRDA:260,36,0,132
BRDA:260,36,1,2
BRDA:265,37,0,7
BRDA:265,37,1,0
BRDA:266,38,0,7
BRDA:266,38,1,0
BRDA:271,39,0,2
BRDA:271,39,1,0
BRDA:272,40,0,2
BRDA:272,40,1,0
BRDA:280,41,0,0
BRDA:280,41,1,280
BRDA:284,42,0,260
BRDA:284,42,1,20
BRDA:288,43,0,20
BRDA:288,43,1,0
BRDA:296,44,0,10
BRDA:296,44,1,133
BRDA:306,45,0,280
BRDA:306,45,1,0
BRDA:307,46,0,280
BRDA:307,46,1,280
BRDA:307,46,2,280
BRDA:317,47,0,61
BRDA:317,47,1,68
BRDA:317,47,2,68
BRDA:317,47,3,68
BRDA:317,47,4,68
BRDA:317,47,5,68
BRDA:317,47,6,68
BRDA:317,47,7,70
BRDA:317,47,8,70
BRDA:317,47,9,70
BRDA:317,47,10,70
BRDA:348,48,0,65
BRDA:348,48,1,1816
BRDA:349,49,0,1881
BRDA:349,49,1,65
BRDA:362,50,0,88
BRDA:362,50,1,12
BRF:119
BRH:107
end_of_record
TN:
SF:packages/language/src/language-server/signature-help-request.ts
FN:53,signatureHelpRequest
FN:73,(anonymous_1)
FN:91,(anonymous_2)
FN:94,(anonymous_3)
FN:120,tryGetCallInfo
FN:144,getCallInfoFromMemberCall
FN:160,getCallInfoFromReferenceItem
FN:220,getArgumentIndexByOffset
FNF:8
FNH:8
FNDA:62,signatureHelpRequest
FNDA:195,(anonymous_1)
FNDA:92,(anonymous_2)
FNDA:129,(anonymous_3)
FNDA:62,tryGetCallInfo
FNDA:59,getCallInfoFromMemberCall
FNDA:67,getCallInfoFromReferenceItem
FNDA:61,getArgumentIndexByOffset
DA:58,62
DA:59,62
DA:60,8
DA:62,54
DA:63,54
DA:64,54
DA:65,54
DA:66,54
DA:67,105
DA:68,105
DA:69,105
DA:70,105
DA:71,105
DA:72,105
DA:73,195
DA:75,105
DA:82,54
DA:83,54
DA:84,62
DA:91,92
DA:95,129
DA:96,129
DA:97,129
DA:98,129
DA:99,129
DA:125,62
DA:126,62
DA:127,0
DA:129,62
DA:130,62
DA:131,0
DA:133,62
DA:134,62
DA:135,0
DA:137,62
DA:138,62
DA:139,3
DA:141,59
DA:149,59
DA:150,59
DA:151,67
DA:152,67
DA:153,54
DA:155,13
DA:157,5
DA:165,67
DA:170,6
DA:172,61
DA:173,61
DA:174,0
DA:176,61
DA:177,61
DA:178,61
DA:179,145
DA:180,145
DA:188,61
DA:189,61
DA:190,61
DA:191,61
DA:192,61
DA:196,174
DA:197,174
DA:202,174
DA:206,124
DA:210,61
DA:211,61
DA:224,61
DA:225,0
DA:227,61
DA:228,1
DA:230,60
DA:231,120
DA:232,120
DA:238,52
DA:241,68
DA:246,1
DA:249,7
LF:77
LH:72
BRDA:59,0,0,8
BRDA:59,0,1,54
BRDA:59,1,0,62
BRDA:59,1,1,54
BRDA:64,2,0,54
BRDA:64,2,1,0
BRDA:68,3,0,105
BRDA:68,3,1,0
BRDA:83,4,0,54
BRDA:83,4,1,0
BRDA:87,5,0,62
BRDA:87,5,1,0
BRDA:96,6,0,129
BRDA:96,6,1,0
BRDA:97,7,0,129
BRDA:97,7,1,0
BRDA:98,8,0,129
BRDA:98,8,1,0
BRDA:102,9,0,105
BRDA:102,9,1,24
BRDA:102,10,0,129
BRDA:102,10,1,129
BRDA:114,11,0,53
BRDA:114,11,1,1
BRDA:126,12,0,0
BRDA:126,12,1,62
BRDA:130,13,0,0
BRDA:130,13,1,62
BRDA:134,14,0,0
BRDA:134,14,1,62
BRDA:138,15,0,3
BRDA:138,15,1,59
BRDA:150,16,0,59
BRDA:150,16,1,67
BRDA:152,17,0,54
BRDA:152,17,1,13
BRDA:152,18,0,67
BRDA:152,18,1,61
BRDA:165,19,0,6
BRDA:165,19,1,61
BRDA:166,20,0,67
BRDA:166,20,1,67
BRDA:166,20,2,67
BRDA:173,21,0,0
BRDA:173,21,1,61
BRDA:177,22,0,61
BRDA:177,22,1,0
BRDA:181,23,0,145
BRDA:181,23,1,0
BRDA:183,24,0,145
BRDA:183,24,1,0
BRDA:190,25,0,61
BRDA:190,25,1,0
BRDA:202,26,0,124
BRDA:202,26,1,50
BRDA:203,27,0,174
BRDA:203,27,1,174
BRDA:224,28,0,0
BRDA:224,28,1,61
BRDA:227,29,0,1
BRDA:227,29,1,60
BRDA:232,30,0,52
BRDA:232,30,1,68
BRDA:233,31,0,120
BRDA:233,31,1,120
BRDA:233,31,2,119
BRDA:233,31,3,100
BRDA:241,32,0,1
BRDA:241,32,1,67
BRDA:242,33,0,68
BRDA:242,33,1,1
BRDA:242,33,2,1
BRF:72
BRH:56
end_of_record
TN:
SF:packages/language/src/language-server/skipped-code.ts
FN:32,skippedCode
FN:54,(anonymous_1)
FN:68,skippedCodeRanges
FNF:3
FNH:2
FNDA:8,skippedCode
FNDA:0,(anonymous_1)
FNDA:22,skippedCodeRanges
DA:26,15
DA:36,8
DA:39,8
DA:40,1
DA:43,7
DA:46,7
DA:49,8
DA:51,8
DA:54,0
DA:56,7
DA:57,7
DA:72,22
DA:73,22
DA:74,0
DA:76,22
DA:78,22
DA:79,1017
DA:83,7
DA:85,7
DA:88,7
DA:89,0
DA:91,7
DA:92,7
DA:93,7
DA:94,7
DA:95,2
DA:99,5
DA:100,1
DA:105,1010
DA:109,7
DA:111,7
DA:114,7
DA:115,0
DA:117,7
DA:118,26
DA:119,26
DA:121,26
DA:122,19
DA:128,1003
DA:133,1
DA:134,1
DA:135,1
DA:136,43
DA:141,1
DA:142,1
DA:145,1
DA:146,1
DA:147,1
DA:154,22
LF:49
LH:45
BRDA:39,0,0,1
BRDA:39,0,1,7
BRDA:46,1,0,7
BRDA:46,1,1,0
BRDA:51,2,0,7
BRDA:51,2,1,1
BRDA:52,3,0,8
BRDA:52,3,1,0
BRDA:52,3,2,0
BRDA:73,4,0,0
BRDA:73,4,1,22
BRDA:79,5,0,7
BRDA:79,5,1,1010
BRDA:80,6,0,1017
BRDA:80,6,1,7
BRDA:88,7,0,0
BRDA:88,7,1,7
BRDA:94,8,0,2
BRDA:94,8,1,5
BRDA:94,9,0,7
BRDA:94,9,1,7
BRDA:99,10,0,1
BRDA:99,10,1,4
BRDA:99,11,0,5
BRDA:99,11,1,3
BRDA:105,12,0,7
BRDA:105,12,1,1003
BRDA:106,13,0,1010
BRDA:106,13,1,7
BRDA:114,14,0,0
BRDA:114,14,1,7
BRDA:121,15,0,19
BRDA:121,15,1,7
BRDA:121,16,0,26
BRDA:121,16,1,26
BRDA:128,17,0,1
BRDA:128,17,1,1002
BRDA:129,18,0,1003
BRDA:129,18,1,1
BRDA:129,18,2,1
BRDA:136,19,0,1
BRDA:136,19,1,42
BRDA:137,20,0,43
BRDA:137,20,1,1
BRDA:137,20,2,1
BRF:45
BRH:39
end_of_record
TN:
SF:packages/language/src/language-server/text-documents.ts
FN:186,constructor
FN:205,onDidOpen
FN:209,onDidChangeContent
FN:213,onWillSave
FN:217,onWillSaveWaitUntil
FN:223,onDidSave
FN:227,onDidClose
FN:231,has
FN:235,get
FN:253,set
FN:267,delete
FN:278,all
FN:282,keys
FN:286,listen
FN:291,(anonymous_14)
FN:310,(anonymous_15)
FN:341,(anonymous_16)
FN:351,(anonymous_17)
FN:364,(anonymous_18)
FN:380,(anonymous_19)
FN:389,(anonymous_20)
FN:390,(anonymous_21)
FN:398,get
FN:402,set
FN:408,constructor
FN:414,get
FN:446,resetDocumentProviders
FNF:27
FNH:8
FNDA:2126,constructor
FNDA:0,onDidOpen
FNDA:0,onDidChangeContent
FNDA:0,onWillSave
FNDA:0,onWillSaveWaitUntil
FNDA:0,onDidSave
FNDA:0,onDidClose
FNDA:0,has
FNDA:156,get
FNDA:80,set
FNDA:0,delete
FNDA:0,all
FNDA:0,keys
FNDA:0,listen
FNDA:0,(anonymous_14)
FNDA:0,(anonymous_15)
FNDA:0,(anonymous_16)
FNDA:0,(anonymous_17)
FNDA:0,(anonymous_18)
FNDA:0,(anonymous_19)
FNDA:0,(anonymous_20)
FNDA:0,(anonymous_21)
FNDA:81,get
FNDA:4252,set
FNDA:1063,constructor
FNDA:81,get
FNDA:1063,resetDocumentProviders
DA:193,2126
DA:194,2126
DA:195,2126
DA:196,2126
DA:198,2126
DA:199,2126
DA:200,2126
DA:201,2126
DA:202,2126
DA:206,0
DA:210,0
DA:214,0
DA:220,0
DA:224,0
DA:228,0
DA:232,0
DA:236,156
DA:237,156
DA:238,73
DA:239,73
DA:240,73
DA:241,73
DA:242,0
DA:244,73
DA:245,73
DA:247,0
DA:250,156
DA:254,80
DA:255,80
DA:256,80
DA:257,4
DA:259,80
DA:260,80
DA:261,80
DA:262,80
DA:263,80
DA:264,80
DA:268,0
DA:271,0
DA:272,0
DA:273,0
DA:274,0
DA:279,0
DA:283,0
DA:288,0
DA:289,0
DA:290,0
DA:292,0
DA:293,0
DA:294,0
DA:301,0
DA:302,0
DA:303,0
DA:304,0
DA:305,0
DA:308,0
DA:311,0
DA:312,0
DA:313,0
DA:314,0
DA:317,0
DA:318,0
DA:319,0
DA:323,0
DA:325,0
DA:326,0
DA:327,0
DA:332,0
DA:333,0
DA:340,0
DA:342,0
DA:343,0
DA:344,0
DA:345,0
DA:346,0
DA:350,0
DA:352,0
DA:355,0
DA:356,0
DA:362,0
DA:365,0
DA:368,0
DA:369,0
DA:374,0
DA:379,0
DA:381,0
DA:384,0
DA:385,0
DA:389,0
DA:390,0
DA:396,1063
DA:399,81
DA:403,4252
DA:409,1063
DA:410,1063
DA:411,1063
DA:415,81
DA:416,81
DA:417,3
DA:419,78
DA:420,78
DA:421,0
DA:423,78
DA:424,78
DA:425,78
DA:427,0
DA:447,1063
DA:448,1063
DA:452,1063
DA:453,1063
DA:458,1063
DA:459,1063
DA:460,1063
DA:461,1063
DA:464,24
LF:115
LH:51
BRDA:188,0,0,2126
BRDA:195,1,0,2126
BRDA:195,1,1,1063
BRDA:196,2,0,2126
BRDA:196,2,1,1087
BRDA:237,3,0,73
BRDA:237,3,1,83
BRDA:237,4,0,156
BRDA:237,4,1,151
BRDA:241,5,0,0
BRDA:241,5,1,73
BRDA:256,6,0,4
BRDA:256,6,1,76
BRDA:269,7,0,0
BRDA:269,7,1,0
BRDA:269,8,0,0
BRDA:269,8,1,0
BRDA:272,9,0,0
BRDA:272,9,1,0
BRDA:313,10,0,0
BRDA:313,10,1,0
BRDA:318,11,0,0
BRDA:318,11,1,0
BRDA:318,12,0,0
BRDA:318,12,1,0
BRDA:326,13,0,0
BRDA:326,13,1,0
BRDA:344,14,0,0
BRDA:344,14,1,0
BRDA:355,15,0,0
BRDA:355,15,1,0
BRDA:368,16,0,0
BRDA:368,16,1,0
BRDA:368,17,0,0
BRDA:368,17,1,0
BRDA:384,18,0,0
BRDA:384,18,1,0
BRDA:416,19,0,3
BRDA:416,19,1,78
BRDA:420,20,0,0
BRDA:420,20,1,78
BRDA:424,21,0,78
BRDA:424,21,1,0
BRF:43
BRH:16
end_of_record
TN:
SF:packages/language/src/language-server/types.ts
FN:38,offsetToPosition
FN:49,positionToOffset
FN:56,rangeToLSP
FN:66,tokenToUri
FN:70,tokenToRange
FN:77,offsetLengthToRange
FN:89,getSyntaxNodeRange
FN:97,(anonymous_7)
FN:110,severityToLsp
FN:135,isDiagnostic
FN:146,fullCode
FN:159,diagnosticFromCode
FN:201,diagnosticFromCodeAtRange
FN:227,diagnostic
FN:250,diagnosticsToLSP
FN:269,diagnosticToLSP
FN:313,completionItemToLSP
FN:334,textEditToLSP
FN:349,hoverResponseToLSP
FN:367,documentSymbolToLSP
FN:376,(anonymous_20)
FNF:21
FNH:14
FNDA:3976,offsetToPosition
FNDA:0,positionToOffset
FNDA:1978,rangeToLSP
FNDA:2508,tokenToUri
FNDA:2801,tokenToRange
FNDA:15034,offsetLengthToRange
FNDA:33,getSyntaxNodeRange
FNDA:27,(anonymous_7)
FNDA:1985,severityToLsp
FNDA:523,isDiagnostic
FNDA:4444,fullCode
FNDA:2069,diagnosticFromCode
FNDA:1984,diagnosticFromCodeAtRange
FNDA:373,diagnostic
FNDA:0,diagnosticsToLSP
FNDA:10,diagnosticToLSP
FNDA:0,completionItemToLSP
FNDA:0,textEditToLSP
FNDA:0,hoverResponseToLSP
FNDA:0,documentSymbolToLSP
FNDA:0,(anonymous_20)
DA:42,3976
DA:43,3976
DA:53,0
DA:60,1978
DA:67,2508
DA:71,2801
DA:78,15034
DA:79,15034
DA:80,15034
DA:90,33
DA:91,33
DA:92,33
DA:94,0
DA:97,27
DA:99,27
DA:101,27
DA:103,27
DA:105,27
DA:107,27
DA:111,1985
DA:113,0
DA:115,1
DA:117,1980
DA:119,4
DA:121,0
DA:136,523
DA:147,4444
DA:164,2069
DA:165,2069
DA:166,2069
DA:167,2069
DA:168,2069
DA:170,2069
DA:171,2069
DA:173,80
DA:182,1989
DA:207,1984
DA:208,1984
DA:233,373
DA:234,373
DA:235,372
DA:236,365
DA:237,365
DA:239,7
DA:242,373
DA:254,0
DA:255,0
DA:256,0
DA:257,0
DA:258,0
DA:259,0
DA:261,0
DA:262,0
DA:264,0
DA:266,0
DA:273,10
DA:279,0
DA:281,10
DA:282,10
DA:283,0
DA:285,10
DA:317,0
DA:338,0
DA:353,0
DA:371,0
DA:372,0
DA:374,0
DA:375,0
DA:376,0
DA:377,0
DA:378,0
DA:379,0
DA:380,0
DA:382,0
DA:387,0
LF:75
LH:45
BRDA:91,0,0,33
BRDA:91,0,1,0
BRDA:97,1,0,27
BRDA:97,1,1,27
BRDA:111,2,0,0
BRDA:111,2,1,1
BRDA:111,2,2,1980
BRDA:111,2,3,4
BRDA:111,2,4,0
BRDA:137,3,0,523
BRDA:137,3,1,523
BRDA:137,3,2,523
BRDA:137,3,3,523
BRDA:137,3,4,523
BRDA:137,3,5,523
BRDA:166,4,0,2069
BRDA:166,4,1,0
BRDA:171,5,0,80
BRDA:171,5,1,1989
BRDA:207,6,0,0
BRDA:207,6,1,1984
BRDA:234,7,0,372
BRDA:234,7,1,1
BRDA:235,8,0,365
BRDA:235,8,1,7
BRDA:244,9,0,373
BRDA:244,9,1,149
BRDA:258,10,0,0
BRDA:258,10,1,0
BRDA:258,11,0,0
BRDA:258,11,1,0
BRDA:261,12,0,0
BRDA:261,12,1,0
BRDA:273,13,0,0
BRDA:273,13,1,10
BRDA:274,14,0,10
BRDA:274,14,1,10
BRDA:274,14,2,10
BRDA:274,14,3,10
BRDA:282,15,0,0
BRDA:282,15,1,10
BRDA:294,16,0,10
BRDA:294,16,1,10
BRDA:325,17,0,0
BRDA:325,17,1,0
BRDA:354,18,0,0
BRDA:354,18,1,0
BRDA:372,19,0,0
BRDA:372,19,1,0
BRDA:372,20,0,0
BRDA:372,20,1,0
BRF:51
BRH:30
end_of_record
TN:
SF:packages/language/src/language-server/workspace-symbol-request.ts
FN:19,workspaceSymbolRequest
FN:23,(anonymous_1)
FN:31,(anonymous_2)
FN:37,workspaceSymbolRequestForCompilationUnit
FN:42,(anonymous_4)
FN:43,(anonymous_5)
FN:45,(anonymous_6)
FN:55,collectSymbolsForDocument
FN:65,(anonymous_8)
FN:68,collectSymbols
FNF:10
FNH:10
FNDA:2,workspaceSymbolRequest
FNDA:4,(anonymous_1)
FNDA:12,(anonymous_2)
FNDA:2,workspaceSymbolRequestForCompilationUnit
FNDA:6,(anonymous_4)
FNDA:2,(anonymous_5)
FNDA:6,(anonymous_6)
FNDA:2,collectSymbolsForDocument
FNDA:2,(anonymous_8)
FNDA:6,collectSymbols
DA:23,2
DA:24,4
DA:25,2
DA:30,4
DA:31,4
DA:32,12
DA:41,2
DA:42,6
DA:43,2
DA:45,2
DA:46,6
DA:59,2
DA:60,2
DA:61,2
DA:62,2
DA:63,0
DA:65,2
DA:66,2
DA:69,6
DA:70,6
DA:76,6
DA:77,2
DA:80,2
DA:81,2
LF:24
LH:23
BRDA:24,0,0,2
BRDA:24,0,1,2
BRDA:30,1,0,4
BRDA:30,1,1,0
BRDA:62,2,0,0
BRDA:62,2,1,2
BRDA:76,3,0,2
BRDA:76,3,1,4
BRF:8
BRH:6
end_of_record
TN:
SF:packages/language/src/language-server/cache/include-cache.ts
FN:16,getFileContentPreview
FNF:1
FNH:1
FNDA:8,getFileContentPreview
DA:14,5
DA:22,8
DA:23,8
DA:24,0
DA:27,8
DA:32,8
DA:36,8
DA:37,8
LF:8
LH:7
BRDA:20,0,0,8
BRDA:23,1,0,0
BRDA:23,1,1,8
BRDA:32,2,0,1
BRDA:32,2,1,7
BRF:5
BRH:4
end_of_record
TN:
SF:packages/language/src/language-server/code-actions/apply-quick-fixes.ts
FN:32,isProcGrpsDocumentUri
FN:48,quickFixResolveInclude
FN:63,(anonymous_2)
FN:108,(anonymous_3)
FN:138,quickFixCreateConfig
FN:154,(anonymous_5)
FN:175,quickFixUppercaseText
FN:215,quickFixResolveAmbiguousReference
FN:219,(anonymous_8)
FN:232,(anonymous_9)
FN:236,(anonymous_10)
FN:256,(anonymous_11)
FN:258,(anonymous_12)
FN:260,(anonymous_13)
FN:263,(anonymous_14)
FN:282,quickFixRemoveUnresolvedLib
FN:329,quickFixRemoveAllUnresolvedLibs
FN:353,(anonymous_17)
FN:384,handleMultipleUnresolvedLibs
FN:391,(anonymous_19)
FN:414,quickFixReplaceUnknownProcGroup
FN:452,applyQuickFixes
FNF:22
FNH:22
FNDA:14,isProcGrpsDocumentUri
FNDA:9,quickFixResolveInclude
FNDA:7,(anonymous_2)
FNDA:5,(anonymous_3)
FNDA:12,quickFixCreateConfig
FNDA:11,(anonymous_5)
FNDA:1,quickFixUppercaseText
FNDA:4,quickFixResolveAmbiguousReference
FNDA:8,(anonymous_8)
FNDA:8,(anonymous_9)
FNDA:12,(anonymous_10)
FNDA:6,(anonymous_11)
FNDA:6,(anonymous_12)
FNDA:12,(anonymous_13)
FNDA:6,(anonymous_14)
FNDA:10,quickFixRemoveUnresolvedLib
FNDA:10,quickFixRemoveAllUnresolvedLibs
FNDA:8,(anonymous_17)
FNDA:19,handleMultipleUnresolvedLibs
FNDA:24,(anonymous_19)
FNDA:7,quickFixReplaceUnknownProcGroup
FNDA:19,applyQuickFixes
DA:28,5
DA:36,14
DA:37,14
DA:38,0
DA:40,14
DA:45,14
DA:52,9
DA:55,9
DA:56,9
DA:59,9
DA:60,9
DA:62,7
DA:63,7
DA:65,7
DA:69,7
DA:71,6
DA:73,6
DA:77,6
DA:78,1
DA:80,5
DA:85,5
DA:86,5
DA:87,5
DA:88,0
DA:89,0
DA:91,5
DA:92,5
DA:93,0
DA:96,0
DA:99,0
DA:103,0
DA:107,5
DA:108,5
DA:110,5
DA:115,0
DA:117,5
DA:118,5
DA:124,5
DA:135,5
DA:142,12
DA:143,12
DA:144,12
DA:145,1
DA:147,11
DA:148,11
DA:150,11
DA:151,11
DA:153,11
DA:154,11
DA:157,11
DA:161,12
DA:172,12
DA:178,1
DA:179,1
DA:180,0
DA:181,0
DA:183,1
DA:184,1
DA:186,1
DA:197,1
DA:218,4
DA:219,8
DA:224,4
DA:225,4
DA:226,10
DA:227,10
DA:228,20
DA:230,10
DA:232,8
DA:234,4
DA:236,6
DA:237,12
DA:238,0
DA:240,12
DA:241,12
DA:242,12
DA:249,4
DA:250,1
DA:252,3
DA:256,3
DA:257,6
DA:258,3
DA:259,6
DA:260,12
DA:262,3
DA:264,6
DA:266,6
DA:276,6
DA:278,3
DA:286,10
DA:287,10
DA:288,2
DA:290,8
DA:291,1
DA:293,7
DA:294,7
DA:295,1
DA:297,6
DA:298,6
DA:299,0
DA:303,6
DA:304,6
DA:309,0
DA:310,0
DA:313,6
DA:335,10
DA:336,10
DA:337,10
DA:338,21
DA:339,2
DA:341,19
DA:342,19
DA:343,2
DA:345,17
DA:346,17
DA:348,10
DA:349,4
DA:351,6
DA:353,6
DA:355,8
DA:358,6
DA:359,14
DA:360,14
DA:361,14
DA:363,0
DA:364,0
DA:368,0
DA:372,6
DA:390,19
DA:391,24
DA:393,19
DA:398,16
DA:400,3
DA:401,3
DA:402,0
DA:405,3
DA:411,3
DA:420,7
DA:425,7
DA:426,7
DA:427,0
DA:430,7
DA:431,7
DA:432,7
DA:433,1
DA:435,6
DA:436,6
DA:437,9
DA:447,9
DA:449,6
DA:457,19
DA:459,19
DA:460,19
DA:461,19
DA:464,19
DA:465,19
DA:468,19
DA:471,19
DA:477,19
DA:479,19
DA:480,24
DA:481,1
DA:484,23
DA:486,4
DA:487,4
DA:489,3
DA:490,3
DA:491,3
DA:493,3
DA:494,3
DA:495,3
DA:497,1
DA:498,1
DA:499,1
DA:501,5
DA:508,5
DA:510,4
DA:511,4
DA:512,4
DA:516,19
DA:517,2
DA:519,17
LF:182
LH:163
BRDA:37,0,0,0
BRDA:37,0,1,14
BRDA:55,1,0,0
BRDA:55,1,1,9
BRDA:60,2,0,2
BRDA:60,2,1,7
BRDA:60,3,0,9
BRDA:60,3,1,8
BRDA:69,4,0,1
BRDA:69,4,1,6
BRDA:77,5,0,1
BRDA:77,5,1,5
BRDA:77,6,0,6
BRDA:77,6,1,6
BRDA:87,7,0,0
BRDA:87,7,1,5
BRDA:92,8,0,0
BRDA:92,8,1,5
BRDA:110,9,0,0
BRDA:110,9,1,5
BRDA:111,10,0,5
BRDA:111,10,1,5
BRDA:111,10,2,5
BRDA:144,11,0,1
BRDA:144,11,1,11
BRDA:144,12,0,12
BRDA:144,12,1,12
BRDA:157,13,0,5
BRDA:157,13,1,6
BRDA:179,14,0,0
BRDA:179,14,1,1
BRDA:179,15,0,1
BRDA:179,15,1,1
BRDA:179,15,2,1
BRDA:230,16,0,4
BRDA:230,16,1,6
BRDA:231,17,0,10
BRDA:231,17,1,7
BRDA:237,18,0,0
BRDA:237,18,1,12
BRDA:249,19,0,1
BRDA:249,19,1,3
BRDA:257,20,0,6
BRDA:257,20,1,6
BRDA:260,21,0,12
BRDA:260,21,1,6
BRDA:264,22,0,6
BRDA:264,22,1,6
BRDA:287,23,0,2
BRDA:287,23,1,8
BRDA:287,24,0,10
BRDA:287,24,1,9
BRDA:290,25,0,1
BRDA:290,25,1,7
BRDA:294,26,0,1
BRDA:294,26,1,6
BRDA:298,27,0,0
BRDA:298,27,1,6
BRDA:298,28,0,6
BRDA:298,28,1,6
BRDA:338,29,0,2
BRDA:338,29,1,19
BRDA:342,30,0,2
BRDA:342,30,1,17
BRDA:348,31,0,4
BRDA:348,31,1,6
BRDA:393,32,0,16
BRDA:393,32,1,3
BRDA:394,33,0,19
BRDA:394,33,1,14
BRDA:394,33,2,4
BRDA:401,34,0,0
BRDA:401,34,1,3
BRDA:401,35,0,3
BRDA:401,35,1,3
BRDA:420,36,0,7
BRDA:420,36,1,0
BRDA:426,37,0,0
BRDA:426,37,1,7
BRDA:426,38,0,7
BRDA:426,38,1,7
BRDA:432,39,0,1
BRDA:432,39,1,6
BRDA:432,40,0,7
BRDA:432,40,1,7
BRDA:477,41,0,2
BRDA:477,41,1,17
BRDA:480,42,0,1
BRDA:480,42,1,23
BRDA:484,43,0,23
BRDA:484,43,1,3
BRDA:484,43,2,3
BRDA:484,43,3,1
BRDA:484,43,4,5
BRDA:484,43,5,4
BRDA:490,44,0,3
BRDA:490,44,1,0
BRDA:494,45,0,3
BRDA:494,45,1,0
BRDA:498,46,0,1
BRDA:498,46,1,0
BRDA:511,47,0,4
BRDA:511,47,1,0
BRDA:516,48,0,2
BRDA:516,48,1,17
BRF:105
BRH:90
end_of_record
TN:
SF:packages/language/src/language-server/code-actions/apply-source-actions.ts
FN:23,sourceActionUppercaseAllText
FN:48,(anonymous_1)
FN:49,(anonymous_2)
FN:69,getCaseDiagnosticsFromCompilationUnit
FN:79,(anonymous_4)
FN:82,(anonymous_5)
FN:83,(anonymous_6)
FN:89,applySourceActions
FNF:8
FNH:3
FNDA:2,sourceActionUppercaseAllText
FNDA:4,(anonymous_1)
FNDA:4,(anonymous_2)
FNDA:0,getCaseDiagnosticsFromCompilationUnit
FNDA:0,(anonymous_4)
FNDA:0,(anonymous_5)
FNDA:0,(anonymous_6)
FNDA:0,applySourceActions
DA:27,2
DA:29,2
DA:30,4
DA:31,0
DA:34,0
DA:36,4
DA:37,4
DA:38,3
DA:40,4
DA:44,2
DA:46,2
DA:47,3
DA:48,4
DA:50,4
DA:57,2
DA:66,2
DA:73,0
DA:74,0
DA:75,0
DA:77,0
DA:79,0
DA:81,0
DA:82,0
DA:83,0
DA:85,0
DA:93,0
DA:95,0
DA:99,0
DA:100,0
DA:101,0
DA:104,0
DA:105,0
LF:32
LH:14
BRDA:30,0,0,0
BRDA:30,0,1,4
BRDA:30,1,0,4
BRDA:30,1,1,4
BRDA:37,2,0,3
BRDA:37,2,1,1
BRDA:48,3,0,4
BRDA:48,3,1,4
BRDA:52,4,0,4
BRDA:52,4,1,0
BRDA:75,5,0,0
BRDA:75,5,1,0
BRDA:99,6,0,0
BRDA:99,6,1,0
BRDA:104,7,0,0
BRDA:104,7,1,0
BRF:16
BRH:8
end_of_record
TN:
SF:packages/language/src/language-server/completion/completion-generator.ts
FN:24,generateCompletionItems
FN:88,getCompletionKind
FNF:2
FNH:2
FNDA:43,generateCompletionItems
FNDA:10018,getCompletionKind
DA:29,43
DA:31,43
DA:32,8
DA:34,43
DA:35,5
DA:36,38
DA:37,2
DA:39,41
DA:42,43
DA:43,43
DA:44,0
DA:46,41
DA:47,23
DA:48,23
DA:49,9991
DA:50,9991
DA:57,18
DA:58,5
DA:59,5
DA:60,0
DA:62,5
DA:63,5
DA:64,5
DA:65,9
DA:66,9
DA:73,13
DA:74,6
DA:75,6
DA:76,18
DA:77,18
DA:85,41
DA:89,10018
DA:91,9861
DA:92,9861
DA:93,9861
DA:94,9861
DA:96,0
DA:99,3
DA:101,0
DA:103,13
DA:105,141
LF:41
LH:37
BRDA:31,0,0,8
BRDA:31,0,1,35
BRDA:34,1,0,5
BRDA:34,1,1,38
BRDA:36,2,0,2
BRDA:36,2,1,36
BRDA:39,3,0,5
BRDA:39,3,1,36
BRDA:43,4,0,0
BRDA:43,4,1,43
BRDA:46,5,0,23
BRDA:46,5,1,18
BRDA:49,6,0,9991
BRDA:49,6,1,0
BRDA:57,7,0,5
BRDA:57,7,1,13
BRDA:59,8,0,0
BRDA:59,8,1,5
BRDA:65,9,0,9
BRDA:65,9,1,0
BRDA:73,10,0,6
BRDA:73,10,1,7
BRDA:76,11,0,18
BRDA:76,11,1,0
BRDA:89,12,0,9861
BRDA:89,12,1,3
BRDA:89,12,2,0
BRDA:89,12,3,13
BRDA:93,13,0,9861
BRDA:93,13,1,0
BRDA:93,14,0,9861
BRDA:93,14,1,9861
BRF:32
BRH:25
end_of_record
TN:
SF:packages/language/src/language-server/completion/completion-plugin-configuration.ts
FN:24,configCompletionRequest
FN:51,pgroupValueCompletions
FN:70,(anonymous_2)
FNF:3
FNH:3
FNDA:10,configCompletionRequest
FNDA:9,pgroupValueCompletions
FNDA:9,(anonymous_2)
DA:30,10
DA:31,9
DA:32,9
DA:33,0
DA:35,9
DA:36,9
DA:37,9
DA:43,9
DA:48,1
DA:57,9
DA:62,4
DA:64,5
DA:66,5
DA:70,9
DA:71,9
DA:79,9
LF:16
LH:15
BRDA:30,0,0,9
BRDA:30,0,1,1
BRDA:32,1,0,0
BRDA:32,1,1,9
BRDA:57,2,0,4
BRDA:57,2,1,5
BRDA:58,3,0,9
BRDA:58,3,1,8
BRDA:58,3,2,6
BRDA:66,4,0,4
BRDA:66,4,1,1
BRF:11
BRH:10
end_of_record
TN:
SF:packages/language/src/language-server/completion/completion-request.ts
FN:29,completionRequest
FN:49,(anonymous_1)
FN:55,getTokenContext
FN:73,getCompletionItemElements
FN:93,convertSimpleToItem
FN:101,(anonymous_5)
FN:103,(anonymous_6)
FNF:7
FNH:7
FNDA:39,completionRequest
FNDA:43,(anonymous_1)
FNDA:39,getTokenContext
FNDA:39,getCompletionItemElements
FNDA:39,convertSimpleToItem
FNDA:10183,(anonymous_5)
FNDA:9289,(anonymous_6)
DA:34,39
DA:35,39
DA:36,0
DA:38,39
DA:39,39
DA:40,39
DA:41,39
DA:43,39
DA:44,39
DA:45,39
DA:47,0
DA:49,43
DA:52,39
DA:62,39
DA:63,40
DA:64,40
DA:65,1
DA:66,39
DA:67,38
DA:70,0
DA:74,39
DA:75,7
DA:84,32
DA:98,39
DA:100,39
DA:101,10183
DA:103,9289
LF:27
LH:24
BRDA:35,0,0,0
BRDA:35,0,1,39
BRDA:43,1,0,39
BRDA:43,1,1,0
BRDA:64,2,0,1
BRDA:64,2,1,39
BRDA:66,3,0,38
BRDA:66,3,1,1
BRDA:74,4,0,7
BRDA:74,4,1,32
BRF:10
BRH:8
end_of_record
TN:
SF:packages/language/src/language-server/completion/follow-elements.ts
FN:40,(anonymous_0)
FN:71,getFollowElementsForUnknownToken
FN:255,getFollowElements
FN:346,provideEntryPointFollowElements
FNF:4
FNH:4
FNDA:4,(anonymous_0)
FNDA:1,getFollowElementsForUnknownToken
FNDA:39,getFollowElements
FNDA:3,provideEntryPointFollowElements
DA:28,4
DA:30,4
DA:32,4
DA:34,4
DA:35,4
DA:40,4
DA:41,4
DA:42,4
DA:43,4
DA:44,4
DA:72,1
DA:79,1
DA:86,0
DA:97,0
DA:102,0
DA:109,0
DA:112,4
DA:201,4
DA:261,39
DA:263,1
DA:266,3
DA:272,0
DA:280,3
DA:287,1
DA:297,5
DA:298,5
DA:299,5
DA:300,5
DA:308,0
DA:314,6
DA:320,1
DA:328,19
DA:329,19
DA:330,16
DA:335,3
DA:339,2
DA:343,1
DA:350,3
DA:354,3
DA:355,0
DA:357,3
DA:358,2
DA:359,2
DA:362,2
DA:363,1
DA:374,1
DA:385,1
LF:47
LH:40
BRDA:40,0,0,4
BRDA:40,0,1,4
BRDA:72,1,0,0
BRDA:72,1,1,0
BRDA:72,1,2,1
BRDA:72,1,3,0
BRDA:97,2,0,0
BRDA:97,2,1,0
BRDA:97,3,0,0
BRDA:97,3,1,0
BRDA:97,3,2,0
BRDA:261,4,0,1
BRDA:261,4,1,2
BRDA:261,4,2,3
BRDA:261,4,3,0
BRDA:261,4,4,3
BRDA:261,4,5,1
BRDA:261,4,6,5
BRDA:261,4,7,3
BRDA:261,4,8,4
BRDA:261,4,9,6
BRDA:261,4,10,1
BRDA:297,5,0,5
BRDA:297,5,1,0
BRDA:299,6,0,5
BRDA:299,6,1,0
BRDA:328,7,0,19
BRDA:328,7,1,0
BRDA:329,8,0,16
BRDA:329,8,1,3
BRDA:335,9,0,2
BRDA:335,9,1,1
BRDA:354,10,0,0
BRDA:354,10,1,3
BRDA:357,11,0,2
BRDA:357,11,1,1
BRDA:359,12,0,1
BRDA:359,12,1,1
BRDA:362,13,0,1
BRDA:362,13,1,1
BRF:40
BRH:27
end_of_record
TN:
SF:packages/language/src/language-server/completion/keywords.ts
FN:36,combine
FN:37,(anonymous_1)
FN:44,(anonymous_2)
FN:49,(anonymous_3)
FN:50,(anonymous_4)
FN:70,(anonymous_5)
FN:75,(anonymous_6)
FN:81,(anonymous_7)
FN:86,(anonymous_8)
FN:104,(anonymous_9)
FN:151,createMap
FN:253,getCompletionKeywords
FN:256,(anonymous_12)
FNF:13
FNH:8
FNDA:16,combine
FNDA:0,(anonymous_1)
FNDA:0,(anonymous_2)
FNDA:16,(anonymous_3)
FNDA:453,(anonymous_4)
FNDA:152,(anonymous_5)
FNDA:76,(anonymous_6)
FNDA:8,(anonymous_7)
FNDA:453,(anonymous_8)
FNDA:0,(anonymous_9)
FNDA:8,createMap
FNDA:0,getCompletionKeywords
FNDA:0,(anonymous_12)
DA:37,16
DA:38,0
DA:39,0
DA:41,0
DA:43,16
DA:44,16
DA:47,0
DA:49,16
DA:50,16
DA:55,453
DA:61,453
DA:62,689
DA:64,453
DA:67,16
DA:70,4
DA:71,152
DA:72,152
DA:75,4
DA:76,76
DA:77,76
DA:78,76
DA:81,4
DA:82,8
DA:83,8
DA:86,4
DA:87,453
DA:88,453
DA:94,4
DA:99,4
DA:104,4
DA:110,0
DA:111,0
DA:113,0
DA:120,4
DA:125,4
DA:129,4
DA:155,8
DA:156,8
DA:157,152
DA:159,8
DA:162,4
DA:256,0
LF:42
LH:34
BRDA:58,0,0,453
BRDA:58,0,1,449
BRDA:110,1,0,0
BRDA:110,1,1,0
BRF:4
BRH:2
end_of_record
TN:
SF:packages/language/src/linking/declared-item-parser.ts
FN:43,findLevel
FN:62,getDeclaredItemToken
FN:95,unrollFactorized
FN:167,unrollSubtree
FN:224,constructor
FN:231,parse
FN:236,(anonymous_6)
FN:246,peek
FN:250,pop
FN:254,getLevel
FN:273,generate
FN:305,(anonymous_11)
FNF:12
FNH:12
FNDA:188221,findLevel
FNDA:32301,getDeclaredItemToken
FNDA:63641,unrollFactorized
FNDA:63,unrollSubtree
FNDA:31149,constructor
FNDA:31149,parse
FNDA:32301,(anonymous_6)
FNDA:95751,peek
FNDA:32301,pop
FNDA:33158,getLevel
FNDA:63450,generate
FNDA:1167,(anonymous_11)
DA:44,188221
DA:49,1249
DA:52,186972
DA:53,155842
DA:56,31130
DA:63,32301
DA:64,17
DA:67,32284
DA:74,24
DA:100,63641
DA:101,63641
DA:119,63641
DA:120,64808
DA:121,32429
DA:122,32429
DA:123,32429
DA:125,32516
DA:126,32516
DA:129,69
DA:130,6
DA:131,6
DA:133,6
DA:135,63
DA:149,32379
DA:151,32379
DA:160,63641
DA:174,63
DA:175,63
DA:176,63
DA:177,63
DA:178,63
DA:179,168
DA:180,90
DA:182,0
DA:187,90
DA:189,90
DA:190,78
DA:193,63
DA:196,63
DA:226,31149
DA:228,31149
DA:235,31149
DA:236,31149
DA:237,32301
DA:241,31149
DA:243,31149
DA:247,95751
DA:251,32301
DA:256,33158
DA:259,33158
DA:260,31276
DA:264,1882
DA:265,1
DA:267,1
DA:270,1881
DA:279,63450
DA:282,63450
DA:283,95751
DA:284,95751
DA:285,62593
DA:288,33158
DA:290,33158
DA:291,857
DA:295,32301
DA:296,32301
DA:297,32301
DA:298,0
DA:301,32301
DA:305,32301
DA:306,32301
DA:312,2
DA:316,32301
DA:323,32301
DA:324,32301
DA:325,32301
LF:75
LH:73
BRDA:44,0,0,1249
BRDA:44,0,1,186972
BRDA:45,1,0,188221
BRDA:45,1,1,32497
BRDA:45,1,2,1249
BRDA:52,2,0,155842
BRDA:52,2,1,31130
BRDA:63,3,0,17
BRDA:63,3,1,32284
BRDA:64,4,0,17
BRDA:64,4,1,0
BRDA:120,5,0,32429
BRDA:120,5,1,32379
BRDA:126,6,0,69
BRDA:126,6,1,32447
BRDA:129,7,0,6
BRDA:129,7,1,63
BRDA:130,8,0,6
BRDA:130,8,1,0
BRDA:140,9,0,63
BRDA:140,9,1,56
BRDA:149,10,0,32379
BRDA:149,10,1,31130
BRDA:179,11,0,90
BRDA:179,11,1,78
BRDA:180,12,0,0
BRDA:180,12,1,90
BRDA:180,13,0,90
BRDA:180,13,1,90
BRDA:190,14,0,63
BRDA:190,14,1,15
BRDA:193,15,0,63
BRDA:193,15,1,13
BRDA:259,16,0,31276
BRDA:259,16,1,1882
BRDA:264,17,0,1
BRDA:264,17,1,1881
BRDA:284,18,0,62593
BRDA:284,18,1,33158
BRDA:290,19,0,857
BRDA:290,19,1,32301
BRDA:297,20,0,0
BRDA:297,20,1,32301
BRDA:306,21,0,2
BRDA:306,21,1,32299
BRDA:307,22,0,32301
BRDA:307,22,1,32284
BRDA:307,22,2,1167
BRF:48
BRH:44
end_of_record
TN:
SF:packages/language/src/linking/error.ts
FN:36,mergeRanges
FN:38,(anonymous_1)
FN:38,(anonymous_2)
FN:39,(anonymous_3)
FN:39,(anonymous_4)
FN:56,getQualifiedReferenceRange
FN:90,constructor
FN:98,reportLevelError
FN:105,reportRedeclaration
FN:114,reportAlreadyDeclared
FN:121,reportRepeatedDeclaration
FN:128,reportCannotFindSymbol
FN:135,reportFqnReferenceNotFound
FN:153,reportAmbiguousReference
FN:165,(anonymous_14)
FN:181,excludeForeignComposites
FN:220,getReferencedDeclaration
FN:238,fullName
FN:254,reportImplicitDeclaration
FN:275,reportPotentialUnsetVariable
FN:279,reportCyclicLike
FNF:21
FNH:21
FNDA:1,mergeRanges
FNDA:2,(anonymous_1)
FNDA:2,(anonymous_2)
FNDA:2,(anonymous_3)
FNDA:2,(anonymous_4)
FNDA:22,getQualifiedReferenceRange
FNDA:4625,constructor
FNDA:1,reportLevelError
FNDA:2,reportRedeclaration
FNDA:18,reportAlreadyDeclared
FNDA:14,reportRepeatedDeclaration
FNDA:34,reportCannotFindSymbol
FNDA:6,reportFqnReferenceNotFound
FNDA:7,reportAmbiguousReference
FNDA:14,(anonymous_14)
FNDA:14,excludeForeignComposites
FNDA:14,getReferencedDeclaration
FNDA:14,fullName
FNDA:268,reportImplicitDeclaration
FNDA:1,reportPotentialUnsetVariable
FNDA:6,reportCyclicLike
DA:37,1
DA:38,2
DA:39,2
DA:59,22
DA:60,7
DA:63,15
DA:65,7
DA:67,8
DA:68,8
DA:69,0
DA:71,8
DA:72,8
DA:73,8
DA:74,7
DA:76,1
DA:78,0
DA:88,4625
DA:91,4625
DA:92,4625
DA:99,1
DA:106,2
DA:115,18
DA:122,14
DA:129,34
DA:141,6
DA:146,6
DA:147,6
DA:159,7
DA:161,7
DA:163,7
DA:165,14
DA:172,7
DA:180,7
DA:182,14
DA:183,14
DA:184,14
DA:185,14
DA:186,58
DA:187,14
DA:189,58
DA:191,14
DA:192,6
DA:194,8
DA:195,8
DA:196,0
DA:197,8
DA:198,0
DA:212,8
DA:213,16
DA:214,0
DA:217,8
DA:221,14
DA:222,14
DA:223,14
DA:224,14
DA:225,140
DA:226,8
DA:228,140
DA:229,8
DA:231,140
DA:233,14
DA:239,14
DA:240,14
DA:241,14
DA:242,39
DA:243,39
DA:245,14
DA:256,268
DA:257,1
DA:261,267
DA:262,94
DA:265,173
DA:266,173
DA:276,1
DA:280,6
LF:75
LH:70
BRDA:59,0,0,7
BRDA:59,0,1,15
BRDA:63,1,0,15
BRDA:63,1,1,8
BRDA:63,1,2,0
BRDA:68,2,0,0
BRDA:68,2,1,8
BRDA:73,3,0,7
BRDA:73,3,1,1
BRDA:159,4,0,7
BRDA:159,4,1,0
BRDA:163,5,0,7
BRDA:163,5,1,0
BRDA:185,6,0,14
BRDA:185,6,1,66
BRDA:186,7,0,14
BRDA:186,7,1,44
BRDA:191,8,0,6
BRDA:191,8,1,8
BRDA:191,9,0,14
BRDA:191,9,1,8
BRDA:195,10,0,0
BRDA:195,10,1,8
BRDA:197,11,0,0
BRDA:197,11,1,8
BRDA:213,12,0,0
BRDA:213,12,1,16
BRDA:225,13,0,8
BRDA:225,13,1,132
BRDA:228,14,0,8
BRDA:228,14,1,132
BRDA:235,15,0,14
BRDA:235,15,1,6
BRDA:256,16,0,1
BRDA:256,16,1,267
BRDA:261,17,0,94
BRDA:261,17,1,173
BRF:37
BRH:30
end_of_record
TN:
SF:packages/language/src/linking/qualified-syntax-node.ts
FN:18,(anonymous_0)
FN:40,constructor
FN:57,createExplicit
FN:72,createImplicit
FN:81,name
FN:88,rawName
FN:92,getParent
FN:96,getId
FN:130,getQualificationStatus
FNF:9
FNH:9
FNDA:24,(anonymous_0)
FNDA:56796,constructor
FNDA:56796,createExplicit
FNDA:56796,createImplicit
FNDA:20304,name
FNDA:30054,rawName
FNDA:2521,getParent
FNDA:56687,getId
FNDA:16154,getQualificationStatus
DA:18,24
DA:19,24
DA:20,24
DA:21,24
DA:36,56796
DA:38,56796
DA:41,56796
DA:42,56796
DA:49,56796
DA:50,56796
DA:51,56796
DA:63,42378
DA:73,14418
DA:82,20304
DA:89,30054
DA:93,2521
DA:98,56687
DA:99,0
DA:101,56687
DA:105,56687
DA:106,14418
DA:108,56687
DA:109,56687
DA:112,57920
DA:113,57920
DA:115,56687
DA:116,56687
DA:133,16154
DA:134,16154
DA:136,16154
DA:137,0
DA:141,16154
DA:142,16154
DA:145,16154
DA:146,16154
DA:148,15983
DA:149,15983
DA:150,15936
DA:153,47
DA:158,171
DA:159,35
DA:163,136
DA:164,136
DA:167,77
DA:171,59
LF:45
LH:43
BRDA:18,0,0,24
BRDA:18,0,1,24
BRDA:43,1,0,56796
BRDA:49,2,0,56796
BRDA:49,2,1,55804
BRDA:50,3,0,56796
BRDA:50,3,1,14418
BRDA:51,4,0,56796
BRDA:51,4,1,42378
BRDA:60,5,0,42378
BRDA:61,6,0,42378
BRDA:98,7,0,0
BRDA:98,7,1,56687
BRDA:105,8,0,14418
BRDA:105,8,1,42269
BRDA:112,9,0,57920
BRDA:112,9,1,0
BRDA:136,10,0,0
BRDA:136,10,1,16154
BRDA:142,11,0,16106
BRDA:142,11,1,48
BRDA:146,12,0,15983
BRDA:146,12,1,171
BRDA:149,13,0,15936
BRDA:149,13,1,47
BRDA:158,14,0,35
BRDA:158,14,1,136
BRDA:164,15,0,77
BRDA:164,15,1,59
BRDA:167,16,0,67
BRDA:167,16,1,10
BRF:31
BRH:28
end_of_record
TN:
SF:packages/language/src/linking/resolver.ts
FN:50,getParentStatement
FN:76,add
FN:80,get
FN:84,clear
FN:97,isBefore
FN:120,clear
FN:126,add
FN:130,priorityAdd
FN:134,addAll
FN:138,addInverse
FN:144,findReferences
FN:148,priorityReferences
FN:152,normalReferences
FN:156,allReferences
FN:161,allReverseReferences
FN:167,getQualifiedName
FN:194,assignQualifiedReference
FN:216,(anonymous_17)
FN:225,assignReference
FN:245,(anonymous_19)
FN:250,(anonymous_20)
FN:268,getMatchingSymbols
FN:286,(anonymous_22)
FN:296,(anonymous_23)
FN:302,(anonymous_24)
FN:360,getRelevantSymbol
FN:384,resolveReference
FN:418,resolveReferences
FN:451,getNodeToReprocess
FN:458,findTokenElementReference
FN:479,findElementReferences
FN:486,getReferenceLocations
FN:525,getTokenAt
FN:551,(anonymous_33)
FN:552,(anonymous_34)
FN:559,getRootCompositeNode
FN:605,tryExtractRootStructureIfBasedMember
FN:635,traverseUpwardsExpect
FN:645,isMemberOfComposite
FNF:39
FNH:38
FNDA:1949,getParentStatement
FNDA:43755,add
FNDA:536,get
FNDA:25,clear
FNDA:268,isBefore
FNDA:25,clear
FNDA:17011,add
FNDA:105,priorityAdd
FNDA:1343,addAll
FNDA:33238,addInverse
FNDA:71,findReferences
FNDA:1099,priorityReferences
FNDA:1099,normalReferences
FNDA:1099,allReferences
FNDA:0,allReverseReferences
FNDA:16101,getQualifiedName
FNDA:1385,assignQualifiedReference
FNDA:1302,(anonymous_17)
FNDA:16024,assignReference
FNDA:14642,(anonymous_19)
FNDA:16223,(anonymous_20)
FNDA:15999,getMatchingSymbols
FNDA:8,(anonymous_22)
FNDA:15648,(anonymous_23)
FNDA:18,(anonymous_24)
FNDA:15999,getRelevantSymbol
FNDA:33238,resolveReference
FNDA:1099,resolveReferences
FNDA:78,getNodeToReprocess
FNDA:7,findTokenElementReference
FNDA:7,findElementReferences
FNDA:7,getReferenceLocations
FNDA:192,getTokenAt
FNDA:37,(anonymous_33)
FNDA:13,(anonymous_34)
FNDA:29,getRootCompositeNode
FNDA:15955,tryExtractRootStructureIfBasedMember
FNDA:4118,traverseUpwardsExpect
FNDA:18,isMemberOfComposite
DA:51,1949
DA:52,536
DA:55,1413
DA:61,0
DA:64,1413
DA:73,1360
DA:74,1360
DA:77,43755
DA:81,536
DA:85,25
DA:86,25
DA:98,268
DA:99,268
DA:100,0
DA:103,268
DA:104,268
DA:105,0
DA:108,268
DA:116,1360
DA:117,1360
DA:118,1360
DA:121,25
DA:122,25
DA:123,25
DA:127,17011
DA:131,105
DA:135,1343
DA:139,33238
DA:140,33183
DA:145,71
DA:149,1099
DA:153,1099
DA:157,1099
DA:158,1099
DA:162,0
DA:168,16101
DA:169,1456
DA:170,1456
DA:171,97
DA:172,97
DA:174,97
DA:178,16004
DA:202,1385
DA:203,10
DA:204,0
DA:210,10
DA:211,10
DA:214,1375
DA:215,1375
DA:216,1302
DA:220,1375
DA:221,82
DA:233,16024
DA:234,1385
DA:235,1385
DA:243,14639
DA:244,14639
DA:245,14642
DA:250,15
DA:253,16223
DA:275,15999
DA:276,36
DA:277,15963
DA:279,11
DA:280,11
DA:281,8
DA:286,15955
DA:288,15955
DA:296,15648
DA:298,15955
DA:300,15955
DA:301,15955
DA:302,11
DA:303,18
DA:308,15955
DA:309,15955
DA:310,7
DA:317,15955
DA:318,15621
DA:321,334
DA:322,334
DA:323,66
DA:335,268
DA:336,268
DA:338,268
DA:342,1
DA:353,268
DA:354,39
DA:357,268
DA:364,15999
DA:365,15987
DA:367,12
DA:374,3
DA:375,6
DA:376,3
DA:381,9
DA:389,33238
DA:390,17239
DA:393,15999
DA:394,15999
DA:395,0
DA:398,15999
DA:399,15999
DA:407,15999
DA:408,15999
DA:409,67
DA:410,67
DA:415,15932
DA:419,1099
DA:428,1099
DA:429,1099
DA:430,78
DA:431,78
DA:432,78
DA:433,78
DA:434,76
DA:441,1099
DA:444,1099
DA:445,33160
DA:447,33160
DA:452,78
DA:453,78
DA:461,7
DA:463,7
DA:465,2
DA:466,2
DA:467,2
DA:469,0
DA:471,5
DA:473,0
DA:476,7
DA:483,7
DA:491,7
DA:493,7
DA:494,0
DA:497,7
DA:498,7
DA:499,0
DA:502,7
DA:503,7
DA:505,7
DA:506,7
DA:507,7
DA:513,7
DA:514,11
DA:515,11
DA:522,7
DA:526,192
DA:531,192
DA:532,5
DA:533,5
DA:534,5
DA:538,0
DA:539,0
DA:540,0
DA:542,0
DA:546,0
DA:550,5
DA:551,37
DA:552,13
DA:553,5
DA:556,192
DA:561,29
DA:562,29
DA:564,29
DA:568,29
DA:569,29
DA:570,0
DA:573,29
DA:574,29
DA:575,94
DA:582,29
DA:583,29
DA:586,29
DA:587,0
DA:589,29
DA:608,15955
DA:609,14476
DA:611,1479
DA:615,1479
DA:616,133
DA:618,1346
DA:622,1346
DA:623,53
DA:625,1293
DA:629,1293
DA:630,1282
DA:632,11
DA:639,4118
DA:640,2750
DA:642,1368
DA:646,18
LF:192
LH:175
BRDA:51,0,0,536
BRDA:51,0,1,1413
BRDA:55,1,0,0
BRDA:55,1,1,1413
BRDA:99,2,0,0
BRDA:99,2,1,268
BRDA:104,3,0,0
BRDA:104,3,1,268
BRDA:168,4,0,1456
BRDA:168,4,1,14645
BRDA:170,5,0,97
BRDA:170,5,1,1359
BRDA:202,6,0,10
BRDA:202,6,1,1375
BRDA:203,7,0,0
BRDA:203,7,1,10
BRDA:215,8,0,1293
BRDA:215,8,1,82
BRDA:220,9,0,82
BRDA:220,9,1,1293
BRDA:220,10,0,1375
BRDA:220,10,1,82
BRDA:233,11,0,1385
BRDA:233,11,1,14639
BRDA:244,12,0,14639
BRDA:244,12,1,0
BRDA:275,13,0,36
BRDA:275,13,1,15963
BRDA:277,14,0,11
BRDA:277,14,1,15952
BRDA:280,15,0,8
BRDA:280,15,1,3
BRDA:298,16,0,15955
BRDA:298,16,1,0
BRDA:301,17,0,11
BRDA:301,17,1,15944
BRDA:309,18,0,7
BRDA:309,18,1,15948
BRDA:317,19,0,15621
BRDA:317,19,1,334
BRDA:322,20,0,66
BRDA:322,20,1,268
BRDA:338,21,0,1
BRDA:338,21,1,267
BRDA:353,22,0,39
BRDA:353,22,1,229
BRDA:364,23,0,15987
BRDA:364,23,1,12
BRDA:367,24,0,3
BRDA:367,24,1,9
BRDA:368,25,0,12
BRDA:368,25,1,3
BRDA:375,26,0,3
BRDA:375,26,1,3
BRDA:389,27,0,17239
BRDA:389,27,1,15999
BRDA:389,28,0,33238
BRDA:389,28,1,33238
BRDA:394,29,0,0
BRDA:394,29,1,15999
BRDA:408,30,0,67
BRDA:408,30,1,15932
BRDA:433,31,0,76
BRDA:433,31,1,2
BRDA:453,32,0,78
BRDA:453,32,1,2
BRDA:463,33,0,2
BRDA:463,33,1,5
BRDA:463,34,0,7
BRDA:463,34,1,2
BRDA:466,35,0,2
BRDA:466,35,1,0
BRDA:471,36,0,0
BRDA:471,36,1,5
BRDA:493,37,0,0
BRDA:493,37,1,7
BRDA:498,38,0,0
BRDA:498,38,1,7
BRDA:506,39,0,7
BRDA:506,39,1,0
BRDA:514,40,0,11
BRDA:514,40,1,0
BRDA:527,41,0,192
BRDA:527,41,1,0
BRDA:531,42,0,5
BRDA:531,42,1,187
BRDA:531,43,0,192
BRDA:531,43,1,192
BRDA:533,44,0,5
BRDA:533,44,1,0
BRDA:533,45,0,5
BRDA:533,45,1,5
BRDA:534,46,0,0
BRDA:534,46,1,5
BRDA:535,47,0,5
BRDA:535,47,1,5
BRDA:539,48,0,0
BRDA:539,48,1,0
BRDA:542,49,0,0
BRDA:542,49,1,0
BRDA:543,50,0,0
BRDA:543,50,1,0
BRDA:562,51,0,29
BRDA:562,51,1,0
BRDA:562,52,0,29
BRDA:562,52,1,29
BRDA:569,53,0,0
BRDA:569,53,1,29
BRDA:577,54,0,29
BRDA:577,54,1,94
BRDA:577,54,2,94
BRDA:577,54,3,94
BRDA:582,55,0,29
BRDA:582,55,1,0
BRDA:582,56,0,29
BRDA:582,56,1,29
BRDA:586,57,0,0
BRDA:586,57,1,29
BRDA:608,58,0,14476
BRDA:608,58,1,1479
BRDA:615,59,0,133
BRDA:615,59,1,1346
BRDA:622,60,0,53
BRDA:622,60,1,1293
BRDA:629,61,0,1282
BRDA:629,61,1,11
BRDA:629,62,0,1293
BRDA:629,62,1,111
BRDA:629,62,2,22
BRDA:639,63,0,2750
BRDA:639,63,1,1368
BRDA:639,64,0,4118
BRDA:639,64,1,4118
BRF:133
BRH:107
end_of_record
TN:
SF:packages/language/src/linking/scope.ts
FN:26,constructor
FN:31,createRoot
FN:35,createChild
FN:39,getTypeSymbols
FN:56,getExplicitSymbols
FN:74,getImplicitSymbols
FN:92,allDistinctTypeSymbols
FN:105,allDistinctSymbols
FN:123,clear
FN:128,get
FN:140,add
FN:145,get
FN:158,clear
FN:163,values
FNF:14
FNH:14
FNDA:11922,constructor
FNDA:11922,createRoot
FNDA:11922,createChild
FNDA:67,getTypeSymbols
FNDA:16825,getExplicitSymbols
FNDA:514,getImplicitSymbols
FNDA:18,allDistinctTypeSymbols
FNDA:85,allDistinctSymbols
FNDA:25,clear
FNDA:15999,get
FNDA:21017,add
FNDA:45881,get
FNDA:50,clear
FNDA:2427,values
DA:27,11922
DA:28,11922
DA:32,80
DA:36,11842
DA:43,67
DA:45,67
DA:46,0
DA:49,67
DA:61,16825
DA:63,16825
DA:64,13758
DA:67,3067
DA:79,514
DA:81,514
DA:82,0
DA:85,514
DA:96,18
DA:97,18
DA:99,18
DA:100,12
DA:102,18
DA:109,85
DA:110,85
DA:112,85
DA:113,57
DA:115,85
DA:120,1360
DA:121,1360
DA:124,25
DA:125,25
DA:129,15999
DA:137,2720
DA:138,2720
DA:141,21017
DA:142,21017
DA:146,45881
DA:147,45881
DA:148,16143
DA:151,29738
DA:152,29738
DA:153,28862
DA:155,876
DA:159,50
DA:160,50
DA:164,2427
LF:45
LH:43
BRDA:41,0,0,67
BRDA:45,1,0,0
BRDA:45,1,1,67
BRDA:46,2,0,0
BRDA:46,2,1,0
BRDA:50,3,0,67
BRDA:50,3,1,24
BRDA:50,3,2,4
BRDA:58,4,0,16825
BRDA:63,5,0,13758
BRDA:63,5,1,3067
BRDA:64,6,0,13758
BRDA:64,6,1,39
BRDA:68,7,0,3067
BRDA:68,7,1,1165
BRDA:68,7,2,295
BRDA:76,8,0,514
BRDA:81,9,0,0
BRDA:81,9,1,514
BRDA:82,10,0,0
BRDA:82,10,1,0
BRDA:86,11,0,514
BRDA:86,11,1,246
BRDA:86,11,2,66
BRDA:94,12,0,18
BRDA:96,13,0,18
BRDA:96,13,1,0
BRDA:99,14,0,12
BRDA:99,14,1,6
BRDA:107,15,0,85
BRDA:109,16,0,85
BRDA:109,16,1,0
BRDA:112,17,0,57
BRDA:112,17,1,28
BRDA:129,18,0,15999
BRDA:129,18,1,876
BRDA:147,19,0,16143
BRDA:147,19,1,29738
BRDA:152,20,0,28862
BRDA:152,20,1,876
BRF:40
BRH:32
end_of_record
TN:
SF:packages/language/src/linking/symbol-table.ts
FN:56,addImplicitDeclaration
FN:68,addImplicitDeclarationByReference
FN:75,addExplicitDeclarationStatement
FN:94,addProcedureParameter
FN:101,addLabelStatement
FN:117,addStructureDefinition
FN:131,addAliasDefinition
FN:144,addOrdinalDefinition
FN:168,addTypeDeclaration
FN:173,addSymbolDeclaration
FN:187,allDistinctSymbols
FN:191,allDistinctTypeSymbols
FN:195,distinctMapSymbols
FN:231,(anonymous_13)
FN:231,(anonymous_14)
FN:232,(anonymous_15)
FN:237,getTypeSymbols
FN:248,getExplicitSymbols
FN:257,(anonymous_18)
FN:262,getImplicitSymbols
FN:272,(anonymous_20)
FN:279,getQualifiedSymbols
FN:283,(anonymous_22)
FN:301,redeclarationPriority
FN:314,assignRedeclaredSymbols
FN:318,(anonymous_25)
FN:356,checkRedeclaration
FN:368,(anonymous_27)
FN:375,(anonymous_28)
FN:401,reiterateSymbols
FN:435,iterateSymbols
FN:483,recursivelySetContainer
FN:484,(anonymous_32)
FN:495,handleProcedureStatement
FN:508,(anonymous_34)
FN:527,iterateSymbolTable
FN:557,(anonymous_36)
FN:567,handleNode
FN:657,getPriorityReferenceElement
FNF:39
FNH:39
FNDA:14418,addImplicitDeclaration
FNDA:14418,addImplicitDeclarationByReference
FNDA:31149,addExplicitDeclarationStatement
FNDA:39,addProcedureParameter
FNDA:9691,addLabelStatement
FNDA:28,addStructureDefinition
FNDA:49,addAliasDefinition
FNDA:32,addOrdinalDefinition
FNDA:109,addTypeDeclaration
FNDA:56687,addSymbolDeclaration
FNDA:85,allDistinctSymbols
FNDA:18,allDistinctTypeSymbols
FNDA:103,distinctMapSymbols
FNDA:10044,(anonymous_13)
FNDA:10071,(anonymous_14)
FNDA:10044,(anonymous_15)
FNDA:67,getTypeSymbols
FNDA:16825,getExplicitSymbols
FNDA:30503,(anonymous_18)
FNDA:514,getImplicitSymbols
FNDA:294,(anonymous_20)
FNDA:17406,getQualifiedSymbols
FNDA:16018,(anonymous_22)
FNDA:64,redeclarationPriority
FNDA:1328,assignRedeclaredSymbols
FNDA:57906,(anonymous_25)
FNDA:58986,checkRedeclaration
FNDA:68,(anonymous_27)
FNDA:57,(anonymous_28)
FNDA:1099,reiterateSymbols
FNDA:1328,iterateSymbols
FNDA:265760,recursivelySetContainer
FNDA:262080,(anonymous_32)
FNDA:9186,handleProcedureStatement
FNDA:38022,(anonymous_34)
FNDA:267024,iterateSymbolTable
FNDA:217171,(anonymous_36)
FNDA:267095,handleNode
FNDA:78,getPriorityReferenceElement
DA:51,11922
DA:52,11922
DA:53,11922
DA:54,11922
DA:62,14418
DA:72,14418
DA:79,31149
DA:80,31149
DA:81,32301
DA:95,39
DA:107,9691
DA:108,0
DA:111,9691
DA:121,28
DA:122,28
DA:123,0
DA:125,28
DA:135,49
DA:136,0
DA:138,49
DA:148,32
DA:149,32
DA:150,32
DA:155,32
DA:156,32
DA:157,230
DA:158,230
DA:159,230
DA:169,109
DA:170,109
DA:178,56687
DA:179,56687
DA:180,80
DA:182,56607
DA:183,56607
DA:184,56607
DA:188,85
DA:192,18
DA:199,103
DA:200,103
DA:201,12523
DA:202,2488
DA:203,2497
DA:204,2497
DA:205,2497
DA:207,2497
DA:208,24
DA:209,24
DA:210,13
DA:212,24
DA:214,2497
DA:216,9
DA:217,9
DA:219,9
DA:226,10035
DA:230,103
DA:231,10071
DA:232,10044
DA:234,103
DA:240,67
DA:241,67
DA:242,0
DA:244,67
DA:245,67
DA:251,16825
DA:252,16825
DA:253,0
DA:255,16825
DA:257,30503
DA:259,16825
DA:265,514
DA:266,514
DA:267,0
DA:270,514
DA:272,294
DA:274,514
DA:283,17406
DA:284,16018
DA:288,17406
DA:290,17406
DA:292,17406
DA:293,15888
DA:294,1518
DA:295,44
DA:297,1474
DA:302,64
DA:303,38
DA:305,26
DA:315,1328
DA:316,10911
DA:317,43031
DA:319,57906
DA:324,43031
DA:325,43031
DA:326,42128
DA:333,43031
DA:334,32
DA:335,32
DA:336,32
DA:337,32
DA:338,32
DA:339,32
DA:340,1
DA:341,1
DA:344,32
DA:357,58986
DA:359,58939
DA:360,47
DA:362,0
DA:367,47
DA:368,68
DA:370,47
DA:372,18
DA:374,29
DA:376,57
DA:380,29
DA:382,19
DA:384,10
DA:385,10
DA:386,10
DA:387,10
DA:388,12
DA:392,8
DA:395,2
DA:397,2
DA:405,1099
DA:409,1099
DA:416,1099
DA:417,71
DA:418,71
DA:420,0
DA:421,0
DA:426,71
DA:436,1328
DA:439,1328
DA:440,1328
DA:445,1328
DA:446,1328
DA:448,1328
DA:465,1328
DA:466,1328
DA:468,1328
DA:480,1328
DA:484,265760
DA:485,262080
DA:486,262080
DA:500,9186
DA:501,9186
DA:506,9186
DA:508,9186
DA:509,38022
DA:511,9186
DA:513,9175
DA:515,9175
DA:533,267024
DA:538,100
DA:540,267024
DA:542,267024
DA:546,17116
DA:548,17116
DA:549,105
DA:551,17011
DA:555,267024
DA:556,267024
DA:557,257838
DA:558,217171
DA:573,267095
DA:577,9186
DA:579,9186
DA:581,8
DA:582,8
DA:587,8
DA:590,28
DA:591,28
DA:595,49
DA:596,49
DA:599,32
DA:600,32
DA:603,9691
DA:609,9691
DA:612,31149
DA:616,31149
DA:618,13779
DA:619,13779
DA:624,13779
DA:628,47
DA:629,47
DA:630,46
DA:635,47
DA:638,588
DA:639,593
DA:640,593
DA:641,593
DA:647,588
DA:651,43755
DA:652,43755
DA:654,257909
DA:661,78
DA:662,78
DA:663,221
DA:667,78
DA:668,143
DA:673,143
DA:675,0
DA:678,0
LF:205
LH:194
BRDA:107,0,0,0
BRDA:107,0,1,9691
BRDA:107,1,0,9691
BRDA:107,1,1,9691
BRDA:122,2,0,0
BRDA:122,2,1,28
BRDA:122,3,0,28
BRDA:122,3,1,28
BRDA:122,3,2,28
BRDA:135,4,0,0
BRDA:135,4,1,49
BRDA:135,5,0,49
BRDA:135,5,1,49
BRDA:149,6,0,32
BRDA:149,6,1,0
BRDA:149,7,0,32
BRDA:149,7,1,32
BRDA:155,8,0,32
BRDA:155,8,1,0
BRDA:158,9,0,230
BRDA:158,9,1,0
BRDA:158,10,0,230
BRDA:158,10,1,230
BRDA:179,11,0,80
BRDA:179,11,1,56607
BRDA:201,12,0,2488
BRDA:201,12,1,10035
BRDA:207,13,0,2497
BRDA:207,13,1,25
BRDA:209,14,0,13
BRDA:209,14,1,11
BRDA:214,15,0,9
BRDA:214,15,1,2488
BRDA:216,16,0,9
BRDA:216,16,1,0
BRDA:241,17,0,0
BRDA:241,17,1,67
BRDA:252,18,0,0
BRDA:252,18,1,16825
BRDA:266,19,0,0
BRDA:266,19,1,514
BRDA:292,20,0,15888
BRDA:292,20,1,1518
BRDA:294,21,0,44
BRDA:294,21,1,1474
BRDA:302,22,0,38
BRDA:302,22,1,26
BRDA:319,23,0,57906
BRDA:319,23,1,43031
BRDA:319,23,2,42129
BRDA:333,24,0,32
BRDA:333,24,1,42999
BRDA:339,25,0,1
BRDA:339,25,1,31
BRDA:357,26,0,58939
BRDA:357,26,1,47
BRDA:360,27,0,0
BRDA:360,27,1,47
BRDA:370,28,0,18
BRDA:370,28,1,29
BRDA:376,29,0,57
BRDA:376,29,1,10
BRDA:376,29,2,10
BRDA:380,30,0,19
BRDA:380,30,1,10
BRDA:388,31,0,8
BRDA:388,31,1,4
BRDA:418,32,0,0
BRDA:418,32,1,71
BRDA:511,33,0,9175
BRDA:511,33,1,11
BRDA:533,34,0,100
BRDA:533,34,1,266924
BRDA:534,35,0,267024
BRDA:534,35,1,266864
BRDA:534,35,2,266814
BRDA:542,36,0,17116
BRDA:542,36,1,249908
BRDA:548,37,0,105
BRDA:548,37,1,17011
BRDA:556,38,0,257838
BRDA:556,38,1,9186
BRDA:573,39,0,9162
BRDA:573,39,1,9186
BRDA:573,39,2,8
BRDA:573,39,3,28
BRDA:573,39,4,49
BRDA:573,39,5,32
BRDA:573,39,6,9691
BRDA:573,39,7,31149
BRDA:573,39,8,13779
BRDA:573,39,9,47
BRDA:573,39,10,588
BRDA:573,39,11,43755
BRDA:581,40,0,8
BRDA:581,40,1,0
BRDA:581,41,0,8
BRDA:581,41,1,8
BRDA:618,42,0,13779
BRDA:618,42,1,0
BRDA:629,43,0,46
BRDA:629,43,1,1
BRDA:629,44,0,47
BRDA:629,44,1,46
BRDA:640,45,0,593
BRDA:640,45,1,0
BRDA:663,46,0,78
BRDA:663,46,1,143
BRDA:664,47,0,221
BRDA:664,47,1,175
BRDA:668,48,0,143
BRDA:668,48,1,0
BRDA:669,49,0,143
BRDA:669,49,1,97
BRDA:669,49,2,46
BRF:115
BRH:99
end_of_record
TN:
SF:packages/language/src/linking/tokens.ts
FN:16,isValidToken
FN:25,isNameToken
FN:41,getNameToken
FN:57,isReferenceToken
FN:75,isIncludeItemToken
FN:89,getReference
FNF:6
FNH:6
FNDA:349,isValidToken
FNDA:234,isNameToken
FNDA:32497,getNameToken
FNDA:236,isReferenceToken
FNDA:49,isIncludeItemToken
FNDA:267238,getReference
DA:17,349
DA:26,234
DA:33,13
DA:35,221
DA:42,32497
DA:45,8
DA:52,32489
DA:54,0
DA:58,236
DA:70,214
DA:72,22
DA:76,49
DA:81,8
DA:83,41
DA:90,267238
DA:92,13782
DA:94,11
DA:96,1146
DA:98,2307
DA:100,55
DA:102,7
DA:104,12
DA:106,12
DA:108,249906
LF:24
LH:23
BRDA:18,0,0,349
BRDA:18,0,1,349
BRDA:18,0,2,349
BRDA:26,1,0,13
BRDA:26,1,1,13
BRDA:26,1,2,13
BRDA:26,1,3,13
BRDA:26,1,4,13
BRDA:26,1,5,13
BRDA:42,2,0,1
BRDA:42,2,1,8
BRDA:42,2,2,32444
BRDA:42,2,3,32483
BRDA:42,2,4,32483
BRDA:42,2,5,32484
BRDA:42,2,6,32487
BRDA:42,2,7,32489
BRDA:45,3,0,8
BRDA:45,3,1,0
BRDA:52,4,0,32489
BRDA:52,4,1,0
BRDA:58,5,0,5
BRDA:58,5,1,5
BRDA:58,5,2,6
BRDA:58,5,3,6
BRDA:58,5,4,18
BRDA:58,5,5,205
BRDA:58,5,6,206
BRDA:58,5,7,209
BRDA:58,5,8,209
BRDA:58,5,9,209
BRDA:58,5,10,214
BRDA:76,6,0,2
BRDA:76,6,1,6
BRDA:76,6,2,6
BRDA:76,6,3,8
BRDA:90,7,0,13782
BRDA:90,7,1,11
BRDA:90,7,2,1146
BRDA:90,7,3,2307
BRDA:90,7,4,55
BRDA:90,7,5,7
BRDA:90,7,6,12
BRDA:90,7,7,12
BRDA:92,8,0,13782
BRDA:92,8,1,0
BRDA:94,9,0,11
BRDA:94,9,1,0
BRDA:96,10,0,1146
BRDA:96,10,1,0
BRDA:98,11,0,2307
BRDA:98,11,1,2
BRDA:100,12,0,55
BRDA:100,12,1,0
BRDA:102,13,0,7
BRDA:102,13,1,0
BRDA:104,14,0,12
BRDA:104,14,1,0
BRDA:106,15,0,12
BRDA:106,15,1,0
BRF:60
BRH:51
end_of_record
TN:
SF:packages/language/src/parser/binary-expressions.ts
FN:48,buildPrecendenceMap
FN:96,constructBinaryExpression
FNF:2
FNH:2
FNDA:24,buildPrecendenceMap
FNDA:6738,constructBinaryExpression
DA:51,24
DA:52,24
DA:53,168
DA:54,168
DA:55,408
DA:58,24
DA:61,24
DA:87,24
DA:101,6738
DA:102,11
DA:104,6727
DA:109,6142
DA:112,585
DA:113,585
DA:115,585
DA:116,1499
DA:117,1499
DA:118,1499
DA:121,1499
DA:125,1499
DA:126,1492
DA:127,1492
DA:132,585
DA:133,585
DA:135,585
DA:136,585
DA:139,585
DA:145,585
DA:153,585
[...]
BRDA:24,1,1,15
BRDA:25,2,0,1
BRDA:25,2,1,0
BRDA:30,3,0,1
BRDA:30,3,1,14
BRDA:33,4,0,1
BRDA:33,4,1,14
BRF:10
BRH:9
end_of_record
TN:
SF:packages/language/src/validation/compiler/check-arguments.ts
FN:28,CallStatement_checkArguments
FN:44,(anonymous_1)
FN:60,MemberCall_checkArguments
FN:85,(anonymous_3)
FN:108,checkArguments
FN:139,checkArgumentTypes
FN:171,getParameterDetails
FN:175,(anonymous_7)
FN:181,(anonymous_8)
FNF:9
FNH:9
FNDA:95,CallStatement_checkArguments
FNDA:39,(anonymous_1)
FNDA:1427,MemberCall_checkArguments
FNDA:240,(anonymous_3)
FNDA:212,checkArguments
FNDA:212,checkArgumentTypes
FNDA:212,getParameterDetails
FNDA:282,(anonymous_7)
FNDA:282,(anonymous_8)
DA:33,95
DA:34,95
DA:35,25
DA:38,70
DA:39,70
DA:40,70
DA:41,25
DA:44,45
DA:45,39
DA:47,95
DA:65,1427
DA:70,2
DA:72,1425
DA:73,1425
DA:74,1425
DA:75,1218
DA:77,207
DA:78,207
DA:79,0
DA:81,207
DA:82,40
DA:85,167
DA:86,240
DA:90,1427
DA:121,212
DA:122,212
DA:123,212
DA:124,12
DA:125,200
DA:126,10
DA:128,212
DA:148,212
DA:149,277
DA:150,277
DA:151,10
DA:153,267
DA:154,277
DA:159,2
DA:175,212
DA:176,282
DA:179,212
DA:181,282
DA:183,212
DA:186,212
LF:44
LH:43
BRDA:34,0,0,25
BRDA:34,0,1,70
BRDA:40,1,0,25
BRDA:40,1,1,45
BRDA:44,2,0,45
BRDA:44,2,1,0
BRDA:65,3,0,2
BRDA:65,3,1,1425
BRDA:66,4,0,1427
BRDA:66,4,1,1427
BRDA:66,4,2,1427
BRDA:74,5,0,1218
BRDA:74,5,1,207
BRDA:74,6,0,1425
BRDA:74,6,1,1365
BRDA:78,7,0,0
BRDA:78,7,1,207
BRDA:81,8,0,40
BRDA:81,8,1,167
BRDA:85,9,0,167
BRDA:85,9,1,0
BRDA:86,10,0,239
BRDA:86,10,1,1
BRDA:86,11,0,240
BRDA:86,11,1,240
BRDA:123,12,0,12
BRDA:123,12,1,200
BRDA:125,13,0,10
BRDA:125,13,1,190
BRDA:150,14,0,10
BRDA:150,14,1,267
BRDA:150,15,0,277
BRDA:150,15,1,42
BRDA:153,16,0,267
BRDA:153,16,1,32
BRDA:154,17,0,2
BRDA:154,17,1,275
BRDA:155,18,0,277
BRDA:155,18,1,267
BRDA:155,18,2,267
BRDA:179,19,0,212
BRDA:179,19,1,69
BRDA:182,20,0,13
BRDA:182,20,1,199
BRDA:183,21,0,13
BRDA:183,21,1,199
BRF:46
BRH:43
end_of_record
TN:
SF:packages/language/src/validation/language-server/LSPIS001-skip-statement-not-supported.ts
FN:17,LSPIS001_standalone_skip_directive_not_supported
FNF:1
FNH:1
FNDA:2,LSPIS001_standalone_skip_directive_not_supported
DA:21,2
DA:22,0
DA:25,2
LF:3
LH:2
BRDA:21,0,0,0
BRDA:21,0,1,2
BRF:2
BRH:1
end_of_record
TN:
SF:packages/language/src/validation/language-server/call-dimensions.ts
FN:18,checkProcedureCallsDimensions
FNF:1
FNH:1
FNDA:758,checkProcedureCallsDimensions
DA:23,758
DA:28,90
DA:29,90
DA:30,1
LF:4
LH:4
BRDA:23,0,0,90
BRDA:23,0,1,668
BRDA:24,1,0,758
BRDA:24,1,1,756
BRDA:24,1,2,696
BRDA:29,2,0,1
BRDA:29,2,1,89
BRDA:29,3,0,90
BRDA:29,3,1,90
BRF:9
BRH:9
end_of_record
TN:
SF:packages/language/src/validation/language-server/implicit-builtins.ts
FN:28,checkImplicitBuiltins
FNF:1
FNH:1
FNDA:758,checkImplicitBuiltins
DA:20,15
DA:34,758
DA:35,82
DA:38,676
DA:39,758
DA:42,758
DA:43,669
DA:49,7
DA:50,1
DA:51,1
DA:52,0
DA:54,1
DA:55,1
DA:57,7
DA:58,3
LF:15
LH:14
BRDA:34,0,0,82
BRDA:34,0,1,676
BRDA:42,1,0,669
BRDA:42,1,1,89
BRDA:42,2,0,758
BRDA:42,2,1,674
BRDA:42,2,2,550
BRDA:42,2,3,519
BRDA:49,3,0,1
BRDA:49,3,1,6
BRDA:51,4,0,0
BRDA:51,4,1,1
BRDA:57,5,0,3
BRDA:57,5,1,4
BRF:14
BRH:13
end_of_record
TN:
SF:packages/language/src/validation/macro/case.ts
FN:21,MACRO_Case
FNF:1
FNH:1
FNDA:1057,MACRO_Case
DA:26,1057
DA:27,39
DA:28,1018
DA:34,1013
DA:37,5
DA:38,5
DA:40,5
DA:43,195
DA:44,195
DA:47,195
DA:48,59
DA:49,9
DA:52,136
DA:53,2
DA:57,184
DA:58,14
DA:61,14
DA:65,14
DA:67,14
DA:68,14
DA:69,0
LF:21
LH:20
BRDA:26,0,0,39
BRDA:26,0,1,1018
BRDA:28,1,0,1013
BRDA:28,1,1,5
BRDA:29,2,0,1018
BRDA:29,2,1,1018
BRDA:29,2,2,5
BRDA:44,3,0,195
BRDA:44,3,1,59
BRDA:47,4,0,59
BRDA:47,4,1,136
BRDA:48,5,0,9
BRDA:48,5,1,50
BRDA:52,6,0,2
BRDA:52,6,1,134
BRDA:57,7,0,14
BRDA:57,7,1,170
BRDA:68,8,0,0
BRDA:68,8,1,14
BRF:19
BRH:18
end_of_record
TN:
SF:packages/language/src/validation/macro/deprecate.ts
FN:18,MACRO_Deprecate
FN:40,(anonymous_1)
FN:41,(anonymous_2)
FNF:3
FNH:3
FNDA:99,MACRO_Deprecate
FNDA:5,(anonymous_1)
FNDA:5,(anonymous_2)
DA:23,99
DA:27,8
DA:30,91
DA:34,87
DA:38,4
DA:40,5
DA:41,5
DA:44,99
DA:46,4
DA:47,5
DA:49,5
DA:53,3
DA:55,5
DA:59,1
LF:14
LH:14
BRDA:23,0,0,8
BRDA:23,0,1,91
BRDA:24,1,0,99
BRDA:24,1,1,8
BRDA:30,2,0,87
BRDA:30,2,1,4
BRDA:31,3,0,91
BRDA:31,3,1,88
BRDA:38,4,0,4
BRDA:38,4,1,0
BRDA:39,5,0,4
BRDA:39,5,1,0
BRDA:44,6,0,0
BRDA:44,6,1,99
BRDA:49,7,0,3
BRDA:49,7,1,2
BRDA:50,8,0,5
BRDA:50,8,1,5
BRDA:55,9,0,1
BRDA:55,9,1,4
BRDA:56,10,0,5
BRDA:56,10,1,5
BRF:22
BRH:19
end_of_record
TN:
SF:packages/language/src/validation/macro/nameprefix.ts
FN:19,MACRO_NamePrefix
FN:37,(anonymous_1)
FN:38,(anonymous_2)
FNF:3
FNH:3
FNDA:393,MACRO_NamePrefix
FNDA:3,(anonymous_1)
FNDA:3,(anonymous_2)
DA:24,393
DA:25,387
DA:31,6
DA:32,4
DA:34,2
DA:37,3
DA:38,3
DA:42,6
DA:44,6
DA:45,7
DA:46,7
DA:53,0
DA:56,7
LF:13
LH:12
BRDA:24,0,0,387
BRDA:24,0,1,6
BRDA:31,1,0,4
BRDA:31,1,1,2
BRDA:32,2,0,4
BRDA:32,2,1,0
BRDA:35,3,0,2
BRDA:35,3,1,0
BRDA:36,4,0,2
BRDA:36,4,1,0
BRDA:42,5,0,0
BRDA:42,5,1,6
BRDA:46,6,0,0
BRDA:46,6,1,7
BRDA:47,7,0,7
BRDA:47,7,1,7
BRDA:47,7,2,7
BRF:17
BRH:12
end_of_record
TN:
SF:packages/language/src/workspace/builtins-constants.ts
FNF:0
FNH:0
DA:16,30
LF:1
LH:1
BRF:0
BRH:0
end_of_record
TN:
SF:packages/language/src/workspace/builtins.ts
FNF:0
FNH:0
DA:16,24
DA:19,24
DA:26,24
DA:33,24
DA:34,24
DA:35,24
DA:36,24
DA:59,24
DA:66,24
DA:67,24
DA:68,24
DA:69,24
DA:102,24
DA:109,24
DA:259,24
DA:260,24
DA:262,24
DA:13957,24
DA:13964,24
DA:13965,24
DA:13966,24
DA:14584,24
LF:22
LH:22
BRF:0
BRH:0
end_of_record
TN:
SF:packages/language/src/workspace/compilation-unit.ts
FN:108,(anonymous_0)
FN:115,isPluginConfigurationUri
FN:120,createBuiltinUnitGetter
FN:124,(anonymous_3)
FN:137,createBuiltinScopeGetter
FN:141,(anonymous_5)
FN:160,createCompilationUnit
FN:209,(anonymous_7)
FN:212,(anonymous_8)
FN:217,programConfig
FN:224,processGroup
FN:238,reset
FN:268,constructor
FN:272,ready
FN:276,getCompilationUnit
FN:285,getOrCreateCompilationUnit
FN:304,createAndStoreCompilationUnit
FN:310,deleteCompilationUnit
FN:324,getAllCompilationUnits
FN:332,markReady
FN:336,listen
FN:340,(anonymous_21)
FN:344,(anonymous_22)
FN:346,(anonymous_23)
FN:362,tryCloseCompilationUnit
FN:377,updateUri
FN:378,(anonymous_26)
FN:390,(anonymous_27)
FN:409,process
FN:447,reindex
FN:452,(anonymous_30)
FN:458,(anonymous_31)
FN:475,(anonymous_32)
FNF:33
FNH:18
FNDA:2720,(anonymous_0)
FNDA:9,isPluginConfigurationUri
FNDA:30,createBuiltinUnitGetter
FNDA:2672,(anonymous_3)
FNDA:30,createBuiltinScopeGetter
FNDA:2720,(anonymous_5)
FNDA:1360,createCompilationUnit
FNDA:8,(anonymous_7)
FNDA:8,(anonymous_8)
FNDA:2386,programConfig
FNDA:2542,processGroup
FNDA:25,reset
FNDA:6,constructor
FNDA:0,ready
FNDA:3,getCompilationUnit
FNDA:9,getOrCreateCompilationUnit
FNDA:10,createAndStoreCompilationUnit
FNDA:2,deleteCompilationUnit
FNDA:2,getAllCompilationUnits
FNDA:0,markReady
FNDA:0,listen
FNDA:0,(anonymous_21)
FNDA:0,(anonymous_22)
FNDA:0,(anonymous_23)
FNDA:0,tryCloseCompilationUnit
FNDA:0,updateUri
FNDA:0,(anonymous_26)
FNDA:0,(anonymous_27)
FNDA:0,process
FNDA:0,reindex
FNDA:0,(anonymous_30)
FNDA:0,(anonymous_31)
FNDA:0,(anonymous_32)
DA:107,15
DA:108,2720
DA:109,15
DA:116,9
DA:117,9
DA:123,30
DA:124,30
DA:125,2672
DA:126,32
DA:127,32
DA:128,32
DA:129,32
DA:130,32
DA:131,32
DA:133,2672
DA:141,30
DA:142,2720
DA:143,80
DA:145,2640
DA:146,32
DA:147,32
DA:150,2640
DA:154,15
DA:155,15
DA:157,15
DA:158,15
DA:164,1360
DA:165,1360
DA:166,1360
DA:167,1320
DA:168,1320
DA:169,1320
DA:171,1360
DA:183,1360
DA:184,1360
DA:185,1360
DA:210,8
DA:213,8
DA:218,2386
DA:219,1034
DA:221,1352
DA:222,1352
DA:225,2542
DA:226,1190
DA:228,1352
DA:229,1033
DA:233,319
DA:235,1352
DA:239,25
DA:240,25
DA:241,25
DA:242,25
DA:243,25
DA:244,25
DA:245,25
DA:246,25
DA:249,1360
DA:253,6
DA:255,6
DA:260,6
DA:269,6
DA:273,0
DA:277,3
DA:288,9
DA:290,0
DA:292,9
DA:293,0
DA:294,9
DA:296,8
DA:297,8
DA:300,1
DA:305,10
DA:306,10
DA:307,10
DA:311,2
DA:312,2
DA:313,1
DA:316,1
DA:317,2
DA:319,1
DA:321,1
DA:325,2
DA:333,0
DA:337,0
DA:338,0
DA:339,0
DA:340,0
DA:341,0
DA:342,0
DA:344,0
DA:345,0
DA:346,0
DA:347,0
DA:348,0
DA:349,0
DA:352,0
DA:363,0
DA:364,0
DA:366,0
DA:368,0
DA:369,0
DA:371,0
DA:374,0
DA:378,0
DA:379,0
DA:380,0
DA:381,0
DA:383,0
DA:390,0
DA:391,0
DA:392,0
DA:393,0
DA:395,0
DA:397,0
DA:398,0
DA:415,0
DA:416,0
DA:417,0
DA:418,0
DA:420,0
DA:421,0
DA:425,0
DA:426,0
DA:428,0
DA:429,0
DA:435,0
DA:436,0
DA:438,0
DA:451,0
DA:452,0
DA:453,0
DA:454,0
DA:455,0
DA:457,0
DA:459,0
DA:460,0
DA:461,0
DA:469,0
DA:475,0
LF:139
LH:79
BRDA:117,0,0,9
BRDA:117,0,1,0
BRDA:125,1,0,32
BRDA:125,1,1,2640
BRDA:142,2,0,80
BRDA:142,2,1,2640
BRDA:145,3,0,32
BRDA:145,3,1,2608
BRDA:148,4,0,32
BRDA:148,4,1,0
BRDA:166,5,0,1320
BRDA:166,5,1,40
BRDA:218,6,0,1034
BRDA:218,6,1,1352
BRDA:225,7,0,1190
BRDA:225,7,1,1352
BRDA:228,8,0,1033
BRDA:228,8,1,319
BRDA:288,9,0,0
BRDA:288,9,1,9
BRDA:292,10,0,0
BRDA:292,10,1,9
BRDA:294,11,0,8
BRDA:294,11,1,1
BRDA:312,12,0,1
BRDA:312,12,1,1
BRDA:348,13,0,0
BRDA:348,13,1,0
BRDA:348,14,0,0
BRDA:348,14,1,0
BRDA:364,15,0,0
BRDA:364,15,1,0
BRDA:369,16,0,0
BRDA:369,16,1,0
BRDA:381,17,0,0
BRDA:381,17,1,0
BRDA:392,18,0,0
BRDA:392,18,1,0
BRDA:425,19,0,0
BRDA:425,19,1,0
BRDA:425,20,0,0
BRDA:425,20,1,0
BRDA:431,21,0,0
BRDA:431,21,1,0
BRDA:435,22,0,0
BRDA:435,22,1,0
BRDA:454,23,0,0
BRDA:454,23,1,0
BRDA:460,24,0,0
BRDA:460,24,1,0
BRF:50
BRH:22
end_of_record
TN:
SF:packages/language/src/workspace/environment.ts
FNF:0
FNH:0
DA:13,26
LF:1
LH:1
BRDA:13,0,0,26
BRDA:13,0,1,26
BRF:2
BRH:2
end_of_record
TN:
SF:packages/language/src/workspace/file-store.ts
FN:29,constructor
FN:31,(anonymous_1)
FN:36,get
FN:40,getTokens
FN:44,getComments
FN:48,getAllTokens
FN:57,getDocument
FN:63,set
FN:67,delete
FN:71,clear
FN:78,has
FN:82,keys
FN:86,values
FN:90,entries
FNF:14
FNH:12
FNDA:1360,constructor
FNDA:2640,(anonymous_1)
FNDA:3492,get
FNDA:517,getTokens
FNDA:151,getComments
FNDA:5,getAllTokens
FNDA:87,getDocument
FNDA:1517,set
FNDA:0,delete
FNDA:1385,clear
FNDA:1169,has
FNDA:1,keys
FNDA:2,values
FNDA:0,entries
DA:26,1360
DA:29,1360
DA:30,1360
DA:31,2640
DA:33,1360
DA:37,3492
DA:41,517
DA:45,151
DA:49,5
DA:50,15
DA:51,10
DA:53,5
DA:60,87
DA:64,1517
DA:68,0
DA:72,1385
DA:73,1385
DA:74,2690
DA:79,1169
DA:83,1
DA:87,2
DA:91,0
LF:22
LH:20
BRDA:50,0,0,10
BRDA:50,0,1,5
BRDA:60,1,0,87
BRDA:60,1,1,0
BRF:4
BRH:3
end_of_record
TN:
SF:packages/language/src/workspace/file-system-provider.ts
FN:22,(anonymous_0)
FN:65,readFile
FN:69,readDir
FN:73,fileExists
FN:77,writeFile
FN:81,deleteFile
FN:85,findFile
FN:92,stat
FN:126,constructor
FN:134,writeFile
FN:143,readFile
FN:154,readDir
FN:186,fileExists
FN:194,deleteFile
FN:207,getSortedFiles
FN:209,(anonymous_15)
FN:227,findFile
FN:257,stat
FNF:18
FNH:13
FNDA:24,(anonymous_0)
FNDA:0,readFile
FNDA:16,readDir
FNDA:12,fileExists
FNDA:0,writeFile
FNDA:0,deleteFile
FNDA:0,findFile
FNDA:16,stat
FNDA:1116,constructor
FNDA:3286,writeFile
FNDA:2217,readFile
FNDA:4014,readDir
FNDA:2281,fileExists
FNDA:0,deleteFile
FNDA:7,getSortedFiles
FNDA:6,(anonymous_15)
FNDA:7,findFile
FNDA:4015,stat
DA:22,24
DA:23,24
DA:24,24
DA:25,24
DA:26,24
DA:66,0
DA:70,16
DA:74,12
DA:78,0
DA:82,0
DA:89,0
DA:93,16
DA:103,24
DA:114,1116
DA:127,1116
DA:135,3286
DA:136,3286
DA:144,2217
DA:156,4014
DA:157,4014
DA:158,2067
DA:160,4014
DA:161,4014
DA:162,12162
DA:163,5996
DA:164,5996
DA:165,5996
DA:166,5996
DA:167,5996
DA:169,5996
DA:170,5996
DA:175,4014
DA:178,1968
DA:180,2046
DA:187,2281
DA:195,0
DA:196,0
DA:197,0
DA:198,0
DA:199,0
DA:208,7
DA:209,6
DA:210,6
DA:211,6
DA:212,6
DA:213,6
DA:215,0
DA:218,7
DA:231,7
DA:232,7
DA:233,7
DA:235,7
DA:236,7
DA:237,14
DA:238,6
DA:240,8
DA:241,8
DA:242,8
DA:243,0
DA:247,1
DA:258,4015
DA:259,4015
DA:260,4015
DA:261,4015
DA:262,4015
DA:263,4015
DA:264,8060
DA:265,2040
DA:266,2040
DA:270,4015
LF:70
LH:59
BRDA:22,0,0,24
BRDA:22,0,1,24
BRDA:126,1,0,1116
BRDA:157,2,0,2067
BRDA:157,2,1,1947
BRDA:162,3,0,5996
BRDA:162,3,1,6166
BRDA:165,4,0,5996
BRDA:165,4,1,0
BRDA:167,5,0,2023
BRDA:167,5,1,3973
BRDA:169,6,0,5996
BRDA:169,6,1,0
BRDA:169,7,0,5996
BRDA:169,7,1,1954
BRDA:175,8,0,1968
BRDA:175,8,1,2046
BRDA:198,9,0,0
BRDA:198,9,1,0
BRDA:198,10,0,0
BRDA:198,10,1,0
BRDA:208,11,0,6
BRDA:208,11,1,1
BRDA:210,12,0,6
BRDA:210,12,1,0
BRDA:211,13,0,6
BRDA:211,13,1,0
BRDA:212,14,0,6
BRDA:212,14,1,0
BRDA:232,15,0,7
BRDA:232,15,1,0
BRDA:237,16,0,6
BRDA:237,16,1,8
BRDA:241,17,0,8
BRDA:241,17,1,0
BRDA:242,18,0,0
BRDA:242,18,1,8
BRDA:261,19,0,4015
BRDA:261,19,1,0
BRDA:262,20,0,1947
BRDA:262,20,1,2068
BRDA:264,21,0,2040
BRDA:264,21,1,6020
BRF:43
BRH:30
end_of_record
TN:
SF:packages/language/src/workspace/lifecycle.ts
FN:30,lifecycle
FN:53,tokenize
FN:64,(anonymous_2)
FN:72,parse
FN:87,generateSymbolTable
FN:91,link
FN:104,validate
FN:108,preprocessorValidate
FNF:8
FNH:8
FNDA:25,lifecycle
FNDA:1343,tokenize
FNDA:2337,(anonymous_2)
FNDA:1343,parse
FNDA:1328,generateSymbolTable
FNDA:1099,link
FNDA:1057,validate
FNDA:1057,preprocessorValidate
DA:35,25
DA:36,25
DA:37,25
DA:38,25
DA:39,25
DA:40,25
DA:41,25
DA:42,25
DA:43,25
DA:44,25
DA:45,25
DA:46,25
DA:47,25
DA:48,25
DA:51,15
DA:57,1343
DA:62,1343
DA:63,1343
DA:64,1343
DA:65,2337
DA:67,1343
DA:68,1343
DA:69,1343
DA:73,1343
DA:77,1343
DA:78,1343
DA:80,1343
DA:81,0
DA:84,1343
DA:88,1328
DA:92,1099
DA:93,1099
DA:98,1099
DA:105,1057
DA:109,1057
LF:35
LH:34
BRDA:80,0,0,0
BRDA:80,0,1,1343
BRF:2
BRH:1
end_of_record
TN:
SF:packages/language/src/workspace/mutex.ts
FN:32,cancel
FN:40,run
FN:47,(anonymous_2)
FN:66,read
FN:71,createMutex
FNF:5
FNH:1
FNDA:0,cancel
FNDA:0,run
FNDA:0,(anonymous_2)
FNDA:0,read
FNDA:1366,createMutex
DA:29,1366
DA:30,1366
DA:33,0
DA:34,0
DA:41,0
DA:42,0
DA:43,0
DA:45,0
DA:46,0
DA:47,0
DA:48,0
DA:49,0
DA:51,0
DA:52,0
DA:53,0
DA:55,0
DA:58,0
DA:67,0
DA:72,1366
LF:19
LH:3
BRDA:40,0,0,0
BRDA:42,1,0,0
BRDA:42,1,1,0
BRDA:48,2,0,0
BRDA:48,2,1,0
BRF:5
BRH:0
end_of_record
TN:
SF:packages/language/src/workspace/plugin-configuration-provider.ts
FN:98,deserializeProcessGroup
FN:138,validatePluginConfig
FN:230,constructor
FN:243,getLastProcGrpsSnapshot
FN:250,getConfigLspDiagnostics
FN:254,getConfigInternalDiagnostics
FN:264,init
FN:274,buildLibFileMatchers
FN:281,(anonymous_8)
FN:314,isLibFileCandidate
FN:348,reloadConfigurations
FN:358,loadConfigurations
FN:400,loadProgramConfig
FN:447,writeProcessGroupsFile
FN:465,defaultProgramConfigContent
FN:485,writeProgramConfigFile
FN:503,getWorkspacePath
FN:507,isPgmConfigDocumentUri
FN:517,isProcGrpsDocumentUri
FN:527,isPluginConfigDocumentUri
FN:531,getProcessGroupNames
FN:540,loadProcessGroupConfig
FN:576,postProcessProcessGroups
FN:629,postProcessProgramConfigs
FN:650,parseProgramConfigs
FN:672,setProgramConfigs
FN:700,resolveProgramPath
FN:712,isAbsolutePath
FN:725,parseProcessGroupConfigs
FN:745,getConfigUri
FN:760,setProcessGroupConfigs
FN:786,addProgramConfig
FN:806,getProgramConfig
FN:836,hasProgramConfig
FN:844,hasRegisteredProgramConfigs
FN:853,getProcessGroupConfig
FN:863,getProcessGroupConfigFromLib
FNF:37
FNH:34
FNDA:70,deserializeProcessGroup
FNDA:1038,validatePluginConfig
FNDA:1138,constructor
FNDA:21,getLastProcGrpsSnapshot
FNDA:0,getConfigLspDiagnostics
FNDA:1035,getConfigInternalDiagnostics
FNDA:1121,init
FNDA:5,buildLibFileMatchers
FNDA:1,(anonymous_8)
FNDA:9,isLibFileCandidate
FNDA:2,reloadConfigurations
FNDA:1123,loadConfigurations
FNDA:1123,loadProgramConfig
FNDA:995,writeProcessGroupsFile
FNDA:4,defaultProgramConfigContent
FNDA:1032,writeProgramConfigFile
FNDA:3316,getWorkspacePath
FNDA:10,isPgmConfigDocumentUri
FNDA:0,isProcGrpsDocumentUri
FNDA:0,isPluginConfigDocumentUri
FNDA:1055,getProcessGroupNames
FNDA:1123,loadProcessGroupConfig
FNDA:2214,postProcessProcessGroups
FNDA:6543,postProcessProgramConfigs
FNDA:1040,parseProgramConfigs
FNDA:2159,setProgramConfigs
FNDA:1123,resolveProgramPath
FNDA:1123,isAbsolutePath
FNDA:1091,parseProcessGroupConfigs
FNDA:5500,getConfigUri
FNDA:2214,setProcessGroupConfigs
FNDA:4,addProgramConfig
FNDA:4151,getProgramConfig
FNDA:1,hasProgramConfig
FNDA:17,hasRegisteredProgramConfigs
FNDA:6351,getProcessGroupConfig
FNDA:6,getProcessGroupConfigFromLib
DA:101,70
DA:102,70
DA:103,70
DA:104,70
DA:105,70
DA:106,70
DA:107,70
DA:108,70
DA:146,1038
DA:147,1038
DA:149,1038
DA:150,1038
DA:151,1038
DA:156,1038
DA:157,7
DA:158,7
DA:160,1038
DA:231,1138
DA:232,1138
DA:233,1138
DA:234,1138
DA:235,1138
DA:236,1138
DA:237,1138
DA:244,21
DA:251,0
DA:255,1035
DA:265,1121
DA:266,1121
DA:275,5
DA:276,5
DA:277,0
DA:279,5
DA:280,5
DA:281,1
DA:287,1
DA:288,0
DA:290,1
DA:291,1
DA:292,0
DA:294,1
DA:295,1
DA:296,1
DA:297,1
DA:298,1
DA:299,1
DA:301,1
DA:302,1
DA:306,5
DA:315,9
DA:316,5
DA:318,9
DA:319,9
DA:320,7
DA:322,2
DA:326,2
DA:327,2
DA:328,0
DA:330,2
DA:331,2
DA:332,2
DA:333,1
DA:335,1
DA:336,1
DA:337,1
DA:338,0
DA:340,1
DA:349,2
DA:350,2
DA:359,1123
DA:361,1123
DA:366,1123
DA:369,1123
DA:372,1123
DA:373,1123
DA:374,1038
DA:379,1038
DA:380,1038
DA:384,1123
DA:386,1123
DA:389,1123
DA:393,1123
DA:403,1123
DA:405,1123
DA:406,1040
DA:409,1040
DA:410,1040
DA:417,0
DA:419,1040
DA:425,1040
DA:428,0
DA:433,83
DA:434,83
DA:435,83
DA:450,995
DA:451,995
DA:452,995
DA:460,0
DA:461,0
DA:466,4
DA:488,1032
DA:489,1032
DA:490,1032
DA:495,0
DA:496,0
DA:504,3316
DA:508,10
DA:509,10
DA:514,10
DA:518,0
DA:519,0
DA:524,0
DA:528,0
DA:532,1055
DA:543,1123
DA:544,1079
DA:546,1079
DA:547,1079
DA:550,1079
DA:551,1079
DA:552,1079
DA:554,0
DA:557,0
DA:562,44
DA:563,44
DA:566,44
DA:579,2214
DA:580,2214
DA:581,2214
DA:583,2214
DA:584,1172
DA:589,1172
DA:590,1172
DA:592,1172
DA:593,1172
DA:594,1968
DA:595,1968
DA:596,1968
DA:597,1968
DA:598,1968
DA:606,1968
DA:607,1968
DA:613,2214
DA:614,1091
DA:620,1123
DA:622,2214
DA:630,6543
DA:631,4274
DA:634,4274
DA:638,4274
DA:639,4274
DA:655,1040
DA:656,1040
DA:657,1040
DA:658,1040
DA:659,0
DA:661,1040
DA:662,1040
DA:676,2159
DA:678,2159
DA:679,1123
DA:686,1123
DA:692,2159
DA:701,1123
DA:702,1123
DA:703,8
DA:705,1115
DA:714,1123
DA:715,1123
DA:717,1123
DA:728,1091
DA:729,1091
DA:730,1091
DA:734,1091
DA:735,0
DA:737,1091
DA:741,1091
DA:742,1091
DA:746,5500
DA:764,2214
DA:765,2214
DA:768,1172
DA:774,2214
DA:775,2214
DA:776,2214
DA:777,2214
DA:790,4
DA:808,4151
DA:809,4151
DA:810,4151
DA:811,23
DA:814,4128
DA:815,3233
DA:816,0
DA:818,3233
DA:820,3233
DA:821,3093
DA:824,0
DA:830,1035
DA:837,1
DA:845,17
DA:854,6351
DA:864,6
DA:865,6
DA:866,6
DA:867,5
DA:871,5
DA:874,1
LF:208
LH:186
BRDA:101,0,0,70
BRDA:101,0,1,70
BRDA:102,1,0,70
BRDA:102,1,1,7
BRDA:103,2,0,70
BRDA:103,2,1,1
BRDA:104,3,0,70
BRDA:104,3,1,70
BRDA:105,4,0,70
BRDA:105,4,1,70
BRDA:110,5,0,70
BRDA:110,5,1,0
BRDA:114,6,0,70
BRDA:114,6,1,0
BRDA:115,7,0,70
BRDA:115,7,1,0
BRDA:120,8,0,70
BRDA:120,8,1,0
BRDA:121,9,0,0
BRDA:121,9,1,70
BRDA:126,10,0,0
BRDA:126,10,1,70
BRDA:132,11,0,0
BRDA:132,11,1,70
BRDA:276,12,0,0
BRDA:276,12,1,5
BRDA:276,13,0,5
BRDA:276,13,1,5
BRDA:282,14,0,1
BRDA:282,14,1,0
BRDA:287,15,0,0
BRDA:287,15,1,1
BRDA:291,16,0,0
BRDA:291,16,1,1
BRDA:297,17,0,1
BRDA:297,17,1,0
BRDA:315,18,0,5
BRDA:315,18,1,4
BRDA:319,19,0,7
BRDA:319,19,1,2
BRDA:327,20,0,0
BRDA:327,20,1,2
BRDA:332,21,0,1
BRDA:332,21,1,1
BRDA:337,22,0,0
BRDA:337,22,1,1
BRDA:373,23,0,1038
BRDA:373,23,1,85
BRDA:373,24,0,1123
BRDA:373,24,1,1040
BRDA:405,25,0,1040
BRDA:405,25,1,83
BRDA:409,26,0,1040
BRDA:409,26,1,0
BRDA:410,27,0,0
BRDA:410,27,1,1040
BRDA:448,28,0,995
BRDA:486,29,0,1032
BRDA:508,30,0,0
BRDA:508,30,1,10
BRDA:518,31,0,0
BRDA:518,31,1,0
BRDA:528,32,0,0
BRDA:528,32,1,0
BRDA:543,33,0,1079
BRDA:543,33,1,44
BRDA:546,34,0,1079
BRDA:546,34,1,0
BRDA:595,35,0,1968
BRDA:595,35,1,3
BRDA:613,36,0,1091
BRDA:613,36,1,1123
BRDA:653,37,0,1040
BRDA:658,38,0,0
BRDA:658,38,1,1040
BRDA:702,39,0,8
BRDA:702,39,1,1115
BRDA:714,40,0,1123
BRDA:714,40,1,1120
BRDA:715,41,0,1123
BRDA:715,41,1,1048
BRDA:717,42,0,1123
BRDA:717,42,1,1120
BRDA:734,43,0,0
BRDA:734,43,1,1091
BRDA:810,44,0,23
BRDA:810,44,1,4128
BRDA:815,45,0,0
BRDA:815,45,1,3233
BRDA:820,46,0,3093
BRDA:820,46,1,140
BRDA:867,47,0,5
BRDA:867,47,1,0
BRDA:868,48,0,5
BRDA:868,48,1,3
BRF:95
BRH:69
end_of_record
TN:
SF:packages/language/src/workspace/workspace-context.ts
FN:40,constructor
FNF:1
FNH:1
FNDA:1129,constructor
DA:41,1129
DA:44,1129
LF:2
LH:2
BRF:0
BRH:0
end_of_record
