TN:
SF:packages/language/src/index.ts
FNF:0
FNH:0
LF:0
LH:0
BRF:0
BRH:0
end_of_record
TN:
SF:packages/language/src/config/compiler-options-merge.ts
FN:31,mergeAbstractOptions
FNF:1
FNH:1
FNDA:3119,mergeAbstractOptions
DA:35,3119
DA:41,3119
DA:42,1
DA:43,1
DA:44,1
DA:45,1
DA:47,3119
DA:48,2091
DA:49,10
DA:50,10
DA:51,10
DA:52,10
DA:55,3119
LF:13
LH:13
BRDA:47,0,0,2091
BRDA:47,0,1,1028
BRF:2
BRH:2
end_of_record
TN:
SF:packages/language/src/config/lib-expander.ts
FN:51,safeStat
FN:63,safeReadDir
FN:77,(anonymous_2)
FN:116,expandGroup
FN:122,(anonymous_4)
FN:144,(anonymous_5)
FN:158,expandLib
FN:209,expandDirectoryTree
FN:265,tryReadDataset
FN:312,compareByDepthThenName
FNF:10
FNH:10
FNDA:2046,safeStat
FNDA:4010,safeReadDir
FNDA:21,(anonymous_2)
FNDA:1155,expandGroup
FNDA:2046,(anonymous_4)
FNDA:84,(anonymous_5)
FNDA:2046,expandLib
FNDA:79,expandDirectoryTree
FNDA:1981,tryReadDataset
FNDA:20,compareByDepthThenName
DA:49,21
DA:55,2046
DA:56,2046
DA:57,2046
DA:59,0
DA:67,4010
DA:68,4010
DA:70,1960
DA:77,21
DA:78,21
DA:79,21
DA:80,21
DA:121,1155
DA:122,2046
DA:125,1155
DA:126,1155
DA:127,1155
DA:128,2046
DA:129,1960
DA:130,1960
DA:132,86
DA:133,92
DA:136,92
DA:137,90
DA:142,1155
DA:143,1155
DA:144,84
DA:146,1155
DA:163,2046
DA:164,2046
DA:165,2046
DA:166,2046
DA:167,2046
DA:168,2046
DA:169,2046
DA:172,2046
DA:173,65
DA:174,65
DA:176,1981
DA:179,0
DA:184,1981
DA:185,1981
DA:186,7
DA:195,1974
DA:196,1974
DA:197,14
DA:198,14
DA:200,1960
DA:214,79
DA:215,79
DA:217,79
DA:218,85
DA:219,85
DA:221,85
DA:222,85
DA:223,85
DA:224,93
DA:225,6
DA:229,6
DA:231,87
DA:232,0
DA:234,87
DA:235,87
DA:236,87
DA:238,87
DA:239,87
DA:242,17
DA:243,17
DA:244,17
DA:249,85
DA:257,79
DA:270,1981
DA:271,1981
DA:272,1981
DA:273,1981
DA:274,30
DA:278,0
DA:281,1951
DA:283,1951
DA:287,1951
DA:288,1981
DA:289,1981
DA:291,2000
DA:292,72
DA:294,1928
DA:295,1928
DA:296,7
DA:297,7
DA:298,7
DA:302,1951
DA:303,1944
DA:305,7
DA:313,20
DA:314,20
DA:315,20
DA:316,20
DA:317,20
DA:318,10
DA:320,10
LF:99
LH:95
BRDA:77,0,0,21
BRDA:77,0,1,21
BRDA:128,1,0,1960
BRDA:128,1,1,86
BRDA:136,2,0,90
BRDA:136,2,1,2
BRDA:167,3,0,2046
BRDA:167,3,1,0
BRDA:172,4,0,65
BRDA:172,4,1,1981
BRDA:176,5,0,0
BRDA:176,5,1,1981
BRDA:185,6,0,7
BRDA:185,6,1,1974
BRDA:196,7,0,14
BRDA:196,7,1,1960
BRDA:219,8,0,85
BRDA:219,8,1,0
BRDA:224,9,0,6
BRDA:224,9,1,87
BRDA:231,10,0,0
BRDA:231,10,1,87
BRDA:235,11,0,87
BRDA:235,11,1,0
BRDA:239,12,0,17
BRDA:239,12,1,70
BRDA:243,13,0,17
BRDA:243,13,1,0
BRDA:273,14,0,30
BRDA:273,14,1,1951
BRDA:287,15,0,1951
BRDA:287,15,1,0
BRDA:291,16,0,72
BRDA:291,16,1,1928
BRDA:295,17,0,7
BRDA:295,17,1,1921
BRDA:297,18,0,7
BRDA:297,18,1,0
BRDA:302,19,0,1944
BRDA:302,19,1,7
BRDA:315,20,0,20
BRDA:315,20,1,8
BRDA:316,21,0,20
BRDA:316,21,1,11
BRDA:317,22,0,10
BRDA:317,22,1,10
BRF:46
BRH:38
end_of_record
TN:
SF:packages/language/src/config/loader.ts
FN:62,parseProgramConfigs
FN:103,parseProcessGroupConfigs
FN:139,readProgramConfig
FN:162,readProcessGroup
FN:233,findProperty
FN:249,readStringField
FN:262,readBooleanField
FN:275,readNumberField
FN:288,readStringArray
FN:299,(anonymous_9)
FN:307,makeItem
FN:321,createParseErrorDiagnostics
FN:326,(anonymous_12)
FN:340,createStructureDiagnostic
FN:362,toLspDiagnostic
FNF:15
FNH:13
FNDA:4,parseProgramConfigs
FNDA:1078,parseProcessGroupConfigs
FNDA:4,readProgramConfig
FNDA:1079,readProcessGroup
FNDA:10805,findProperty
FNDA:1087,readStringField
FNDA:3237,readBooleanField
FNDA:1079,readNumberField
FNDA:3241,readStringArray
FNDA:5068,(anonymous_9)
FNDA:8164,makeItem
FNDA:1082,createParseErrorDiagnostics
FNDA:0,(anonymous_12)
FNDA:0,createStructureDiagnostic
FNDA:1960,toLspDiagnostic
DA:54,21
DA:55,21
DA:66,4
DA:67,4
DA:68,4
DA:69,4
DA:70,4
DA:74,4
DA:75,4
DA:81,0
DA:84,0
DA:87,4
DA:88,4
DA:89,4
DA:90,4
DA:91,4
DA:92,4
DA:95,4
DA:107,1078
DA:108,1078
DA:109,1078
DA:110,1078
DA:111,1078
DA:115,1078
DA:116,1078
DA:122,0
DA:125,0
DA:128,1078
DA:129,1078
DA:130,1078
DA:131,1079
DA:132,1079
DA:133,1079
DA:136,1078
DA:144,4
DA:145,0
DA:147,4
DA:148,4
DA:149,4
DA:150,4
DA:151,0
DA:153,4
DA:159,4
DA:167,1079
DA:168,0
DA:170,1079
DA:171,1079
DA:172,1079
DA:173,0
DA:175,1079
DA:181,1079
DA:182,1079
DA:188,1079
DA:195,1079
DA:196,1079
DA:198,1079
DA:205,1079
DA:212,1079
DA:219,1079
DA:237,10805
DA:238,186
DA:240,10619
DA:241,26206
DA:242,26206
DA:243,8299
DA:246,2320
DA:255,1087
DA:256,1087
DA:257,0
DA:259,1087
DA:268,3237
DA:269,3237
DA:270,1229
DA:272,2008
DA:281,1079
DA:282,1079
DA:283,1078
DA:285,1
DA:294,3241
DA:295,3241
DA:296,137
DA:298,3104
DA:299,3104
DA:300,5068
DA:301,5068
DA:304,3104
DA:313,8164
DA:318,8164
DA:326,1082
DA:327,0
DA:328,0
DA:345,0
DA:366,1960
DA:371,1960
DA:374,1960
LF:95
LH:83
BRDA:75,0,0,0
BRDA:75,0,1,4
BRDA:76,1,0,4
BRDA:76,1,1,4
BRDA:76,1,2,4
BRDA:76,1,3,4
BRDA:88,2,0,4
BRDA:88,2,1,0
BRDA:91,3,0,4
BRDA:91,3,1,0
BRDA:116,4,0,0
BRDA:116,4,1,1078
BRDA:117,5,0,1078
BRDA:117,5,1,1078
BRDA:117,5,2,1078
BRDA:117,5,3,1078
BRDA:129,6,0,1078
BRDA:129,6,1,0
BRDA:132,7,0,1079
BRDA:132,7,1,0
BRDA:144,8,0,0
BRDA:144,8,1,4
BRDA:144,9,0,4
BRDA:144,9,1,4
BRDA:150,10,0,0
BRDA:150,10,1,4
BRDA:150,11,0,4
BRDA:150,11,1,4
BRDA:167,12,0,0
BRDA:167,12,1,1079
BRDA:167,13,0,1079
BRDA:167,13,1,1079
BRDA:172,14,0,0
BRDA:172,14,1,1079
BRDA:198,15,0,1079
BRDA:198,15,1,67
BRDA:205,16,0,1079
BRDA:205,16,1,1078
BRDA:212,17,0,1079
BRDA:212,17,1,1075
BRDA:237,18,0,186
BRDA:237,18,1,10619
BRDA:237,19,0,10805
BRDA:237,19,1,10619
BRDA:237,19,2,10619
BRDA:242,20,0,8299
BRDA:242,20,1,17907
BRDA:242,21,0,26206
BRDA:242,21,1,26206
BRDA:256,22,0,0
BRDA:256,22,1,1087
BRDA:256,23,0,1087
BRDA:256,23,1,1087
BRDA:269,24,0,1229
BRDA:269,24,1,2008
BRDA:269,25,0,3237
BRDA:269,25,1,2008
BRDA:282,26,0,1078
BRDA:282,26,1,1
BRDA:282,27,0,1079
BRDA:282,27,1,1
BRDA:295,28,0,137
BRDA:295,28,1,3104
BRDA:295,29,0,3241
BRDA:295,29,1,3104
BRDA:295,29,2,3104
BRDA:300,30,0,5068
BRDA:300,30,1,0
BRDA:371,31,0,1957
BRDA:371,31,1,3
BRDA:371,32,0,1960
BRDA:371,32,1,1960
BRDA:378,33,0,1960
BRDA:378,33,1,1960
BRF:74
BRH:62
end_of_record
TN:
SF:packages/language/src/config/path-resolver.ts
FN:25,resolveLibUri
FN:46,resolveLibFileUri
FNF:2
FNH:2
FNDA:2140,resolveLibUri
FNDA:94,resolveLibFileUri
DA:30,2140
DA:31,2140
DA:32,2140
DA:33,2
DA:35,2138
DA:36,15
DA:38,2123
DA:52,94
DA:53,94
LF:9
LH:9
BRDA:32,0,0,2
BRDA:32,0,1,2138
BRDA:35,1,0,15
BRDA:35,1,1,2123
BRDA:36,2,0,15
BRDA:36,2,1,9
BRDA:53,3,0,90
BRDA:53,3,1,4
BRF:8
BRH:8
end_of_record
TN:
SF:packages/language/src/config/schema.ts
FN:51,plainItem
FN:136,(anonymous_1)
FN:171,isLibsDir
FNF:3
FNH:3
FNDA:4794,plainItem
FNDA:21,(anonymous_1)
FNDA:188,isLibsDir
DA:52,4794
DA:136,21
DA:137,21
DA:138,21
DA:172,188
LF:5
LH:5
BRDA:136,0,0,21
BRDA:136,0,1,21
BRF:2
BRH:2
end_of_record
TN:
SF:packages/language/src/documentation/jsdoc.ts
FN:55,isJSDocParagraph
FN:103,parseJSDoc
FN:136,isJSDoc
FN:150,getLines
FN:172,tokenize
FN:259,buildInlineTokens
FN:352,skipWhitespace
FN:361,lastCharacter
FN:371,parseJSDocComment
FN:401,parseJSDocElement
FN:417,appendEmptyLine
FN:428,parseJSDocText
FN:444,parseJSDocInline
FN:453,parseJSDocTag
FN:481,parseJSDocLine
FN:510,normalizeOption
FN:531,(anonymous_16)
FN:536,(anonymous_17)
FN:537,(anonymous_18)
FN:540,(anonymous_19)
FN:541,(anonymous_20)
FN:544,(anonymous_21)
FN:545,(anonymous_22)
FN:548,(anonymous_23)
FN:561,(anonymous_24)
FN:574,(anonymous_25)
FN:578,(anonymous_26)
FN:596,(anonymous_27)
FN:600,(anonymous_28)
FN:602,(anonymous_29)
FN:613,(anonymous_30)
FN:625,(anonymous_31)
FN:641,(anonymous_32)
FN:645,(anonymous_33)
FN:676,renderInlineTag
FN:701,renderLinkDefault
FN:714,(anonymous_36)
FN:719,(anonymous_37)
FN:732,(anonymous_38)
FN:750,(anonymous_39)
FN:755,(anonymous_40)
FN:758,(anonymous_41)
FN:763,fillNewlines
FNF:43
FNH:41
FNDA:462,isJSDocParagraph
FNDA:80,parseJSDoc
FNDA:62,isJSDoc
FNDA:142,getLines
FNDA:80,tokenize
FNDA:636,buildInlineTokens
FNDA:1025,skipWhitespace
FNDA:872,lastCharacter
FNDA:80,parseJSDocComment
FNDA:433,parseJSDocElement
FNDA:105,appendEmptyLine
FNDA:327,parseJSDocText
FNDA:638,parseJSDocInline
FNDA:158,parseJSDocTag
FNDA:638,parseJSDocLine
FNDA:12,normalizeOption
FNDA:80,(anonymous_16)
FNDA:0,(anonymous_17)
FNDA:0,(anonymous_18)
FNDA:54,(anonymous_19)
FNDA:136,(anonymous_20)
FNDA:54,(anonymous_21)
FNDA:228,(anonymous_22)
FNDA:5,(anonymous_23)
FNDA:18,(anonymous_24)
FNDA:160,(anonymous_25)
FNDA:38,(anonymous_26)
FNDA:20,(anonymous_27)
FNDA:67,(anonymous_28)
FNDA:67,(anonymous_29)
FNDA:158,(anonymous_30)
FNDA:2,(anonymous_31)
FNDA:17,(anonymous_32)
FNDA:16,(anonymous_33)
FNDA:5,renderInlineTag
FNDA:4,renderLinkDefault
FNDA:334,(anonymous_36)
FNDA:111,(anonymous_37)
FNDA:235,(anonymous_38)
FNDA:743,(anonymous_39)
FNDA:367,(anonymous_40)
FNDA:664,(anonymous_41)
FNDA:16,fillNewlines
DA:21,4
DA:56,462
DA:107,80
DA:109,80
DA:110,18
DA:112,62
DA:117,80
DA:118,18
DA:121,80
DA:123,80
DA:129,80
DA:137,62
DA:138,62
DA:139,0
DA:142,62
DA:143,62
DA:144,62
DA:145,62
DA:147,62
DA:151,142
DA:152,142
DA:153,18
DA:155,124
DA:157,142
DA:158,142
DA:169,4
DA:170,4
DA:173,80
DA:174,80
DA:175,80
DA:176,80
DA:177,872
DA:178,872
DA:179,872
DA:180,872
DA:182,872
DA:183,80
DA:184,80
DA:185,80
DA:188,792
DA:189,792
DA:190,780
DA:193,872
DA:194,80
DA:195,80
DA:196,80
DA:200,872
DA:201,872
DA:203,872
DA:205,235
DA:206,171
DA:207,171
DA:214,637
DA:215,637
DA:216,637
DA:217,152
DA:218,152
DA:219,152
DA:220,152
DA:224,152
DA:229,152
DA:230,152
DA:233,637
DA:234,636
DA:235,636
DA:236,636
DA:247,872
DA:248,872
DA:252,80
DA:253,66
DA:256,14
DA:265,636
DA:267,636
DA:268,630
DA:269,630
DA:270,630
DA:276,6
DA:277,6
DA:278,6
DA:279,6
DA:280,6
DA:281,1
DA:290,6
DA:291,6
DA:292,6
DA:303,6
DA:304,6
DA:305,6
DA:306,6
DA:307,6
DA:319,0
DA:328,6
DA:330,6
DA:331,6
DA:332,1
DA:346,636
DA:349,4
DA:350,4
DA:353,1025
DA:354,1025
DA:355,789
DA:357,236
DA:362,872
DA:363,872
DA:364,872
DA:366,0
DA:372,80
DA:376,80
DA:377,0
DA:379,80
DA:380,80
DA:381,80
DA:382,433
DA:383,433
DA:384,328
DA:385,176
DA:386,121
DA:388,55
DA:391,152
DA:392,152
DA:396,80
DA:397,80
DA:398,80
DA:405,433
DA:406,433
DA:407,152
DA:408,281
DA:409,176
DA:411,105
DA:412,105
DA:413,105
DA:418,105
DA:419,105
DA:420,105
DA:421,50
DA:423,55
DA:429,327
DA:430,327
DA:431,327
DA:432,327
DA:433,327
DA:434,638
DA:435,638
DA:436,638
DA:438,327
DA:445,638
DA:446,638
DA:447,6
DA:449,632
DA:454,158
DA:455,158
DA:456,158
DA:457,158
DA:458,157
DA:459,6
DA:460,6
DA:467,151
DA:468,151
DA:476,1
DA:477,1
DA:482,638
DA:483,638
DA:504,4
DA:514,12
DA:516,12
DA:517,12
DA:518,8
DA:520,4
DA:523,0
DA:532,80
DA:533,80
DA:537,0
DA:541,136
DA:545,228
DA:549,5
DA:550,5
DA:551,6
DA:552,5
DA:554,1
DA:555,1
DA:558,5
DA:562,18
DA:563,18
DA:564,33
DA:565,18
DA:567,15
DA:568,15
DA:571,18
DA:578,160
DA:579,38
DA:580,38
DA:581,38
DA:582,38
DA:583,49
DA:584,49
DA:585,49
DA:586,49
DA:587,49
DA:589,38
DA:590,38
DA:594,80
DA:596,20
DA:598,80
DA:600,67
DA:603,67
DA:619,158
DA:620,158
DA:621,158
DA:622,158
DA:626,2
DA:627,2
DA:628,2
DA:629,1
DA:630,1
DA:631,1
DA:633,2
DA:635,0
DA:637,2
DA:642,17
DA:646,16
DA:647,16
DA:648,5
DA:649,5
DA:650,5
DA:653,11
DA:654,11
DA:655,11
DA:656,0
DA:657,0
DA:658,0
DA:659,0
DA:661,11
DA:662,11
DA:663,2
DA:664,9
DA:665,9
DA:667,11
DA:669,0
DA:671,11
DA:681,5
DA:682,5
DA:683,5
DA:684,5
DA:685,1
DA:686,1
DA:687,1
DA:689,5
DA:691,2
DA:694,5
DA:696,5
DA:698,0
DA:702,4
DA:703,4
DA:704,4
DA:706,1
DA:715,334
DA:716,334
DA:720,111
DA:721,111
DA:722,367
DA:723,367
DA:724,367
DA:725,367
DA:726,256
DA:729,111
DA:733,235
DA:734,235
DA:735,669
DA:736,669
DA:737,669
DA:738,669
DA:739,434
DA:742,235
DA:751,743
DA:752,743
DA:756,367
DA:759,664
DA:764,16
DA:765,8
DA:767,8
LF:280
LH:267
BRDA:109,0,0,18
BRDA:109,0,1,62
BRDA:117,1,0,18
BRDA:117,1,1,62
BRDA:138,2,0,0
BRDA:138,2,1,62
BRDA:147,3,0,62
BRDA:147,3,1,62
BRDA:152,4,0,18
BRDA:152,4,1,124
BRDA:182,5,0,80
BRDA:182,5,1,792
BRDA:182,6,0,872
BRDA:182,6,1,80
BRDA:184,7,0,80
BRDA:184,7,1,0
BRDA:189,8,0,780
BRDA:189,8,1,12
BRDA:193,9,0,80
BRDA:193,9,1,792
BRDA:195,10,0,80
BRDA:195,10,1,0
BRDA:203,11,0,235
BRDA:203,11,1,637
BRDA:205,12,0,171
BRDA:205,12,1,64
BRDA:216,13,0,152
BRDA:216,13,1,485
BRDA:233,14,0,636
BRDA:233,14,1,1
BRDA:252,15,0,66
BRDA:252,15,1,14
BRDA:252,16,0,80
BRDA:252,16,1,80
BRDA:267,17,0,630
BRDA:267,17,1,6
BRDA:280,18,0,1
BRDA:280,18,1,5
BRDA:304,19,0,6
BRDA:304,19,1,0
BRDA:331,20,0,1
BRDA:331,20,1,5
BRDA:354,21,0,789
BRDA:354,21,1,236
BRDA:363,22,0,872
BRDA:363,22,1,0
BRDA:363,23,0,872
BRDA:363,23,1,872
BRDA:376,24,0,0
BRDA:376,24,1,80
BRDA:383,25,0,328
BRDA:383,25,1,105
BRDA:384,26,0,176
BRDA:384,26,1,152
BRDA:385,27,0,121
BRDA:385,27,1,55
BRDA:396,28,0,80
BRDA:396,28,1,0
BRDA:397,29,0,80
BRDA:397,29,1,0
BRDA:406,30,0,152
BRDA:406,30,1,281
BRDA:408,31,0,176
BRDA:408,31,1,105
BRDA:408,32,0,281
BRDA:408,32,1,110
BRDA:418,33,0,105
BRDA:418,33,1,0
BRDA:420,34,0,50
BRDA:420,34,1,55
BRDA:433,35,0,327
BRDA:433,35,1,885
BRDA:433,35,2,781
BRDA:446,36,0,6
BRDA:446,36,1,632
BRDA:457,37,0,157
BRDA:457,37,1,1
BRDA:458,38,0,6
BRDA:458,38,1,151
BRDA:514,39,0,12
BRDA:514,39,1,0
BRDA:514,40,0,12
BRDA:514,40,1,8
BRDA:516,41,0,4
BRDA:516,41,1,8
BRDA:517,42,0,8
BRDA:517,42,1,4
BRDA:551,43,0,5
BRDA:551,43,1,1
BRDA:564,44,0,18
BRDA:564,44,1,15
BRDA:628,45,0,1
BRDA:628,45,1,1
BRDA:630,46,0,1
BRDA:630,46,1,0
BRDA:633,47,0,0
BRDA:633,47,1,2
BRDA:642,48,0,17
BRDA:642,48,1,16
BRDA:647,49,0,5
BRDA:647,49,1,11
BRDA:648,50,0,5
BRDA:648,50,1,3
BRDA:649,51,0,5
BRDA:649,51,1,0
BRDA:654,52,0,11
BRDA:654,52,1,0
BRDA:654,53,0,11
BRDA:654,53,1,11
BRDA:656,54,0,0
BRDA:656,54,1,0
BRDA:658,55,0,0
BRDA:658,55,1,0
BRDA:662,56,0,2
BRDA:662,56,1,9
BRDA:664,57,0,9
BRDA:664,57,1,0
BRDA:667,58,0,0
BRDA:667,58,1,11
BRDA:681,59,0,5
BRDA:681,59,1,0
BRDA:681,60,0,5
BRDA:681,60,1,5
BRDA:681,60,2,4
BRDA:684,61,0,1
BRDA:684,61,1,4
BRDA:689,62,0,2
BRDA:689,62,1,3
BRDA:689,63,0,5
BRDA:689,63,1,4
BRDA:689,63,2,4
BRDA:694,64,0,5
BRDA:694,64,1,4
BRDA:725,65,0,256
BRDA:725,65,1,111
BRDA:725,66,0,367
BRDA:725,66,1,256
BRDA:738,67,0,434
BRDA:738,67,1,235
BRDA:738,68,0,669
BRDA:738,68,1,434
BRDA:764,69,0,8
BRDA:764,69,1,8
BRF:143
BRH:122
end_of_record
TN:
SF:packages/language/src/language-server/commands.ts
FN:17,commandResolveInclude
FN:29,commandCreateConfig
FN:43,commandRemoveUnresolvedLib
FNF:3
FNH:2
FNDA:5,commandResolveInclude
FNDA:3,commandCreateConfig
FNDA:0,commandRemoveUnresolvedLib
DA:21,5
DA:22,5
DA:23,5
DA:25,2
DA:33,3
DA:34,0
DA:36,3
DA:37,3
DA:38,0
DA:40,3
DA:47,0
DA:48,0
DA:49,0
DA:51,0
DA:52,0
DA:54,0
LF:16
LH:8
BRDA:33,0,0,0
BRDA:33,0,1,3
BRDA:37,1,0,0
BRDA:37,1,1,3
BRDA:48,2,0,0
BRDA:48,2,1,0
BRDA:48,3,0,0
BRDA:48,3,1,0
BRF:8
BRH:2
end_of_record
TN:
SF:packages/language/src/language-server/connection-handler.ts
FN:62,startLanguageServer
FN:74,publishPluginConfigDiagnostics
FN:85,withReadMutex
FN:90,(anonymous_3)
FN:97,(anonymous_4)
FN:103,(anonymous_5)
FN:157,(anonymous_6)
FN:163,(anonymous_7)
FN:171,(anonymous_8)
FN:175,(anonymous_9)
FN:192,(anonymous_10)
FN:196,(anonymous_11)
FN:214,selectCompletionMode
FN:234,(anonymous_13)
FN:246,(anonymous_14)
FN:253,(anonymous_15)
FN:270,(anonymous_16)
FN:275,(anonymous_17)
FN:279,(anonymous_18)
FN:306,(anonymous_19)
FN:310,(anonymous_20)
FN:332,(anonymous_21)
FN:335,(anonymous_22)
FN:348,(anonymous_23)
FN:352,(anonymous_24)
FN:360,(anonymous_25)
FN:361,(anonymous_26)
FN:367,(anonymous_27)
FN:371,(anonymous_28)
FN:383,(anonymous_29)
FN:395,(anonymous_30)
FN:398,(anonymous_31)
FN:404,(anonymous_32)
FN:410,(anonymous_33)
FN:411,(anonymous_34)
FN:420,(anonymous_35)
FN:431,(anonymous_36)
FN:438,(anonymous_37)
FN:463,(anonymous_38)
FNF:39
FNH:0
FNDA:0,startLanguageServer
FNDA:0,publishPluginConfigDiagnostics
FNDA:0,withReadMutex
FNDA:0,(anonymous_3)
FNDA:0,(anonymous_4)
FNDA:0,(anonymous_5)
FNDA:0,(anonymous_6)
FNDA:0,(anonymous_7)
FNDA:0,(anonymous_8)
FNDA:0,(anonymous_9)
FNDA:0,(anonymous_10)
FNDA:0,(anonymous_11)
FNDA:0,selectCompletionMode
FNDA:0,(anonymous_13)
FNDA:0,(anonymous_14)
FNDA:0,(anonymous_15)
FNDA:0,(anonymous_16)
FNDA:0,(anonymous_17)
FNDA:0,(anonymous_18)
FNDA:0,(anonymous_19)
FNDA:0,(anonymous_20)
FNDA:0,(anonymous_21)
FNDA:0,(anonymous_22)
FNDA:0,(anonymous_23)
FNDA:0,(anonymous_24)
FNDA:0,(anonymous_25)
FNDA:0,(anonymous_26)
FNDA:0,(anonymous_27)
FNDA:0,(anonymous_28)
FNDA:0,(anonymous_29)
FNDA:0,(anonymous_30)
FNDA:0,(anonymous_31)
FNDA:0,(anonymous_32)
FNDA:0,(anonymous_33)
FNDA:0,(anonymous_34)
FNDA:0,(anonymous_35)
FNDA:0,(anonymous_36)
FNDA:0,(anonymous_37)
FNDA:0,(anonymous_38)
DA:66,0
DA:69,0
DA:70,0
DA:71,0
DA:72,0
DA:77,0
DA:78,0
DA:89,0
DA:90,0
DA:91,0
DA:93,0
DA:94,0
DA:95,0
DA:97,0
DA:98,0
DA:103,0
DA:105,0
DA:106,0
DA:157,0
DA:158,0
DA:159,0
DA:160,0
DA:164,0
DA:168,0
DA:169,0
DA:171,0
DA:172,0
DA:173,0
DA:176,0
DA:178,0
DA:179,0
DA:182,0
DA:183,0
DA:184,0
DA:185,0
DA:188,0
DA:192,0
DA:193,0
DA:194,0
DA:197,0
DA:198,0
DA:199,0
DA:201,0
DA:202,0
DA:207,0
DA:218,0
DA:219,0
DA:222,0
DA:226,0
DA:228,0
DA:229,0
DA:231,0
DA:234,0
DA:235,0
DA:236,0
DA:237,0
DA:241,0
DA:242,0
DA:243,0
DA:244,0
DA:247,0
DA:248,0
DA:249,0
DA:251,0
DA:252,0
DA:253,0
DA:256,0
DA:260,0
DA:261,0
DA:262,0
DA:264,0
DA:265,0
DA:270,0
DA:275,0
DA:276,0
DA:277,0
DA:280,0
DA:281,0
DA:282,0
DA:284,0
DA:285,0
DA:286,0
DA:287,0
DA:288,0
DA:289,0
DA:290,0
DA:291,0
DA:294,0
DA:302,0
DA:306,0
DA:307,0
DA:308,0
DA:311,0
DA:312,0
DA:313,0
DA:315,0
DA:316,0
DA:317,0
DA:318,0
DA:319,0
DA:320,0
DA:321,0
DA:322,0
DA:328,0
DA:332,0
DA:333,0
DA:336,0
DA:337,0
DA:338,0
DA:342,0
DA:348,0
DA:349,0
DA:350,0
DA:353,0
DA:354,0
DA:355,0
DA:357,0
DA:358,0
DA:359,0
DA:360,0
DA:362,0
DA:367,0
DA:368,0
DA:369,0
DA:372,0
DA:373,0
DA:374,0
DA:376,0
DA:377,0
DA:378,0
DA:379,0
DA:380,0
DA:381,0
DA:382,0
DA:384,0
DA:391,0
DA:395,0
DA:396,0
DA:399,0
DA:400,0
DA:401,0
DA:403,0
DA:404,0
DA:410,0
DA:411,0
DA:412,0
DA:418,0
DA:422,0
DA:423,0
DA:426,0
DA:429,0
DA:432,0
DA:433,0
DA:434,0
DA:438,0
DA:439,0
DA:441,0
DA:444,0
DA:445,0
DA:449,0
DA:451,0
DA:452,0
DA:454,0
DA:459,0
DA:463,0
DA:464,0
DA:466,0
DA:467,0
DA:469,0
DA:470,0
DA:472,0
DA:473,0
DA:477,0
LF:173
LH:0
BRDA:94,0,0,0
BRDA:94,0,1,0
BRDA:105,1,0,0
BRDA:105,1,1,0
BRDA:178,2,0,0
BRDA:178,2,1,0
BRDA:178,3,0,0
BRDA:178,3,1,0
BRDA:184,4,0,0
BRDA:184,4,1,0
BRDA:198,5,0,0
BRDA:198,5,1,0
BRDA:198,6,0,0
BRDA:198,6,1,0
BRDA:219,7,0,0
BRDA:219,7,1,0
BRDA:222,8,0,0
BRDA:222,8,1,0
BRDA:223,9,0,0
BRDA:223,9,1,0
BRDA:223,9,2,0
BRDA:223,9,3,0
BRDA:228,10,0,0
BRDA:228,10,1,0
BRDA:241,11,0,0
BRDA:241,11,1,0
BRDA:243,12,0,0
BRDA:243,12,1,0
BRDA:248,13,0,0
BRDA:248,13,1,0
BRDA:248,14,0,0
BRDA:248,14,1,0
BRDA:261,15,0,0
BRDA:261,15,1,0
BRDA:281,16,0,0
BRDA:281,16,1,0
BRDA:281,17,0,0
BRDA:281,17,1,0
BRDA:289,18,0,0
BRDA:289,18,1,0
BRDA:291,19,0,0
BRDA:291,19,1,0
BRDA:312,20,0,0
BRDA:312,20,1,0
BRDA:312,21,0,0
BRDA:312,21,1,0
BRDA:320,22,0,0
BRDA:320,22,1,0
BRDA:337,23,0,0
BRDA:337,23,1,0
BRDA:337,24,0,0
BRDA:337,24,1,0
BRDA:354,25,0,0
BRDA:354,25,1,0
BRDA:354,26,0,0
BRDA:354,26,1,0
BRDA:373,27,0,0
BRDA:373,27,1,0
BRDA:373,28,0,0
BRDA:373,28,1,0
BRDA:381,29,0,0
BRDA:381,29,1,0
BRDA:400,30,0,0
BRDA:400,30,1,0
BRDA:400,31,0,0
BRDA:400,31,1,0
BRDA:441,32,0,0
BRDA:441,32,1,0
BRDA:444,33,0,0
BRDA:444,33,1,0
BRDA:449,34,0,0
BRDA:449,34,1,0
BRDA:452,35,0,0
BRDA:452,35,1,0
BRDA:452,36,0,0
BRDA:452,36,1,0
BRDA:459,37,0,0
BRDA:459,37,1,0
BRDA:464,38,0,0
BRDA:464,38,1,0
BRDA:464,38,2,0
BRF:81
BRH:0
end_of_record
TN:
SF:packages/language/src/language-server/constants.ts
FN:12,(anonymous_0)
FN:39,(anonymous_1)
FNF:2
FNH:2
FNDA:21,(anonymous_0)
FNDA:21,(anonymous_1)
DA:12,21
DA:13,21
DA:14,21
DA:15,21
DA:23,21
DA:39,21
DA:40,21
DA:41,21
DA:42,21
LF:9
LH:9
BRDA:12,0,0,21
BRDA:12,0,1,21
BRDA:39,1,0,21
BRDA:39,1,1,21
BRF:4
BRH:4
end_of_record
TN:
SF:packages/language/src/language-server/definition-request.ts
FN:25,definitionRequest
FNF:1
FNH:1
FNDA:185,definitionRequest
DA:30,185
DA:31,185
DA:32,185
DA:33,0
DA:35,185
DA:36,0
DA:43,185
DA:44,180
DA:45,180
DA:46,7
DA:49,173
DA:50,2
DA:52,171
DA:53,173
DA:54,173
DA:55,0
DA:57,173
DA:66,5
DA:72,5
DA:73,5
DA:77,4
DA:80,5
DA:81,5
DA:82,5
DA:92,176
LF:25
LH:22
BRDA:32,0,0,0
BRDA:32,0,1,185
BRDA:35,1,0,0
BRDA:35,1,1,185
BRDA:35,2,0,185
BRDA:35,2,1,0
BRDA:43,3,0,180
BRDA:43,3,1,5
BRDA:43,4,0,185
BRDA:43,4,1,180
BRDA:45,5,0,7
BRDA:45,5,1,173
BRDA:45,6,0,180
BRDA:45,6,1,180
BRDA:49,7,0,2
BRDA:49,7,1,171
BRDA:54,8,0,0
BRDA:54,8,1,173
BRDA:66,9,0,5
BRDA:66,9,1,0
BRDA:66,10,0,5
BRDA:66,10,1,5
BRDA:66,10,2,4
BRDA:66,10,3,1
BRDA:73,11,0,4
BRDA:73,11,1,1
BRDA:74,12,0,5
BRDA:74,12,1,4
BRDA:81,13,0,5
BRDA:81,13,1,0
BRF:30
BRH:24
end_of_record
TN:
SF:packages/language/src/language-server/document-symbol-builder.ts
FN:42,(anonymous_0)
FN:49,(anonymous_1)
FN:63,(anonymous_2)
FN:92,(anonymous_3)
FN:106,(anonymous_4)
FN:117,(anonymous_5)
FN:133,(anonymous_6)
FN:144,(anonymous_7)
FN:153,(anonymous_8)
FN:206,(anonymous_9)
FN:211,(anonymous_10)
FN:241,(anonymous_11)
FN:247,(anonymous_12)
FN:263,(anonymous_13)
FN:296,createDocumentSymbol
FN:312,getTokenRange
FNF:16
FNH:16
FNDA:251,(anonymous_0)
FNDA:7,(anonymous_1)
FNDA:7,(anonymous_2)
FNDA:244,(anonymous_3)
FNDA:13,(anonymous_4)
FNDA:23,(anonymous_5)
FNDA:25,(anonymous_6)
FNDA:31,(anonymous_7)
FNDA:26,(anonymous_8)
FNDA:13,(anonymous_9)
FNDA:24,(anonymous_10)
FNDA:13,(anonymous_11)
FNDA:231,(anonymous_12)
FNDA:2,(anonymous_13)
FNDA:33,createDocumentSymbol
FNDA:7,getTokenRange
DA:43,251
DA:54,7
DA:56,7
DA:60,0
DA:62,7
DA:63,7
DA:65,7
DA:67,7
DA:68,0
DA:70,7
DA:71,7
DA:73,7
DA:74,7
DA:75,7
DA:76,7
DA:80,7
DA:87,7
DA:93,244
DA:97,231
DA:103,13
DA:111,13
DA:112,13
DA:113,13
DA:115,13
DA:116,13
DA:117,23
DA:119,23
DA:124,13
DA:125,24
DA:128,13
DA:130,13
DA:139,25
DA:141,25
DA:142,25
DA:145,31
DA:149,4
DA:152,25
DA:153,26
DA:155,26
DA:158,2
DA:166,24
DA:171,24
DA:173,24
DA:174,0
DA:177,24
DA:182,0
DA:185,24
DA:198,25
DA:207,13
DA:208,13
DA:212,24
DA:213,11
DA:214,11
DA:217,13
DA:218,13
DA:219,16
DA:222,13
DA:223,11
DA:224,11
DA:225,11
DA:226,11
DA:229,2
DA:232,13
DA:234,13
DA:235,33
DA:236,3
DA:242,13
DA:248,231
DA:252,222
DA:255,9
DA:256,9
DA:257,0
DA:260,9
DA:268,2
DA:269,2
DA:270,0
DA:273,2
DA:274,2
DA:275,2
DA:277,2
DA:278,0
DA:281,2
DA:292,2
DA:303,33
DA:313,7
DA:314,0
DA:316,7
DA:317,7
DA:318,7
DA:319,7
DA:320,7
DA:322,7
DA:326,2
LF:93
LH:85
BRDA:44,0,0,251
BRDA:44,0,1,7
BRDA:56,1,0,0
BRDA:56,1,1,7
BRDA:57,2,0,7
BRDA:57,2,1,7
BRDA:67,3,0,0
BRDA:67,3,1,7
BRDA:67,4,0,7
BRDA:67,4,1,7
BRDA:73,5,0,7
BRDA:73,5,1,0
BRDA:74,6,0,7
BRDA:74,6,1,0
BRDA:75,7,0,7
BRDA:75,7,1,0
BRDA:75,8,0,7
BRDA:75,8,1,7
BRDA:75,8,2,7
BRDA:93,9,0,231
BRDA:93,9,1,13
BRDA:94,10,0,244
BRDA:94,10,1,13
BRDA:142,11,0,4
BRDA:142,11,1,21
BRDA:145,12,0,31
BRDA:145,12,1,31
BRDA:155,13,0,2
BRDA:155,13,1,24
BRDA:162,14,0,2
BRDA:162,14,1,0
BRDA:166,15,0,24
BRDA:166,15,1,0
BRDA:167,16,0,24
BRDA:167,16,1,24
BRDA:167,16,2,24
BRDA:173,17,0,0
BRDA:173,17,1,24
BRDA:173,18,0,24
BRDA:173,18,1,24
BRDA:177,19,0,0
BRDA:177,19,1,24
BRDA:178,20,0,24
BRDA:178,20,1,24
BRDA:178,20,2,24
BRDA:186,21,0,24
BRDA:186,21,1,13
BRDA:212,22,0,11
BRDA:212,22,1,13
BRDA:218,23,0,13
BRDA:218,23,1,18
BRDA:222,24,0,11
BRDA:222,24,1,2
BRDA:224,25,0,11
BRDA:224,25,1,0
BRDA:225,26,0,11
BRDA:225,26,1,6
BRDA:235,27,0,3
BRDA:235,27,1,30
BRDA:248,28,0,222
BRDA:248,28,1,9
BRDA:249,29,0,231
BRDA:249,29,1,9
BRDA:256,30,0,0
BRDA:256,30,1,9
BRDA:256,31,0,9
BRDA:256,31,1,9
BRDA:269,32,0,0
BRDA:269,32,1,2
BRDA:277,33,0,0
BRDA:277,33,1,2
BRDA:277,34,0,2
BRDA:277,34,1,2
BRDA:308,35,0,0
BRDA:308,35,1,33
BRDA:313,36,0,0
BRDA:313,36,1,7
BRDA:318,37,0,7
BRDA:318,37,1,0
BRF:79
BRH:63
end_of_record
TN:
SF:packages/language/src/language-server/document-symbol-request.ts
FN:21,documentSymbolRequest
FN:36,(anonymous_1)
FN:37,(anonymous_2)
FN:48,(anonymous_3)
FN:59,(anonymous_4)
FN:77,(anonymous_5)
FN:85,includes
FNF:7
FNH:7
FNDA:7,documentSymbolRequest
FNDA:251,(anonymous_1)
FNDA:251,(anonymous_2)
FNDA:726,(anonymous_3)
FNDA:15,(anonymous_4)
FNDA:22,(anonymous_5)
FNDA:15,includes
DA:27,7
DA:28,7
DA:29,7
DA:30,7
DA:32,0
DA:35,7
DA:36,251
DA:38,251
DA:39,251
DA:40,165
DA:42,251
DA:43,251
DA:46,7
DA:47,7
DA:48,726
DA:49,251
DA:51,22
DA:58,22
DA:59,22
DA:60,15
DA:63,22
DA:64,15
DA:65,15
DA:67,7
DA:69,7
DA:70,7
DA:76,22
DA:77,22
DA:79,22
DA:82,7
DA:86,15
LF:31
LH:30
BRDA:30,0,0,0
BRDA:30,0,1,7
BRDA:36,1,0,251
BRDA:36,1,1,251
BRDA:39,2,0,165
BRDA:39,2,1,86
BRDA:49,3,0,229
BRDA:49,3,1,22
BRDA:63,4,0,15
BRDA:63,4,1,7
BRDA:69,5,0,7
BRDA:69,5,1,0
BRDA:87,6,0,15
BRDA:87,6,1,15
BRF:14
BRH:12
end_of_record
TN:
SF:packages/language/src/language-server/hover-request.ts
FN:65,extractProcedureParams
FN:90,extractProcedureOptions
FN:148,getLabelPrefixRepresentation
FN:176,decodeDimensions
FN:182,(anonymous_4)
FN:192,decodeBound
FN:219,getIncludeItemRepresentation
FN:254,generateIncludeItemMarkup
FN:269,getNodeRepresentation
FN:301,computeIncludeType
FN:318,(anonymous_10)
FN:367,(anonymous_11)
FN:374,(anonymous_12)
FN:388,(anonymous_13)
FN:399,generateMarkup
FN:403,(anonymous_15)
FN:413,(anonymous_16)
FN:416,hoverRequest
FN:452,getJSDocCommentBeforeLabelPrefix
FNF:19
FNH:19
FNDA:6,extractProcedureParams
FNDA:6,extractProcedureOptions
FNDA:6,getLabelPrefixRepresentation
FNDA:5,decodeDimensions
FNDA:10,(anonymous_4)
FNDA:10,decodeBound
FNDA:3,getIncludeItemRepresentation
FNDA:6,generateIncludeItemMarkup
FNDA:18,getNodeRepresentation
FNDA:2,computeIncludeType
FNDA:44,(anonymous_10)
FNDA:44,(anonymous_11)
FNDA:44,(anonymous_12)
FNDA:44,(anonymous_13)
FNDA:44,generateMarkup
FNDA:176,(anonymous_15)
FNDA:176,(anonymous_16)
FNDA:44,hoverRequest
FNDA:63,getJSDocCommentBeforeLabelPrefix
DA:68,6
DA:69,0
DA:71,6
DA:72,6
DA:73,11
DA:74,11
DA:76,0
DA:78,11
DA:80,6
DA:93,6
DA:94,0
DA:96,6
DA:97,6
DA:98,14
DA:100,4
DA:101,4
DA:102,6
DA:103,6
DA:106,4
DA:107,4
DA:109,10
DA:113,2
DA:114,8
DA:115,2
DA:116,6
DA:118,6
DA:119,6
DA:120,6
DA:121,11
DA:125,11
DA:127,5
DA:133,6
DA:137,6
DA:141,6
DA:150,6
DA:152,6
DA:153,0
DA:157,6
DA:158,6
DA:159,0
DA:163,6
DA:164,6
DA:165,0
DA:168,6
DA:177,5
DA:178,5
DA:179,5
DA:180,5
DA:181,5
DA:182,10
DA:184,5
DA:193,10
DA:194,5
DA:196,5
DA:197,5
DA:198,0
DA:199,5
DA:203,5
DA:206,0
DA:224,3
DA:225,0
DA:227,3
DA:228,3
DA:229,3
DA:230,0
DA:232,3
DA:233,3
DA:234,0
DA:237,3
DA:239,0
DA:241,3
DA:259,6
DA:260,6
DA:262,0
DA:273,18
DA:275,8
DA:282,6
DA:285,2
DA:286,2
DA:288,1
DA:290,1
DA:291,1
DA:292,1
DA:293,1
DA:295,0
DA:297,0
DA:302,2
DA:303,2
DA:304,2
DA:305,1
DA:311,2
DA:318,3
DA:319,44
DA:320,12
DA:323,32
DA:324,32
DA:325,0
DA:328,32
DA:333,30
DA:334,30
DA:335,0
DA:337,30
DA:338,30
DA:339,13
DA:341,4
DA:343,9
DA:347,9
DA:348,8
DA:349,8
DA:352,26
DA:353,26
DA:360,2
DA:367,3
DA:368,44
DA:369,3
DA:371,41
DA:374,3
DA:375,44
DA:379,1
DA:381,43
DA:388,3
DA:389,44
DA:390,8
DA:392,36
DA:403,44
DA:404,176
DA:405,176
DA:407,0
DA:411,44
DA:413,176
DA:421,44
DA:422,44
DA:423,0
DA:425,44
DA:426,44
DA:427,0
DA:430,44
DA:436,44
DA:440,44
DA:441,44
DA:443,44
DA:456,63
DA:457,0
DA:459,63
DA:460,63
DA:463,0
DA:465,63
DA:466,63
DA:467,63
DA:468,0
DA:470,63
DA:474,63
DA:478,63
DA:479,63
DA:480,63
DA:486,19
DA:488,63
DA:499,3
DA:501,63
DA:508,40
DA:509,40
DA:510,1
DA:513,62
DA:514,62
DA:517,0
LF:165
LH:141
BRDA:68,0,0,0
BRDA:68,0,1,6
BRDA:74,1,0,0
BRDA:74,1,1,11
BRDA:80,2,0,5
BRDA:80,2,1,1
BRDA:93,3,0,0
BRDA:93,3,1,6
BRDA:98,4,0,4
BRDA:98,4,1,10
BRDA:102,5,0,6
BRDA:102,5,1,0
BRDA:102,6,0,6
BRDA:102,6,1,6
BRDA:106,7,0,4
BRDA:106,7,1,0
BRDA:109,8,0,2
BRDA:109,8,1,8
BRDA:110,9,0,10
BRDA:110,9,1,2
BRDA:114,10,0,2
BRDA:114,10,1,6
BRDA:116,11,0,6
BRDA:116,11,1,0
BRDA:121,12,0,11
BRDA:121,12,1,0
BRDA:122,13,0,11
BRDA:122,13,1,11
BRDA:125,14,0,5
BRDA:125,14,1,6
BRDA:141,15,0,6
BRDA:141,15,1,0
BRDA:152,16,0,0
BRDA:152,16,1,6
BRDA:158,17,0,0
BRDA:158,17,1,6
BRDA:164,18,0,0
BRDA:164,18,1,6
BRDA:169,19,0,6
BRDA:169,19,1,0
BRDA:193,20,0,5
BRDA:193,20,1,5
BRDA:193,21,0,10
BRDA:193,21,1,5
BRDA:197,22,0,0
BRDA:197,22,1,5
BRDA:199,23,0,5
BRDA:199,23,1,0
BRDA:200,24,0,5
BRDA:200,24,1,0
BRDA:224,25,0,0
BRDA:224,25,1,3
BRDA:224,26,0,3
BRDA:224,26,1,3
BRDA:229,27,0,0
BRDA:229,27,1,3
BRDA:233,28,0,0
BRDA:233,28,1,3
BRDA:237,29,0,0
BRDA:237,29,1,3
BRDA:259,30,0,6
BRDA:259,30,1,0
BRDA:259,31,0,6
BRDA:259,31,1,6
BRDA:273,32,0,8
BRDA:273,32,1,6
BRDA:273,32,2,2
BRDA:273,32,3,2
BRDA:273,32,4,1
BRDA:273,32,5,1
BRDA:273,32,6,0
BRDA:275,33,0,8
BRDA:275,33,1,0
BRDA:275,34,0,8
BRDA:275,34,1,0
BRDA:292,35,0,1
BRDA:292,35,1,0
BRDA:292,36,0,1
BRDA:292,36,1,1
BRDA:304,37,0,1
BRDA:304,37,1,1
BRDA:304,38,0,2
BRDA:304,38,1,1
BRDA:319,39,0,12
BRDA:319,39,1,32
BRDA:319,40,0,44
BRDA:319,40,1,32
BRDA:324,41,0,0
BRDA:324,41,1,32
BRDA:328,42,0,30
BRDA:328,42,1,2
BRDA:329,43,0,32
BRDA:329,43,1,32
BRDA:329,43,2,7
BRDA:334,44,0,0
BRDA:334,44,1,30
BRDA:338,45,0,13
BRDA:338,45,1,17
BRDA:339,46,0,4
BRDA:339,46,1,9
BRDA:347,47,0,8
BRDA:347,47,1,1
BRDA:349,48,0,8
BRDA:349,48,1,0
BRDA:353,49,0,26
BRDA:353,49,1,10
BRDA:368,50,0,3
BRDA:368,50,1,41
BRDA:368,51,0,44
BRDA:368,51,1,44
BRDA:375,52,0,1
BRDA:375,52,1,43
BRDA:376,53,0,44
BRDA:376,53,1,44
BRDA:389,54,0,8
BRDA:389,54,1,36
BRDA:389,55,0,44
BRDA:389,55,1,44
BRDA:422,56,0,0
BRDA:422,56,1,44
BRDA:426,57,0,0
BRDA:426,57,1,44
BRDA:456,58,0,0
BRDA:456,58,1,63
BRDA:460,59,0,0
BRDA:460,59,1,63
BRDA:460,60,0,63
BRDA:460,60,1,63
BRDA:467,61,0,0
BRDA:467,61,1,63
BRDA:467,62,0,63
BRDA:467,62,1,63
BRDA:478,63,0,63
BRDA:478,63,1,0
BRDA:482,64,0,63
BRDA:482,64,1,61
BRDA:482,64,2,61
BRDA:489,65,0,63
BRDA:489,65,1,43
BRDA:489,65,2,3
BRDA:501,66,0,40
BRDA:501,66,1,23
BRDA:509,67,0,1
BRDA:509,67,1,39
BRDA:513,68,0,62
BRDA:513,68,1,0
BRF:146
BRH:112
end_of_record
TN:
SF:packages/language/src/language-server/margin-indicator.ts
FN:26,marginIndicator
FNF:1
FNH:1
FNDA:7,marginIndicator
DA:22,14
DA:30,7
DA:31,7
DA:37,7
DA:38,7
DA:39,6
DA:40,6
LF:7
LH:7
BRDA:33,0,0,6
BRDA:33,0,1,1
BRDA:34,1,0,6
BRDA:34,1,1,1
BRDA:38,2,0,6
BRDA:38,2,1,1
BRDA:38,3,0,7
BRDA:38,3,1,1
BRF:8
BRH:8
end_of_record
TN:
SF:packages/language/src/language-server/references-request.ts
FN:17,referencesRequest
FNF:1
FNH:1
FNDA:7,referencesRequest
DA:22,7
LF:1
LH:1
BRF:0
BRH:0
end_of_record
TN:
SF:packages/language/src/language-server/rename-request.ts
FN:19,renameRequest
FN:27,(anonymous_1)
FNF:2
FNH:0
FNDA:0,renameRequest
FNDA:0,(anonymous_1)
DA:24,0
DA:25,0
DA:27,0
DA:30,0
LF:4
LH:0
BRF:0
BRH:0
end_of_record
TN:
SF:packages/language/src/language-server/semantic-token-decoder.ts
FN:15,(anonymous_0)
FN:24,decode
FNF:2
FNH:2
FNDA:3,(anonymous_0)
FNDA:83,decode
DA:15,3
DA:24,3
DA:28,83
DA:30,83
DA:31,83
DA:33,83
DA:34,1295
DA:35,1295
DA:36,367
DA:38,1295
DA:39,1295
DA:41,1295
DA:42,1295
DA:43,1295
DA:44,41440
DA:45,50
DA:48,1295
DA:58,1295
DA:60,83
LF:19
LH:19
BRDA:35,0,0,367
BRDA:35,0,1,928
BRDA:44,1,0,50
BRDA:44,1,1,41390
BRDA:15,2,0,3
BRDA:15,2,1,3
BRF:6
BRH:6
end_of_record
TN:
SF:packages/language/src/language-server/semantic-tokens.ts
FN:34,(anonymous_0)
FN:49,(anonymous_1)
FN:54,(anonymous_2)
FN:57,(anonymous_3)
FN:62,semanticTokens
FN:129,handleCommentTokens
FN:164,tokenModifier
FN:176,tokenType
FN:239,getReferenceTarget
FN:267,isProcedureKind
FN:283,isProcedureType
FN:294,isProcedurePrefix
FN:305,isVariableType
FN:323,isEnumToken
FN:327,isEnumMemberToken
FN:331,isTypeToken
FN:335,isClassToken
FN:346,isFirstStructureItem
FNF:18
FNH:18
FNDA:21,(anonymous_0)
FNDA:21,(anonymous_1)
FNDA:504,(anonymous_2)
FNDA:42,(anonymous_3)
FNDA:83,semanticTokens
FNDA:16,handleCommentTokens
FNDA:1190,tokenModifier
FNDA:2150,tokenType
FNDA:2150,getReferenceTarget
FNDA:270,isProcedureKind
FNDA:1964,isProcedureType
FNDA:270,isProcedurePrefix
FNDA:1822,isVariableType
FNDA:1752,isEnumToken
FNDA:1747,isEnumMemberToken
FNDA:1734,isTypeToken
FNDA:1826,isClassToken
FNDA:100,isFirstStructureItem
DA:34,21
DA:35,21
DA:36,21
DA:37,21
DA:38,21
DA:39,21
DA:40,21
DA:41,21
DA:42,21
DA:43,21
DA:44,21
DA:45,21
DA:46,21
DA:49,21
DA:50,21
DA:53,21
DA:55,504
DA:58,42
DA:67,83
DA:68,83
DA:69,83
DA:70,0
DA:72,83
DA:73,83
DA:74,83
DA:76,2169
DA:80,11
DA:81,11
DA:84,2169
DA:88,19
DA:89,19
DA:93,79
DA:94,79
DA:95,79
DA:103,19
DA:106,2150
DA:107,2150
DA:108,1190
DA:109,1190
DA:119,83
DA:120,5
DA:121,5
DA:123,83
DA:134,16
DA:136,5
DA:143,5
DA:145,11
DA:146,27
DA:148,27
DA:149,11
DA:151,16
DA:152,16
DA:156,16
DA:158,27
DA:159,21
DA:165,1190
DA:166,1190
DA:167,1190
DA:168,5
DA:170,1185
DA:171,50
DA:173,1185
DA:177,2150
DA:178,2150
DA:179,188
DA:181,142
DA:182,142
DA:184,0
DA:187,2
DA:189,5
DA:191,2
DA:193,35
DA:194,4
DA:196,31
DA:200,1964
DA:201,138
DA:202,1826
DA:203,4
DA:204,1822
DA:205,70
DA:206,1752
DA:207,5
DA:208,1747
DA:209,13
DA:210,1734
DA:211,2
DA:212,1732
DA:213,3
DA:214,1729
DA:215,1
DA:216,1728
DA:217,2
DA:220,1726
DA:221,20
DA:222,1706
DA:223,70
DA:227,1636
DA:228,152
DA:229,1484
DA:230,524
DA:233,960
DA:240,2150
DA:242,59
DA:243,59
DA:245,0
DA:247,127
DA:248,127
DA:250,0
DA:253,7
DA:254,7
DA:256,0
DA:259,2
DA:260,2
DA:262,0
DA:264,1955
DA:268,270
DA:269,0
DA:272,270
DA:273,250
DA:276,20
DA:277,20
DA:280,0
DA:284,1964
DA:287,10
DA:289,128
DA:291,1826
DA:295,270
DA:300,270
DA:302,0
DA:306,1822
DA:318,70
DA:320,1752
DA:324,1752
DA:328,1747
DA:332,1734
DA:336,1826
DA:337,1826
DA:341,65
DA:343,1761
DA:347,100
DA:351,100
DA:352,88
DA:354,12
LF:143
LH:134
BRDA:34,0,0,21
BRDA:34,0,1,21
BRDA:49,1,0,21
BRDA:49,1,1,21
BRDA:69,2,0,0
BRDA:69,2,1,83
BRDA:69,3,0,83
BRDA:69,3,1,83
BRDA:77,4,0,2169
BRDA:77,4,1,130
BRDA:84,5,0,19
BRDA:84,5,1,2150
BRDA:85,6,0,2169
BRDA:85,6,1,19
BRDA:107,7,0,1190
BRDA:107,7,1,960
BRDA:134,8,0,5
BRDA:134,8,1,11
BRDA:146,9,0,11
BRDA:146,9,1,16
BRDA:148,10,0,11
BRDA:148,10,1,16
BRDA:158,11,0,21
BRDA:158,11,1,6
BRDA:167,12,0,5
BRDA:167,12,1,1185
BRDA:170,13,0,50
BRDA:170,13,1,1135
BRDA:178,14,0,188
BRDA:178,14,1,1962
BRDA:179,15,0,142
BRDA:179,15,1,2
BRDA:179,15,2,5
BRDA:179,15,3,2
BRDA:179,15,4,35
BRDA:181,16,0,142
BRDA:181,16,1,0
BRDA:193,17,0,4
BRDA:193,17,1,31
BRDA:200,18,0,138
BRDA:200,18,1,1826
BRDA:202,19,0,4
BRDA:202,19,1,1822
BRDA:204,20,0,70
BRDA:204,20,1,1752
BRDA:206,21,0,5
BRDA:206,21,1,1747
BRDA:208,22,0,13
BRDA:208,22,1,1734
BRDA:210,23,0,2
BRDA:210,23,1,1732
BRDA:212,24,0,3
BRDA:212,24,1,1729
BRDA:214,25,0,1
BRDA:214,25,1,1728
BRDA:216,26,0,2
BRDA:216,26,1,1726
BRDA:220,27,0,20
BRDA:220,27,1,1706
BRDA:222,28,0,70
BRDA:222,28,1,1636
BRDA:227,29,0,152
BRDA:227,29,1,1484
BRDA:229,30,0,524
BRDA:229,30,1,960
BRDA:240,31,0,59
BRDA:240,31,1,127
BRDA:240,31,2,7
BRDA:240,31,3,7
BRDA:240,31,4,2
BRDA:240,31,5,2
BRDA:242,32,0,59
BRDA:242,32,1,0
BRDA:243,33,0,59
BRDA:243,33,1,5
BRDA:247,34,0,127
BRDA:247,34,1,0
BRDA:248,35,0,127
BRDA:248,35,1,2
BRDA:253,36,0,7
BRDA:253,36,1,0
BRDA:254,37,0,7
BRDA:254,37,1,0
BRDA:259,38,0,2
BRDA:259,38,1,0
BRDA:260,39,0,2
BRDA:260,39,1,0
BRDA:268,40,0,0
BRDA:268,40,1,270
BRDA:272,41,0,250
BRDA:272,41,1,20
BRDA:276,42,0,20
BRDA:276,42,1,0
BRDA:284,43,0,0
BRDA:284,43,1,10
BRDA:284,43,2,128
BRDA:295,44,0,270
BRDA:295,44,1,0
BRDA:296,45,0,270
BRDA:296,45,1,270
BRDA:296,45,2,270
BRDA:306,46,0,61
BRDA:306,46,1,68
BRDA:306,46,2,68
BRDA:306,46,3,68
BRDA:306,46,4,68
BRDA:306,46,5,68
BRDA:306,46,6,68
BRDA:306,46,7,70
BRDA:306,46,8,70
BRDA:306,46,9,70
BRDA:306,46,10,70
BRDA:337,47,0,65
BRDA:337,47,1,1761
BRDA:338,48,0,1826
BRDA:338,48,1,65
BRDA:351,49,0,88
BRDA:351,49,1,12
BRF:118
BRH:106
end_of_record
TN:
SF:packages/language/src/language-server/signature-help-request.ts
FN:55,signatureHelpRequest
FN:75,(anonymous_1)
FN:93,(anonymous_2)
FN:96,(anonymous_3)
FN:122,tryGetCallInfo
FN:169,getCallInfoFromMemberCall
FN:185,getCallInfoFromReferenceItem
FN:245,getArgumentIndexByOffset
FNF:8
FNH:8
FNDA:62,signatureHelpRequest
FNDA:195,(anonymous_1)
FNDA:92,(anonymous_2)
FNDA:129,(anonymous_3)
FNDA:62,tryGetCallInfo
FNDA:48,getCallInfoFromMemberCall
FNDA:67,getCallInfoFromReferenceItem
FNDA:61,getArgumentIndexByOffset
DA:60,62
DA:61,62
DA:62,8
DA:64,54
DA:65,54
DA:66,54
DA:67,54
DA:68,54
DA:69,105
DA:70,105
DA:71,105
DA:72,105
DA:73,105
DA:74,105
DA:75,195
DA:77,105
DA:84,54
DA:85,54
DA:86,62
DA:93,92
DA:97,129
DA:98,129
DA:99,129
DA:100,129
DA:101,129
DA:127,62
DA:128,62
DA:129,0
DA:131,62
DA:132,62
DA:133,0
DA:135,62
DA:136,62
DA:137,0
DA:139,62
DA:140,62
DA:141,62
DA:142,3
DA:144,59
DA:145,42
DA:147,17
DA:148,11
DA:150,6
DA:151,6
DA:152,6
DA:153,0
DA:155,6
DA:156,62
DA:157,62
DA:158,0
DA:160,6
DA:161,6
DA:162,6
DA:166,0
DA:174,48
DA:175,48
DA:176,53
DA:177,53
DA:178,40
DA:180,13
DA:182,8
DA:190,67
DA:195,6
DA:197,61
DA:198,61
DA:199,0
DA:201,61
DA:202,61
DA:203,61
DA:204,145
DA:205,145
DA:213,61
DA:214,61
DA:215,61
DA:216,61
DA:217,61
DA:221,174
DA:222,174
DA:227,174
DA:231,124
DA:235,61
DA:236,61
DA:249,61
DA:250,0
DA:252,61
DA:253,1
DA:255,60
DA:256,120
DA:257,120
DA:263,52
DA:266,68
DA:271,1
DA:274,7
LF:93
LH:85
BRDA:61,0,0,8
BRDA:61,0,1,54
BRDA:61,1,0,62
BRDA:61,1,1,54
BRDA:66,2,0,54
BRDA:66,2,1,0
BRDA:70,3,0,105
BRDA:70,3,1,0
BRDA:85,4,0,54
BRDA:85,4,1,0
BRDA:89,5,0,62
BRDA:89,5,1,0
BRDA:98,6,0,129
BRDA:98,6,1,0
BRDA:99,7,0,129
BRDA:99,7,1,0
BRDA:100,8,0,129
BRDA:100,8,1,0
BRDA:104,9,0,105
BRDA:104,9,1,24
BRDA:104,10,0,129
BRDA:104,10,1,129
BRDA:116,11,0,53
BRDA:116,11,1,1
BRDA:128,12,0,0
BRDA:128,12,1,62
BRDA:132,13,0,0
BRDA:132,13,1,62
BRDA:136,14,0,0
BRDA:136,14,1,62
BRDA:141,15,0,3
BRDA:141,15,1,59
BRDA:141,16,0,62
BRDA:141,16,1,14
BRDA:144,17,0,42
BRDA:144,17,1,17
BRDA:144,18,0,59
BRDA:144,18,1,48
BRDA:144,18,2,48
BRDA:147,19,0,11
BRDA:147,19,1,6
BRDA:147,20,0,17
BRDA:147,20,1,17
BRDA:147,20,2,17
BRDA:152,21,0,0
BRDA:152,21,1,6
BRDA:152,22,0,6
BRDA:152,22,1,6
BRDA:157,23,0,0
BRDA:157,23,1,62
BRDA:157,24,0,62
BRDA:157,24,1,6
BRDA:160,25,0,6
BRDA:160,25,1,0
BRDA:162,26,0,3
BRDA:162,26,1,3
BRDA:162,27,0,6
BRDA:162,27,1,3
BRDA:175,28,0,48
BRDA:175,28,1,53
BRDA:177,29,0,40
BRDA:177,29,1,13
BRDA:177,30,0,53
BRDA:177,30,1,47
BRDA:190,31,0,6
BRDA:190,31,1,61
BRDA:191,32,0,67
BRDA:191,32,1,67
BRDA:191,32,2,67
BRDA:198,33,0,0
BRDA:198,33,1,61
BRDA:202,34,0,61
BRDA:202,34,1,0
BRDA:206,35,0,145
BRDA:206,35,1,0
BRDA:208,36,0,145
BRDA:208,36,1,0
BRDA:215,37,0,61
BRDA:215,37,1,0
BRDA:227,38,0,124
BRDA:227,38,1,50
BRDA:228,39,0,174
BRDA:228,39,1,174
BRDA:249,40,0,0
BRDA:249,40,1,61
BRDA:252,41,0,1
BRDA:252,41,1,60
BRDA:257,42,0,52
BRDA:257,42,1,68
BRDA:258,43,0,120
BRDA:258,43,1,120
BRDA:258,43,2,119
BRDA:258,43,3,100
BRDA:266,44,0,1
BRDA:266,44,1,67
BRDA:267,45,0,68
BRDA:267,45,1,1
BRDA:267,45,2,1
BRF:98
BRH:79
end_of_record
TN:
SF:packages/language/src/language-server/skipped-code.ts
FN:31,skippedCode
FN:46,(anonymous_1)
FN:60,skippedCodeRanges
FNF:3
FNH:2
FNDA:7,skippedCode
FNDA:0,(anonymous_1)
FNDA:22,skippedCodeRanges
DA:25,14
DA:35,7
DA:38,7
DA:41,7
DA:43,7
DA:46,0
DA:48,7
DA:49,7
DA:64,22
DA:65,22
DA:66,0
DA:68,22
DA:70,22
DA:71,1017
DA:75,7
DA:77,7
DA:80,7
DA:81,0
DA:83,7
DA:84,7
DA:85,7
DA:86,7
DA:87,2
DA:91,5
DA:92,1
DA:97,1010
DA:101,7
DA:103,7
DA:106,7
DA:107,0
DA:109,7
DA:110,26
DA:111,26
DA:113,26
DA:114,19
DA:120,1003
DA:125,1
DA:126,1
DA:127,1
DA:128,43
DA:133,1
DA:134,1
DA:137,1
DA:138,1
DA:139,1
DA:146,22
LF:46
LH:42
BRDA:38,0,0,7
BRDA:38,0,1,0
BRDA:43,1,0,7
BRDA:43,1,1,0
BRDA:44,2,0,7
BRDA:44,2,1,0
BRDA:44,2,2,0
BRDA:65,3,0,0
BRDA:65,3,1,22
BRDA:71,4,0,7
BRDA:71,4,1,1010
BRDA:72,5,0,1017
BRDA:72,5,1,7
BRDA:80,6,0,0
BRDA:80,6,1,7
BRDA:86,7,0,2
BRDA:86,7,1,5
BRDA:86,8,0,7
BRDA:86,8,1,7
BRDA:91,9,0,1
BRDA:91,9,1,4
BRDA:91,10,0,5
BRDA:91,10,1,3
BRDA:97,11,0,7
BRDA:97,11,1,1003
BRDA:98,12,0,1010
BRDA:98,12,1,7
BRDA:106,13,0,0
BRDA:106,13,1,7
BRDA:113,14,0,19
BRDA:113,14,1,7
BRDA:113,15,0,26
BRDA:113,15,1,26
BRDA:120,16,0,1
BRDA:120,16,1,1002
BRDA:121,17,0,1003
BRDA:121,17,1,1
BRDA:121,17,2,1
BRDA:128,18,0,1
BRDA:128,18,1,42
BRDA:129,19,0,43
BRDA:129,19,1,1
BRDA:129,19,2,1
BRF:43
BRH:36
end_of_record
TN:
SF:packages/language/src/language-server/text-documents.ts
FN:186,(anonymous_0)
FN:205,(anonymous_1)
FN:209,(anonymous_2)
FN:213,(anonymous_3)
FN:217,(anonymous_4)
FN:223,(anonymous_5)
FN:227,(anonymous_6)
FN:231,(anonymous_7)
FN:235,(anonymous_8)
FN:253,(anonymous_9)
FN:267,(anonymous_10)
FN:278,(anonymous_11)
FN:282,(anonymous_12)
FN:286,(anonymous_13)
FN:291,(anonymous_14)
FN:310,(anonymous_15)
FN:341,(anonymous_16)
FN:351,(anonymous_17)
FN:364,(anonymous_18)
FN:380,(anonymous_19)
FN:389,(anonymous_20)
FN:390,(anonymous_21)
FN:398,(anonymous_22)
FN:402,(anonymous_23)
FN:408,(anonymous_24)
FN:414,(anonymous_25)
FN:446,resetDocumentProviders
FNF:27
FNH:8
FNDA:2100,(anonymous_0)
FNDA:0,(anonymous_1)
FNDA:0,(anonymous_2)
FNDA:0,(anonymous_3)
FNDA:0,(anonymous_4)
FNDA:0,(anonymous_5)
FNDA:0,(anonymous_6)
FNDA:0,(anonymous_7)
FNDA:156,(anonymous_8)
FNDA:80,(anonymous_9)
FNDA:0,(anonymous_10)
FNDA:0,(anonymous_11)
FNDA:0,(anonymous_12)
FNDA:0,(anonymous_13)
FNDA:0,(anonymous_14)
FNDA:0,(anonymous_15)
FNDA:0,(anonymous_16)
FNDA:0,(anonymous_17)
FNDA:0,(anonymous_18)
FNDA:0,(anonymous_19)
FNDA:0,(anonymous_20)
FNDA:0,(anonymous_21)
FNDA:81,(anonymous_22)
FNDA:4200,(anonymous_23)
FNDA:1050,(anonymous_24)
FNDA:81,(anonymous_25)
FNDA:1050,resetDocumentProviders
DA:193,2100
DA:194,2100
DA:195,2100
DA:196,2100
DA:198,2100
DA:199,2100
DA:200,2100
DA:201,2100
DA:202,2100
DA:206,0
DA:210,0
DA:214,0
DA:220,0
DA:224,0
DA:228,0
DA:232,0
DA:236,156
DA:237,156
DA:238,73
DA:239,73
DA:240,73
DA:241,73
DA:242,0
DA:244,73
DA:245,73
DA:247,0
DA:250,156
DA:254,80
DA:255,80
DA:256,80
DA:257,4
DA:259,80
DA:260,80
DA:261,80
DA:262,80
DA:263,80
DA:264,80
DA:268,0
DA:271,0
DA:272,0
DA:273,0
DA:274,0
DA:279,0
DA:283,0
DA:288,0
DA:289,0
DA:290,0
DA:292,0
DA:293,0
DA:294,0
DA:301,0
DA:302,0
DA:303,0
DA:304,0
DA:305,0
DA:308,0
DA:311,0
DA:312,0
DA:313,0
DA:314,0
DA:317,0
DA:318,0
DA:319,0
DA:323,0
DA:325,0
DA:326,0
DA:327,0
DA:332,0
DA:333,0
DA:340,0
DA:342,0
DA:343,0
DA:344,0
DA:345,0
DA:346,0
DA:350,0
DA:352,0
DA:355,0
DA:356,0
DA:362,0
DA:365,0
DA:368,0
DA:369,0
DA:374,0
DA:379,0
DA:381,0
DA:384,0
DA:385,0
DA:389,0
DA:390,0
DA:396,1050
DA:399,81
DA:403,4200
DA:409,1050
DA:410,1050
DA:411,1050
DA:415,81
DA:416,81
DA:417,3
DA:419,78
DA:420,78
DA:421,0
DA:423,78
DA:424,78
DA:425,78
DA:427,0
DA:447,1050
DA:448,1050
DA:452,1050
DA:453,1050
DA:458,1050
DA:459,1050
DA:460,1050
DA:461,1050
DA:464,21
LF:115
LH:51
BRDA:188,0,0,2100
BRDA:195,1,0,2100
BRDA:195,1,1,1050
BRDA:196,2,0,2100
BRDA:196,2,1,1071
BRDA:237,3,0,73
BRDA:237,3,1,83
BRDA:237,4,0,156
BRDA:237,4,1,151
BRDA:241,5,0,0
BRDA:241,5,1,73
BRDA:256,6,0,4
BRDA:256,6,1,76
BRDA:269,7,0,0
BRDA:269,7,1,0
BRDA:269,8,0,0
BRDA:269,8,1,0
BRDA:272,9,0,0
BRDA:272,9,1,0
BRDA:313,10,0,0
BRDA:313,10,1,0
BRDA:318,11,0,0
BRDA:318,11,1,0
BRDA:318,12,0,0
BRDA:318,12,1,0
BRDA:326,13,0,0
BRDA:326,13,1,0
BRDA:344,14,0,0
BRDA:344,14,1,0
BRDA:355,15,0,0
BRDA:355,15,1,0
BRDA:368,16,0,0
BRDA:368,16,1,0
BRDA:368,17,0,0
BRDA:368,17,1,0
BRDA:384,18,0,0
BRDA:384,18,1,0
BRDA:416,19,0,3
BRDA:416,19,1,78
BRDA:420,20,0,0
BRDA:420,20,1,78
BRDA:424,21,0,78
BRDA:424,21,1,0
BRF:43
BRH:16
end_of_record
TN:
SF:packages/language/src/language-server/types.ts
FN:38,offsetToPosition
FN:49,positionToOffset
FN:56,rangeToLSP
FN:66,tokenToUri
FN:70,tokenToRange
FN:77,offsetLengthToRange
FN:89,getSyntaxNodeRange
FN:97,(anonymous_7)
FN:110,severityToLsp
FN:135,isDiagnostic
FN:146,fullCode
FN:159,diagnosticFromCode
FN:201,diagnosticFromCodeAtRange
FN:227,diagnostic
FN:250,diagnosticsToLSP
FN:269,diagnosticToLSP
FN:313,completionItemToLSP
FN:334,textEditToLSP
FN:349,hoverResponseToLSP
FN:367,documentSymbolToLSP
FN:376,(anonymous_20)
FNF:21
FNH:14
FNDA:3936,offsetToPosition
FNDA:0,positionToOffset
FNDA:1963,rangeToLSP
FNDA:2493,tokenToUri
FNDA:2786,tokenToRange
FNDA:12910,offsetLengthToRange
FNDA:33,getSyntaxNodeRange
FNDA:24,(anonymous_7)
FNDA:1965,severityToLsp
FNDA:521,isDiagnostic
FNDA:4366,fullCode
FNDA:2055,diagnosticFromCode
FNDA:1966,diagnosticFromCodeAtRange
FNDA:374,diagnostic
FNDA:0,diagnosticsToLSP
FNDA:5,diagnosticToLSP
FNDA:0,completionItemToLSP
FNDA:0,textEditToLSP
FNDA:0,hoverResponseToLSP
FNDA:0,documentSymbolToLSP
FNDA:0,(anonymous_20)
DA:42,3936
DA:43,3936
DA:53,0
DA:60,1963
DA:67,2493
DA:71,2786
DA:78,12910
DA:79,12910
DA:80,12910
DA:90,33
DA:91,33
DA:92,33
DA:94,0
DA:97,24
DA:99,24
DA:101,24
DA:103,24
DA:105,24
DA:107,24
DA:111,1965
DA:113,0
DA:115,1
DA:117,1960
DA:119,4
DA:121,0
DA:136,521
DA:147,4366
DA:164,2055
DA:165,2055
DA:166,2055
DA:167,2055
DA:168,2055
DA:170,2055
DA:171,2055
DA:173,84
DA:182,1971
DA:207,1966
DA:208,1966
DA:233,374
DA:234,374
DA:235,373
DA:236,366
DA:237,366
DA:239,7
DA:242,374
DA:254,0
DA:255,0
DA:256,0
DA:257,0
DA:258,0
DA:259,0
DA:261,0
DA:262,0
DA:264,0
DA:266,0
DA:273,5
DA:279,0
DA:281,5
DA:282,5
DA:283,0
DA:285,5
DA:317,0
DA:338,0
DA:353,0
DA:371,0
DA:372,0
DA:374,0
DA:375,0
DA:376,0
DA:377,0
DA:378,0
DA:379,0
DA:380,0
DA:382,0
DA:387,0
LF:75
LH:45
BRDA:91,0,0,33
BRDA:91,0,1,0
BRDA:97,1,0,24
BRDA:97,1,1,24
BRDA:111,2,0,0
BRDA:111,2,1,1
BRDA:111,2,2,1960
BRDA:111,2,3,4
BRDA:111,2,4,0
BRDA:137,3,0,521
BRDA:137,3,1,521
BRDA:137,3,2,521
BRDA:137,3,3,521
BRDA:137,3,4,521
BRDA:137,3,5,521
BRDA:166,4,0,2055
BRDA:166,4,1,0
BRDA:171,5,0,84
BRDA:171,5,1,1971
BRDA:207,6,0,0
BRDA:207,6,1,1966
BRDA:234,7,0,373
BRDA:234,7,1,1
BRDA:235,8,0,366
BRDA:235,8,1,7
BRDA:244,9,0,374
BRDA:244,9,1,147
BRDA:258,10,0,0
BRDA:258,10,1,0
BRDA:258,11,0,0
BRDA:258,11,1,0
BRDA:261,12,0,0
BRDA:261,12,1,0
BRDA:273,13,0,0
BRDA:273,13,1,5
BRDA:274,14,0,5
BRDA:274,14,1,5
BRDA:274,14,2,5
BRDA:274,14,3,5
BRDA:282,15,0,0
BRDA:282,15,1,5
BRDA:294,16,0,5
BRDA:294,16,1,5
BRDA:325,17,0,0
BRDA:325,17,1,0
BRDA:354,18,0,0
BRDA:354,18,1,0
BRDA:372,19,0,0
BRDA:372,19,1,0
BRDA:372,20,0,0
BRDA:372,20,1,0
BRF:51
BRH:30
end_of_record
TN:
SF:packages/language/src/language-server/workspace-symbol-request.ts
FN:19,workspaceSymbolRequest
FN:23,(anonymous_1)
FN:31,(anonymous_2)
FN:37,workspaceSymbolRequestForCompilationUnit
FN:42,(anonymous_4)
FN:43,(anonymous_5)
FN:45,(anonymous_6)
FN:55,collectSymbolsForDocument
FN:65,(anonymous_8)
FN:68,collectSymbols
FNF:10
FNH:10
FNDA:2,workspaceSymbolRequest
FNDA:4,(anonymous_1)
FNDA:12,(anonymous_2)
FNDA:2,workspaceSymbolRequestForCompilationUnit
FNDA:6,(anonymous_4)
FNDA:2,(anonymous_5)
FNDA:6,(anonymous_6)
FNDA:2,collectSymbolsForDocument
FNDA:2,(anonymous_8)
FNDA:6,collectSymbols
DA:23,2
DA:24,4
DA:25,2
DA:30,4
DA:31,4
DA:32,12
DA:41,2
DA:42,6
DA:43,2
DA:45,2
DA:46,6
DA:59,2
DA:60,2
DA:61,2
DA:62,2
DA:63,0
DA:65,2
DA:66,2
DA:69,6
DA:70,6
DA:76,6
DA:77,2
DA:80,2
DA:81,2
LF:24
LH:23
BRDA:24,0,0,2
BRDA:24,0,1,2
BRDA:30,1,0,4
BRDA:30,1,1,0
BRDA:62,2,0,0
BRDA:62,2,1,2
BRDA:76,3,0,2
BRDA:76,3,1,4
BRF:8
BRH:6
end_of_record
TN:
SF:packages/language/src/language-server/cache/include-cache.ts
FN:16,getFileContentPreview
FNF:1
FNH:1
FNDA:8,getFileContentPreview
DA:14,4
DA:22,8
DA:23,8
DA:24,0
DA:27,8
DA:32,8
DA:36,8
DA:37,8
LF:8
LH:7
BRDA:20,0,0,8
BRDA:23,1,0,0
BRDA:23,1,1,8
BRDA:32,2,0,1
BRDA:32,2,1,7
BRF:5
BRH:4
end_of_record
TN:
SF:packages/language/src/language-server/code-actions/apply-quick-fixes.ts
FN:32,isProcGrpsDocumentUri
FN:48,quickFixResolveInclude
FN:63,(anonymous_2)
FN:108,(anonymous_3)
FN:138,quickFixCreateConfig
FN:154,(anonymous_5)
FN:175,quickFixUppercaseText
FN:215,quickFixResolveAmbiguousReference
FN:219,(anonymous_8)
FN:232,(anonymous_9)
FN:236,(anonymous_10)
FN:256,(anonymous_11)
FN:258,(anonymous_12)
FN:260,(anonymous_13)
FN:263,(anonymous_14)
FN:282,quickFixRemoveUnresolvedLib
FN:329,quickFixRemoveAllUnresolvedLibs
FN:353,(anonymous_17)
FN:384,handleMultipleUnresolvedLibs
FN:391,(anonymous_19)
FN:414,applyQuickFixes
FNF:21
FNH:21
FNDA:4,isProcGrpsDocumentUri
FNDA:9,quickFixResolveInclude
FNDA:7,(anonymous_2)
FNDA:5,(anonymous_3)
FNDA:12,quickFixCreateConfig
FNDA:11,(anonymous_5)
FNDA:1,quickFixUppercaseText
FNDA:4,quickFixResolveAmbiguousReference
FNDA:8,(anonymous_8)
FNDA:8,(anonymous_9)
FNDA:12,(anonymous_10)
FNDA:6,(anonymous_11)
FNDA:6,(anonymous_12)
FNDA:12,(anonymous_13)
FNDA:6,(anonymous_14)
FNDA:10,quickFixRemoveUnresolvedLib
FNDA:10,quickFixRemoveAllUnresolvedLibs
FNDA:8,(anonymous_17)
FNDA:14,handleMultipleUnresolvedLibs
FNDA:19,(anonymous_19)
FNDA:14,applyQuickFixes
DA:28,4
DA:36,4
DA:37,4
DA:38,0
DA:40,4
DA:45,4
DA:52,9
DA:55,9
DA:56,9
DA:59,9
DA:60,9
DA:62,7
DA:63,7
DA:65,7
DA:69,7
DA:71,6
DA:73,6
DA:77,6
DA:78,1
DA:80,5
DA:85,5
DA:86,5
DA:87,5
DA:88,0
DA:89,0
DA:91,5
DA:92,5
DA:93,0
DA:96,0
DA:99,0
DA:103,0
DA:107,5
DA:108,5
DA:110,5
DA:115,0
DA:117,5
DA:118,5
DA:124,5
DA:135,5
DA:142,12
DA:143,12
DA:144,12
DA:145,1
DA:147,11
DA:148,11
DA:150,11
DA:151,11
DA:153,11
DA:154,11
DA:157,11
DA:161,12
DA:172,12
DA:178,1
DA:179,1
DA:180,0
DA:181,0
DA:183,1
DA:184,1
DA:186,1
DA:197,1
DA:218,4
DA:219,8
DA:224,4
DA:225,4
DA:226,10
DA:227,10
DA:228,20
DA:230,10
DA:232,8
DA:234,4
DA:236,6
DA:237,12
DA:238,0
DA:240,12
DA:241,12
DA:242,12
DA:249,4
DA:250,1
DA:252,3
DA:256,3
DA:257,6
DA:258,3
DA:259,6
DA:260,12
DA:262,3
DA:264,6
DA:266,6
DA:276,6
DA:278,3
DA:286,10
DA:287,10
DA:288,2
DA:290,8
DA:291,1
DA:293,7
DA:294,7
DA:295,1
DA:297,6
DA:298,6
DA:299,0
DA:303,6
DA:304,6
DA:309,0
DA:310,0
DA:313,6
DA:335,10
DA:336,10
DA:337,10
DA:338,21
DA:339,2
DA:341,19
DA:342,19
DA:343,2
DA:345,17
DA:346,17
DA:348,10
DA:349,4
DA:351,6
DA:353,6
DA:355,8
DA:358,6
DA:359,14
DA:360,14
DA:361,14
DA:363,0
DA:364,0
DA:368,0
DA:372,6
DA:390,14
DA:391,19
DA:393,14
DA:398,11
DA:400,3
DA:401,3
DA:402,0
DA:405,3
DA:411,3
DA:419,14
DA:421,14
DA:422,14
DA:423,14
DA:426,14
DA:427,14
DA:430,14
DA:436,14
DA:438,14
DA:439,19
DA:440,1
DA:443,18
DA:445,4
DA:446,4
DA:448,3
DA:449,3
DA:450,3
DA:452,3
DA:453,3
DA:454,3
DA:456,1
DA:457,1
DA:458,1
DA:460,4
DA:461,4
DA:462,4
DA:466,14
DA:467,2
DA:469,12
LF:166
LH:148
BRDA:37,0,0,0
BRDA:37,0,1,4
BRDA:55,1,0,0
BRDA:55,1,1,9
BRDA:60,2,0,2
BRDA:60,2,1,7
BRDA:60,3,0,9
BRDA:60,3,1,8
BRDA:69,4,0,1
BRDA:69,4,1,6
BRDA:77,5,0,1
BRDA:77,5,1,5
BRDA:77,6,0,6
BRDA:77,6,1,6
BRDA:87,7,0,0
BRDA:87,7,1,5
BRDA:92,8,0,0
BRDA:92,8,1,5
BRDA:110,9,0,0
BRDA:110,9,1,5
BRDA:111,10,0,5
BRDA:111,10,1,5
BRDA:111,10,2,5
BRDA:144,11,0,1
BRDA:144,11,1,11
BRDA:144,12,0,12
BRDA:144,12,1,12
BRDA:157,13,0,5
BRDA:157,13,1,6
BRDA:179,14,0,0
BRDA:179,14,1,1
BRDA:179,15,0,1
BRDA:179,15,1,1
BRDA:179,15,2,1
BRDA:230,16,0,4
BRDA:230,16,1,6
BRDA:231,17,0,10
BRDA:231,17,1,7
BRDA:237,18,0,0
BRDA:237,18,1,12
BRDA:249,19,0,1
BRDA:249,19,1,3
BRDA:257,20,0,6
BRDA:257,20,1,6
BRDA:260,21,0,12
BRDA:260,21,1,6
BRDA:264,22,0,6
BRDA:264,22,1,6
BRDA:287,23,0,2
BRDA:287,23,1,8
BRDA:287,24,0,10
BRDA:287,24,1,9
BRDA:290,25,0,1
BRDA:290,25,1,7
BRDA:294,26,0,1
BRDA:294,26,1,6
BRDA:298,27,0,0
BRDA:298,27,1,6
BRDA:298,28,0,6
BRDA:298,28,1,6
BRDA:338,29,0,2
BRDA:338,29,1,19
BRDA:342,30,0,2
BRDA:342,30,1,17
BRDA:348,31,0,4
BRDA:348,31,1,6
BRDA:393,32,0,11
BRDA:393,32,1,3
BRDA:394,33,0,14
BRDA:394,33,1,4
BRDA:394,33,2,4
BRDA:401,34,0,0
BRDA:401,34,1,3
BRDA:401,35,0,3
BRDA:401,35,1,3
BRDA:436,36,0,2
BRDA:436,36,1,12
BRDA:439,37,0,1
BRDA:439,37,1,18
BRDA:443,38,0,18
BRDA:443,38,1,3
BRDA:443,38,2,3
BRDA:443,38,3,1
BRDA:443,38,4,4
BRDA:449,39,0,3
BRDA:449,39,1,0
BRDA:453,40,0,3
BRDA:453,40,1,0
BRDA:457,41,0,1
BRDA:457,41,1,0
BRDA:461,42,0,4
BRDA:461,42,1,0
BRDA:466,43,0,2
BRDA:466,43,1,12
BRF:94
BRH:81
end_of_record
TN:
SF:packages/language/src/language-server/code-actions/apply-source-actions.ts
FN:23,sourceActionUppercaseAllText
FN:48,(anonymous_1)
FN:49,(anonymous_2)
FN:69,getCaseDiagnosticsFromCompilationUnit
FN:79,(anonymous_4)
FN:82,(anonymous_5)
FN:83,(anonymous_6)
FN:89,applySourceActions
FNF:8
FNH:3
FNDA:2,sourceActionUppercaseAllText
FNDA:4,(anonymous_1)
FNDA:4,(anonymous_2)
FNDA:0,getCaseDiagnosticsFromCompilationUnit
FNDA:0,(anonymous_4)
FNDA:0,(anonymous_5)
FNDA:0,(anonymous_6)
FNDA:0,applySourceActions
DA:27,2
DA:29,2
DA:30,4
DA:31,0
DA:34,0
DA:36,4
DA:37,4
DA:38,3
DA:40,4
DA:44,2
DA:46,2
DA:47,3
DA:48,4
DA:50,4
DA:57,2
DA:66,2
DA:73,0
DA:74,0
DA:75,0
DA:77,0
DA:79,0
DA:81,0
DA:82,0
DA:83,0
DA:85,0
DA:93,0
DA:95,0
DA:99,0
DA:100,0
DA:101,0
DA:104,0
DA:105,0
LF:32
LH:14
BRDA:30,0,0,0
BRDA:30,0,1,4
BRDA:30,1,0,4
BRDA:30,1,1,4
BRDA:37,2,0,3
BRDA:37,2,1,1
BRDA:48,3,0,4
BRDA:48,3,1,4
BRDA:52,4,0,4
BRDA:52,4,1,0
BRDA:75,5,0,0
BRDA:75,5,1,0
BRDA:99,6,0,0
BRDA:99,6,1,0
BRDA:104,7,0,0
BRDA:104,7,1,0
BRF:16
BRH:8
end_of_record
TN:
SF:packages/language/src/language-server/completion/completion-generator.ts
FN:24,generateCompletionItems
FN:88,getCompletionKind
FNF:2
FNH:2
FNDA:43,generateCompletionItems
FNDA:10018,getCompletionKind
DA:29,43
DA:31,43
DA:32,8
DA:34,43
DA:35,5
DA:36,38
DA:37,2
DA:39,41
DA:42,43
DA:43,43
DA:44,0
DA:46,41
DA:47,23
DA:48,23
DA:49,9991
DA:50,9991
DA:57,18
DA:58,5
DA:59,5
DA:60,0
DA:62,5
DA:63,5
DA:64,5
DA:65,9
DA:66,9
DA:73,13
DA:74,6
DA:75,6
DA:76,18
DA:77,18
DA:85,41
DA:89,10018
DA:91,9861
DA:92,9861
DA:93,9861
DA:94,9861
DA:96,0
DA:99,3
DA:101,0
DA:103,13
DA:105,141
LF:41
LH:37
BRDA:31,0,0,8
BRDA:31,0,1,35
BRDA:34,1,0,5
BRDA:34,1,1,38
BRDA:36,2,0,2
BRDA:36,2,1,36
BRDA:39,3,0,5
BRDA:39,3,1,36
BRDA:43,4,0,0
BRDA:43,4,1,43
BRDA:46,5,0,23
BRDA:46,5,1,18
BRDA:49,6,0,9991
BRDA:49,6,1,0
BRDA:57,7,0,5
BRDA:57,7,1,13
BRDA:59,8,0,0
BRDA:59,8,1,5
BRDA:65,9,0,9
BRDA:65,9,1,0
BRDA:73,10,0,6
BRDA:73,10,1,7
BRDA:76,11,0,18
BRDA:76,11,1,0
BRDA:89,12,0,9861
BRDA:89,12,1,3
BRDA:89,12,2,0
BRDA:89,12,3,13
BRDA:93,13,0,9861
BRDA:93,13,1,0
BRDA:93,14,0,9861
BRDA:93,14,1,9861
BRF:32
BRH:25
end_of_record
TN:
SF:packages/language/src/language-server/completion/completion-plugin-configuration.ts
FN:24,configCompletionRequest
FN:51,pgroupValueCompletions
FN:70,(anonymous_2)
FNF:3
FNH:3
FNDA:10,configCompletionRequest
FNDA:9,pgroupValueCompletions
FNDA:9,(anonymous_2)
DA:30,10
DA:31,9
DA:32,9
DA:33,0
DA:35,9
DA:36,9
DA:37,9
DA:43,9
DA:48,1
DA:57,9
DA:62,4
DA:64,5
DA:66,5
DA:70,9
DA:71,9
DA:79,9
LF:16
LH:15
BRDA:30,0,0,9
BRDA:30,0,1,1
BRDA:32,1,0,0
BRDA:32,1,1,9
BRDA:57,2,0,4
BRDA:57,2,1,5
BRDA:58,3,0,9
BRDA:58,3,1,8
BRDA:58,3,2,6
BRDA:66,4,0,4
BRDA:66,4,1,1
BRF:11
BRH:10
end_of_record
TN:
SF:packages/language/src/language-server/completion/completion-request.ts
FN:29,completionRequest
FN:49,(anonymous_1)
FN:55,getTokenContext
FN:73,getCompletionItemElements
FN:93,convertSimpleToItem
FN:101,(anonymous_5)
FN:103,(anonymous_6)
FNF:7
FNH:7
FNDA:39,completionRequest
FNDA:43,(anonymous_1)
FNDA:39,getTokenContext
FNDA:39,getCompletionItemElements
FNDA:39,convertSimpleToItem
FNDA:10183,(anonymous_5)
FNDA:9289,(anonymous_6)
DA:34,39
DA:35,39
DA:36,0
DA:38,39
DA:39,39
DA:40,39
DA:41,39
DA:43,39
DA:44,39
DA:45,39
DA:47,0
DA:49,43
DA:52,39
DA:62,39
DA:63,40
DA:64,40
DA:65,1
DA:66,39
DA:67,38
DA:70,0
DA:74,39
DA:75,7
DA:84,32
DA:98,39
DA:100,39
DA:101,10183
DA:103,9289
LF:27
LH:24
BRDA:35,0,0,0
BRDA:35,0,1,39
BRDA:43,1,0,39
BRDA:43,1,1,0
BRDA:64,2,0,1
BRDA:64,2,1,39
BRDA:66,3,0,38
BRDA:66,3,1,1
BRDA:74,4,0,7
BRDA:74,4,1,32
BRF:10
BRH:8
end_of_record
TN:
SF:packages/language/src/language-server/completion/follow-elements.ts
FN:40,(anonymous_0)
FN:71,getFollowElementsForUnknownToken
FN:255,getFollowElements
FN:346,provideEntryPointFollowElements
FNF:4
FNH:4
FNDA:3,(anonymous_0)
FNDA:1,getFollowElementsForUnknownToken
FNDA:39,getFollowElements
FNDA:3,provideEntryPointFollowElements
DA:28,3
DA:30,3
DA:32,3
DA:34,3
DA:35,3
DA:40,3
DA:41,3
DA:42,3
DA:43,3
DA:44,3
DA:72,1
DA:79,1
DA:86,0
DA:97,0
DA:102,0
DA:109,0
DA:112,3
DA:201,3
DA:261,39
DA:263,1
DA:266,3
DA:272,0
DA:280,3
DA:287,1
DA:297,5
DA:298,5
DA:299,5
DA:300,5
DA:308,0
DA:314,6
DA:320,1
DA:328,19
DA:329,19
DA:330,16
DA:335,3
DA:339,2
DA:343,1
DA:350,3
DA:354,3
DA:355,0
DA:357,3
DA:358,2
DA:359,2
DA:362,2
DA:363,1
DA:374,1
DA:385,1
LF:47
LH:40
BRDA:40,0,0,3
BRDA:40,0,1,3
BRDA:72,1,0,0
BRDA:72,1,1,0
BRDA:72,1,2,1
BRDA:72,1,3,0
BRDA:97,2,0,0
BRDA:97,2,1,0
BRDA:97,3,0,0
BRDA:97,3,1,0
BRDA:97,3,2,0
BRDA:261,4,0,1
BRDA:261,4,1,2
BRDA:261,4,2,3
BRDA:261,4,3,0
BRDA:261,4,4,3
BRDA:261,4,5,1
BRDA:261,4,6,5
BRDA:261,4,7,3
BRDA:261,4,8,4
BRDA:261,4,9,6
BRDA:261,4,10,1
BRDA:297,5,0,5
BRDA:297,5,1,0
BRDA:299,6,0,5
BRDA:299,6,1,0
BRDA:328,7,0,19
BRDA:328,7,1,0
BRDA:329,8,0,16
BRDA:329,8,1,3
BRDA:335,9,0,2
BRDA:335,9,1,1
BRDA:354,10,0,0
BRDA:354,10,1,3
BRDA:357,11,0,2
BRDA:357,11,1,1
BRDA:359,12,0,1
BRDA:359,12,1,1
BRDA:362,13,0,1
BRDA:362,13,1,1
BRF:40
BRH:27
end_of_record
TN:
SF:packages/language/src/language-server/completion/keywords.ts
FN:36,combine
FN:37,(anonymous_1)
FN:44,(anonymous_2)
FN:49,(anonymous_3)
FN:50,(anonymous_4)
FN:70,(anonymous_5)
FN:75,(anonymous_6)
FN:81,(anonymous_7)
FN:86,(anonymous_8)
FN:104,(anonymous_9)
FN:151,createMap
FN:253,getCompletionKeywords
FN:256,(anonymous_12)
FNF:13
FNH:8
FNDA:12,combine
FNDA:0,(anonymous_1)
FNDA:0,(anonymous_2)
FNDA:12,(anonymous_3)
FNDA:340,(anonymous_4)
FNDA:114,(anonymous_5)
FNDA:57,(anonymous_6)
FNDA:6,(anonymous_7)
FNDA:340,(anonymous_8)
FNDA:0,(anonymous_9)
FNDA:6,createMap
FNDA:0,getCompletionKeywords
FNDA:0,(anonymous_12)
DA:37,12
DA:38,0
DA:39,0
DA:41,0
DA:43,12
DA:44,12
DA:47,0
DA:49,12
DA:50,12
DA:55,340
DA:61,340
DA:62,517
DA:64,340
DA:67,12
DA:70,3
DA:71,114
DA:72,114
DA:75,3
DA:76,57
DA:77,57
DA:78,57
DA:81,3
DA:82,6
DA:83,6
DA:86,3
DA:87,340
DA:88,340
DA:94,3
DA:99,3
DA:104,3
DA:110,0
DA:111,0
DA:113,0
DA:120,3
DA:125,3
DA:129,3
DA:155,6
DA:156,6
DA:157,114
DA:159,6
DA:162,3
DA:256,0
LF:42
LH:34
BRDA:58,0,0,340
BRDA:58,0,1,337
BRDA:110,1,0,0
BRDA:110,1,1,0
BRF:4
BRH:2
end_of_record
TN:
SF:packages/language/src/linking/declared-item-parser.ts
FN:43,findLevel
FN:62,getDeclaredItemToken
FN:95,unrollFactorized
FN:167,unrollSubtree
FN:224,(anonymous_4)
FN:231,(anonymous_5)
FN:236,(anonymous_6)
FN:246,(anonymous_7)
FN:250,(anonymous_8)
FN:254,(anonymous_9)
FN:273,(anonymous_10)
FN:305,(anonymous_11)
FNF:12
FNH:12
FNDA:181920,findLevel
FNDA:31341,getDeclaredItemToken
FNDA:61796,unrollFactorized
FNDA:61,unrollSubtree
FNDA:30269,(anonymous_4)
FNDA:30269,(anonymous_5)
FNDA:31341,(anonymous_6)
FNDA:92951,(anonymous_7)
FNDA:31341,(anonymous_8)
FNDA:32126,(anonymous_9)
FNDA:61610,(anonymous_10)
FNDA:1084,(anonymous_11)
DA:44,181920
DA:49,1164
DA:52,180756
DA:53,150503
DA:56,30253
DA:63,31341
DA:64,17
DA:67,31324
DA:74,21
DA:100,61796
DA:101,61796
DA:119,61796
DA:120,62883
DA:121,31466
DA:122,31466
DA:123,31466
DA:125,31552
DA:126,31552
DA:129,67
DA:130,6
DA:131,6
DA:133,6
DA:135,61
DA:149,31417
DA:151,31417
DA:160,61796
DA:174,61
DA:175,61
DA:176,61
DA:177,61
DA:178,61
DA:179,161
DA:180,85
DA:182,0
DA:187,85
DA:189,85
DA:190,76
DA:193,61
DA:196,61
DA:226,30269
DA:228,30269
DA:235,30269
DA:236,30269
DA:237,31341
DA:241,30269
DA:243,30269
DA:247,92951
DA:251,31341
DA:256,32126
DA:259,32126
DA:260,30396
DA:264,1730
DA:265,1
DA:267,1
DA:270,1729
DA:279,61610
DA:282,61610
DA:283,92951
DA:284,92951
DA:285,60825
DA:288,32126
DA:290,32126
DA:291,785
DA:295,31341
DA:296,31341
DA:297,31341
DA:298,0
DA:301,31341
DA:305,31341
DA:306,31341
DA:312,2
DA:316,31341
DA:323,31341
DA:324,31341
DA:325,31341
LF:75
LH:73
BRDA:44,0,0,1164
BRDA:44,0,1,180756
BRDA:45,1,0,181920
BRDA:45,1,1,31533
BRDA:45,1,2,1164
BRDA:52,2,0,150503
BRDA:52,2,1,30253
BRDA:63,3,0,17
BRDA:63,3,1,31324
BRDA:64,4,0,17
BRDA:64,4,1,0
BRDA:120,5,0,31466
BRDA:120,5,1,31417
BRDA:126,6,0,67
BRDA:126,6,1,31485
BRDA:129,7,0,6
BRDA:129,7,1,61
BRDA:130,8,0,6
BRDA:130,8,1,0
BRDA:140,9,0,61
BRDA:140,9,1,54
BRDA:149,10,0,31417
BRDA:149,10,1,30253
BRDA:179,11,0,85
BRDA:179,11,1,76
BRDA:180,12,0,0
BRDA:180,12,1,85
BRDA:180,13,0,85
BRDA:180,13,1,85
BRDA:190,14,0,61
BRDA:190,14,1,15
BRDA:193,15,0,61
BRDA:193,15,1,13
BRDA:259,16,0,30396
BRDA:259,16,1,1730
BRDA:264,17,0,1
BRDA:264,17,1,1729
BRDA:284,18,0,60825
BRDA:284,18,1,32126
BRDA:290,19,0,785
BRDA:290,19,1,31341
BRDA:297,20,0,0
BRDA:297,20,1,31341
BRDA:306,21,0,2
BRDA:306,21,1,31339
BRDA:307,22,0,31341
BRDA:307,22,1,31324
BRDA:307,22,2,1084
BRF:48
BRH:44
end_of_record
TN:
SF:packages/language/src/linking/error.ts
FN:36,mergeRanges
FN:38,(anonymous_1)
FN:38,(anonymous_2)
FN:39,(anonymous_3)
FN:39,(anonymous_4)
FN:56,getQualifiedReferenceRange
FN:90,(anonymous_6)
FN:98,(anonymous_7)
FN:105,(anonymous_8)
FN:114,(anonymous_9)
FN:121,(anonymous_10)
FN:128,(anonymous_11)
FN:135,(anonymous_12)
FN:153,(anonymous_13)
FN:165,(anonymous_14)
FN:181,excludeForeignComposites
FN:220,getReferencedDeclaration
FN:238,fullName
FN:254,(anonymous_18)
FN:275,(anonymous_19)
FN:279,(anonymous_20)
FNF:21
FNH:21
FNDA:1,mergeRanges
FNDA:2,(anonymous_1)
FNDA:2,(anonymous_2)
FNDA:2,(anonymous_3)
FNDA:2,(anonymous_4)
FNDA:22,getQualifiedReferenceRange
FNDA:4589,(anonymous_6)
FNDA:1,(anonymous_7)
FNDA:2,(anonymous_8)
FNDA:17,(anonymous_9)
FNDA:14,(anonymous_10)
FNDA:34,(anonymous_11)
FNDA:6,(anonymous_12)
FNDA:7,(anonymous_13)
FNDA:14,(anonymous_14)
FNDA:14,excludeForeignComposites
FNDA:14,getReferencedDeclaration
FNDA:14,fullName
FNDA:268,(anonymous_18)
FNDA:1,(anonymous_19)
FNDA:6,(anonymous_20)
DA:37,1
DA:38,2
DA:39,2
DA:59,22
DA:60,7
DA:63,15
DA:65,7
DA:67,8
DA:68,8
DA:69,0
DA:71,8
DA:72,8
DA:73,8
DA:74,7
DA:76,1
DA:78,0
DA:88,4589
DA:91,4589
DA:92,4589
DA:99,1
DA:106,2
DA:115,17
DA:122,14
DA:129,34
DA:141,6
DA:146,6
DA:147,6
DA:159,7
DA:161,7
DA:163,7
DA:165,14
DA:172,7
DA:180,7
DA:182,14
DA:183,14
DA:184,14
DA:185,14
DA:186,58
DA:187,14
DA:189,58
DA:191,14
DA:192,6
DA:194,8
DA:195,8
DA:196,0
DA:197,8
DA:198,0
DA:212,8
DA:213,16
DA:214,0
DA:217,8
DA:221,14
DA:222,14
DA:223,14
DA:224,14
DA:225,140
DA:226,8
DA:228,140
DA:229,8
DA:231,140
DA:233,14
DA:239,14
DA:240,14
DA:241,14
DA:242,39
DA:243,39
DA:245,14
DA:256,268
DA:257,1
DA:261,267
DA:262,94
DA:265,173
DA:266,173
DA:276,1
DA:280,6
LF:75
LH:70
BRDA:59,0,0,7
BRDA:59,0,1,15
BRDA:63,1,0,15
BRDA:63,1,1,8
BRDA:63,1,2,0
BRDA:68,2,0,0
BRDA:68,2,1,8
BRDA:73,3,0,7
BRDA:73,3,1,1
BRDA:159,4,0,7
BRDA:159,4,1,0
BRDA:163,5,0,7
BRDA:163,5,1,0
BRDA:185,6,0,14
BRDA:185,6,1,66
BRDA:186,7,0,14
BRDA:186,7,1,44
BRDA:191,8,0,6
BRDA:191,8,1,8
BRDA:191,9,0,14
BRDA:191,9,1,8
BRDA:195,10,0,0
BRDA:195,10,1,8
BRDA:197,11,0,0
BRDA:197,11,1,8
BRDA:213,12,0,0
BRDA:213,12,1,16
BRDA:225,13,0,8
BRDA:225,13,1,132
BRDA:228,14,0,8
BRDA:228,14,1,132
BRDA:235,15,0,14
BRDA:235,15,1,6
BRDA:256,16,0,1
BRDA:256,16,1,267
BRDA:261,17,0,94
BRDA:261,17,1,173
BRF:37
BRH:30
end_of_record
TN:
SF:packages/language/src/linking/qualified-syntax-node.ts
FN:18,(anonymous_0)
FN:40,(anonymous_1)
FN:57,(anonymous_2)
FN:72,(anonymous_3)
FN:81,(anonymous_4)
FN:88,(anonymous_5)
FN:92,(anonymous_6)
FN:96,(anonymous_7)
FN:130,(anonymous_8)
FNF:9
FNH:9
FNDA:21,(anonymous_0)
FNDA:54446,(anonymous_1)
FNDA:54446,(anonymous_2)
FNDA:54446,(anonymous_3)
FNDA:19348,(anonymous_4)
FNDA:30054,(anonymous_5)
FNDA:2521,(anonymous_6)
FNDA:54342,(anonymous_7)
FNDA:15284,(anonymous_8)
DA:18,21
DA:19,21
DA:20,21
DA:21,21
DA:36,54446
DA:38,54446
DA:41,54446
DA:42,54446
DA:49,54446
DA:50,54446
DA:51,54446
DA:63,40883
DA:73,13563
DA:82,19348
DA:89,30054
DA:93,2521
DA:98,54342
DA:99,0
DA:101,54342
DA:105,54342
DA:106,13563
DA:108,54342
DA:109,54342
DA:112,55498
DA:113,55498
DA:115,54342
DA:116,54342
DA:133,15284
DA:134,15284
DA:136,15284
DA:137,0
DA:141,15284
DA:142,15284
DA:145,15284
DA:146,15284
DA:148,15115
DA:149,15115
DA:150,15068
DA:153,47
DA:158,169
DA:159,35
DA:163,134
DA:164,134
DA:167,75
DA:171,59
LF:45
LH:43
BRDA:18,0,0,21
BRDA:18,0,1,21
BRDA:43,1,0,54446
BRDA:49,2,0,54446
BRDA:49,2,1,53531
BRDA:50,3,0,54446
BRDA:50,3,1,13563
BRDA:51,4,0,54446
BRDA:51,4,1,40883
BRDA:60,5,0,40883
BRDA:61,6,0,40883
BRDA:98,7,0,0
BRDA:98,7,1,54342
BRDA:105,8,0,13563
BRDA:105,8,1,40779
BRDA:112,9,0,55498
BRDA:112,9,1,0
BRDA:136,10,0,0
BRDA:136,10,1,15284
BRDA:142,11,0,15236
BRDA:142,11,1,48
BRDA:146,12,0,15115
BRDA:146,12,1,169
BRDA:149,13,0,15068
BRDA:149,13,1,47
BRDA:158,14,0,35
BRDA:158,14,1,134
BRDA:164,15,0,75
BRDA:164,15,1,59
BRDA:167,16,0,65
BRDA:167,16,1,10
BRF:31
BRH:28
end_of_record
TN:
SF:packages/language/src/linking/resolver.ts
FN:50,getParentStatement
FN:76,(anonymous_1)
FN:80,(anonymous_2)
FN:84,(anonymous_3)
FN:97,(anonymous_4)
FN:120,(anonymous_5)
FN:126,(anonymous_6)
FN:130,(anonymous_7)
FN:134,(anonymous_8)
FN:138,(anonymous_9)
FN:144,(anonymous_10)
FN:148,(anonymous_11)
FN:152,(anonymous_12)
FN:156,(anonymous_13)
FN:161,(anonymous_14)
FN:167,getQualifiedName
FN:194,assignQualifiedReference
FN:216,(anonymous_17)
FN:225,assignReference
FN:245,(anonymous_19)
FN:250,(anonymous_20)
FN:268,getMatchingSymbols
FN:286,(anonymous_22)
FN:296,(anonymous_23)
FN:302,(anonymous_24)
FN:360,getRelevantSymbol
FN:384,resolveReference
FN:418,resolveReferences
FN:451,getNodeToReprocess
FN:458,findTokenElementReference
FN:479,findElementReferences
FN:486,getReferenceLocations
FN:525,getTokenAt
FN:551,(anonymous_33)
FN:552,(anonymous_34)
FN:559,getRootCompositeNode
FN:605,tryExtractRootStructureIfBasedMember
FN:635,traverseUpwardsExpect
FN:645,isMemberOfComposite
FNF:39
FNH:38
FNDA:1949,getParentStatement
FNDA:42360,(anonymous_1)
FNDA:536,(anonymous_2)
FNDA:25,(anonymous_3)
FNDA:268,(anonymous_4)
FNDA:25,(anonymous_5)
FNDA:16142,(anonymous_6)
FNDA:102,(anonymous_7)
FNDA:1333,(anonymous_8)
FNDA:32366,(anonymous_9)
FNDA:71,(anonymous_10)
FNDA:1090,(anonymous_11)
FNDA:1090,(anonymous_12)
FNDA:1090,(anonymous_13)
FNDA:0,(anonymous_14)
FNDA:15229,getQualifiedName
FNDA:1300,assignQualifiedReference
FNDA:1217,(anonymous_17)
FNDA:15154,assignReference
FNDA:13859,(anonymous_19)
FNDA:15356,(anonymous_20)
FNDA:15129,getMatchingSymbols
FNDA:8,(anonymous_22)
FNDA:14783,(anonymous_23)
FNDA:18,(anonymous_24)
FNDA:15129,getRelevantSymbol
FNDA:32366,resolveReference
FNDA:1090,resolveReferences
FNDA:75,getNodeToReprocess
FNDA:7,findTokenElementReference
FNDA:7,findElementReferences
FNDA:7,getReferenceLocations
FNDA:192,getTokenAt
FNDA:37,(anonymous_33)
FNDA:13,(anonymous_34)
FNDA:29,getRootCompositeNode
FNDA:15088,tryExtractRootStructureIfBasedMember
FNDA:3890,traverseUpwardsExpect
FNDA:18,isMemberOfComposite
DA:51,1949
DA:52,536
DA:55,1413
DA:61,0
DA:64,1413
DA:73,1350
DA:74,1350
DA:77,42360
DA:81,536
DA:85,25
DA:86,25
DA:98,268
DA:99,268
DA:100,0
DA:103,268
DA:104,268
DA:105,0
DA:108,268
DA:116,1350
DA:117,1350
DA:118,1350
DA:121,25
DA:122,25
DA:123,25
DA:127,16142
DA:131,102
DA:135,1333
DA:139,32366
DA:140,32313
DA:145,71
DA:149,1090
DA:153,1090
DA:157,1090
DA:158,1090
DA:162,0
DA:168,15229
DA:169,1352
DA:170,1352
DA:171,95
DA:172,95
DA:174,95
DA:178,15134
DA:202,1300
DA:203,10
DA:204,0
DA:210,10
DA:211,10
DA:214,1290
DA:215,1290
DA:216,1217
DA:220,1290
DA:221,80
DA:233,15154
DA:234,1300
DA:235,1300
DA:243,13854
DA:244,13854
DA:245,13859
DA:250,14
DA:253,15356
DA:275,15129
DA:276,33
DA:277,15096
DA:279,11
DA:280,11
DA:281,8
DA:286,15088
DA:288,15088
DA:296,14783
DA:298,15088
DA:300,15088
DA:301,15088
DA:302,11
DA:303,18
DA:308,15088
DA:309,15088
DA:310,7
DA:317,15088
DA:318,14756
DA:321,332
DA:322,332
DA:323,64
DA:335,268
DA:336,268
DA:338,268
DA:342,1
DA:353,268
DA:354,39
DA:357,268
DA:364,15129
DA:365,15117
DA:367,12
DA:374,3
DA:375,6
DA:376,3
DA:381,9
DA:389,32366
DA:390,17237
DA:393,15129
DA:394,15129
DA:395,0
DA:398,15129
DA:399,15129
DA:407,15129
DA:408,15129
DA:409,65
DA:410,65
DA:415,15064
DA:419,1090
DA:428,1090
DA:429,1090
DA:430,75
DA:431,75
DA:432,75
DA:433,75
DA:434,74
DA:441,1090
DA:444,1090
DA:445,32291
DA:447,32291
DA:452,75
DA:453,75
DA:461,7
DA:463,7
DA:465,2
DA:466,2
DA:467,2
DA:469,0
DA:471,5
DA:473,0
DA:476,7
DA:483,7
DA:491,7
DA:493,7
DA:494,0
DA:497,7
DA:498,7
DA:499,0
DA:502,7
DA:503,7
DA:505,7
DA:506,7
DA:507,7
DA:513,7
DA:514,11
DA:515,11
DA:522,7
DA:526,192
DA:531,192
DA:532,5
DA:533,5
DA:534,5
DA:538,0
DA:539,0
DA:540,0
DA:542,0
DA:546,0
DA:550,5
DA:551,37
DA:552,13
DA:553,5
DA:556,192
DA:561,29
DA:562,29
DA:564,29
DA:568,29
DA:569,29
DA:570,0
DA:573,29
DA:574,29
DA:575,94
DA:582,29
DA:583,29
DA:586,29
DA:587,0
DA:589,29
DA:608,15088
DA:609,13633
DA:611,1455
DA:615,1455
DA:616,211
DA:618,1244
DA:622,1244
DA:623,53
DA:625,1191
DA:629,1191
DA:630,1180
DA:632,11
DA:639,3890
DA:640,2538
DA:642,1352
DA:646,18
LF:192
LH:175
BRDA:51,0,0,536
BRDA:51,0,1,1413
BRDA:55,1,0,0
BRDA:55,1,1,1413
BRDA:99,2,0,0
BRDA:99,2,1,268
BRDA:104,3,0,0
BRDA:104,3,1,268
BRDA:168,4,0,1352
BRDA:168,4,1,13877
BRDA:170,5,0,95
BRDA:170,5,1,1257
BRDA:202,6,0,10
BRDA:202,6,1,1290
BRDA:203,7,0,0
BRDA:203,7,1,10
BRDA:215,8,0,1210
BRDA:215,8,1,80
BRDA:220,9,0,80
BRDA:220,9,1,1210
BRDA:220,10,0,1290
BRDA:220,10,1,80
BRDA:233,11,0,1300
BRDA:233,11,1,13854
BRDA:244,12,0,13854
BRDA:244,12,1,0
BRDA:275,13,0,33
BRDA:275,13,1,15096
BRDA:277,14,0,11
BRDA:277,14,1,15085
BRDA:280,15,0,8
BRDA:280,15,1,3
BRDA:298,16,0,15088
BRDA:298,16,1,0
BRDA:301,17,0,11
BRDA:301,17,1,15077
BRDA:309,18,0,7
BRDA:309,18,1,15081
BRDA:317,19,0,14756
BRDA:317,19,1,332
BRDA:322,20,0,64
BRDA:322,20,1,268
BRDA:338,21,0,1
BRDA:338,21,1,267
BRDA:353,22,0,39
BRDA:353,22,1,229
BRDA:364,23,0,15117
BRDA:364,23,1,12
BRDA:367,24,0,3
BRDA:367,24,1,9
BRDA:368,25,0,12
BRDA:368,25,1,3
BRDA:375,26,0,3
BRDA:375,26,1,3
BRDA:389,27,0,17237
BRDA:389,27,1,15129
BRDA:389,28,0,32366
BRDA:389,28,1,32366
BRDA:394,29,0,0
BRDA:394,29,1,15129
BRDA:408,30,0,65
BRDA:408,30,1,15064
BRDA:433,31,0,74
BRDA:433,31,1,1
BRDA:453,32,0,75
BRDA:453,32,1,1
BRDA:463,33,0,2
BRDA:463,33,1,5
BRDA:463,34,0,7
BRDA:463,34,1,2
BRDA:466,35,0,2
BRDA:466,35,1,0
BRDA:471,36,0,0
BRDA:471,36,1,5
BRDA:493,37,0,0
BRDA:493,37,1,7
BRDA:498,38,0,0
BRDA:498,38,1,7
BRDA:506,39,0,7
BRDA:506,39,1,0
BRDA:514,40,0,11
BRDA:514,40,1,0
BRDA:527,41,0,192
BRDA:527,41,1,0
BRDA:531,42,0,5
BRDA:531,42,1,187
BRDA:531,43,0,192
BRDA:531,43,1,192
BRDA:533,44,0,5
BRDA:533,44,1,0
BRDA:533,45,0,5
BRDA:533,45,1,5
BRDA:534,46,0,0
BRDA:534,46,1,5
BRDA:535,47,0,5
BRDA:535,47,1,5
BRDA:539,48,0,0
BRDA:539,48,1,0
BRDA:542,49,0,0
BRDA:542,49,1,0
BRDA:543,50,0,0
BRDA:543,50,1,0
BRDA:562,51,0,29
BRDA:562,51,1,0
BRDA:562,52,0,29
BRDA:562,52,1,29
BRDA:569,53,0,0
BRDA:569,53,1,29
BRDA:577,54,0,29
BRDA:577,54,1,94
BRDA:577,54,2,94
BRDA:577,54,3,94
BRDA:582,55,0,29
BRDA:582,55,1,0
BRDA:582,56,0,29
BRDA:582,56,1,29
BRDA:586,57,0,0
BRDA:586,57,1,29
BRDA:608,58,0,13633
BRDA:608,58,1,1455
BRDA:615,59,0,211
BRDA:615,59,1,1244
BRDA:622,60,0,53
BRDA:622,60,1,1191
BRDA:629,61,0,1180
BRDA:629,61,1,11
BRDA:629,62,0,1191
BRDA:629,62,1,103
BRDA:629,62,2,22
BRDA:639,63,0,2538
BRDA:639,63,1,1352
BRDA:639,64,0,3890
BRDA:639,64,1,3890
BRF:133
BRH:107
end_of_record
TN:
SF:packages/language/src/linking/scope.ts
FN:26,(anonymous_0)
FN:31,(anonymous_1)
FN:35,(anonymous_2)
FN:39,(anonymous_3)
FN:56,(anonymous_4)
FN:74,(anonymous_5)
FN:92,(anonymous_6)
FN:105,(anonymous_7)
FN:123,(anonymous_8)
FN:128,(anonymous_9)
FN:140,(anonymous_10)
FN:145,(anonymous_11)
FN:158,(anonymous_12)
FN:163,(anonymous_13)
FNF:14
FNH:14
FNDA:11399,(anonymous_0)
FNDA:21,(anonymous_1)
FNDA:21,(anonymous_2)
FNDA:64,(anonymous_3)
FNDA:15951,(anonymous_4)
FNDA:506,(anonymous_5)
FNDA:18,(anonymous_6)
FNDA:85,(anonymous_7)
FNDA:25,(anonymous_8)
FNDA:15129,(anonymous_9)
FNDA:19997,(anonymous_10)
FNDA:43770,(anonymous_11)
FNDA:50,(anonymous_12)
FNDA:2409,(anonymous_13)
DA:27,11399
DA:28,11399
DA:32,76
DA:36,11323
DA:43,64
DA:45,64
DA:46,0
DA:49,64
DA:61,15951
DA:63,15951
DA:64,12904
DA:67,3047
DA:79,506
DA:81,506
DA:82,0
DA:85,506
DA:96,18
DA:97,18
DA:99,18
DA:100,12
DA:102,18
DA:109,85
DA:110,85
DA:112,85
DA:113,57
DA:115,85
DA:120,1350
DA:121,1350
DA:124,25
DA:125,25
DA:129,15129
DA:137,2700
DA:138,2700
DA:141,19997
DA:142,19997
DA:146,43770
DA:147,43770
DA:148,15269
DA:151,28501
DA:152,28501
DA:153,27628
DA:155,873
DA:159,50
DA:160,50
DA:164,2409
LF:45
LH:43
BRDA:41,0,0,64
BRDA:45,1,0,0
BRDA:45,1,1,64
BRDA:46,2,0,0
BRDA:46,2,1,0
BRDA:50,3,0,64
BRDA:50,3,1,24
BRDA:50,3,2,4
BRDA:58,4,0,15951
BRDA:63,5,0,12904
BRDA:63,5,1,3047
BRDA:64,6,0,12904
BRDA:64,6,1,39
BRDA:68,7,0,3047
BRDA:68,7,1,1156
BRDA:68,7,2,293
BRDA:76,8,0,506
BRDA:81,9,0,0
BRDA:81,9,1,506
BRDA:82,10,0,0
BRDA:82,10,1,0
BRDA:86,11,0,506
BRDA:86,11,1,238
BRDA:86,11,2,64
BRDA:94,12,0,18
BRDA:96,13,0,18
BRDA:96,13,1,0
BRDA:99,14,0,12
BRDA:99,14,1,6
BRDA:107,15,0,85
BRDA:109,16,0,85
BRDA:109,16,1,0
BRDA:112,17,0,57
BRDA:112,17,1,28
BRDA:129,18,0,15129
BRDA:129,18,1,873
BRDA:147,19,0,15269
BRDA:147,19,1,28501
BRDA:152,20,0,27628
BRDA:152,20,1,873
BRF:40
BRH:32
end_of_record
TN:
SF:packages/language/src/linking/symbol-table.ts
FN:56,(anonymous_0)
FN:68,(anonymous_1)
FN:75,(anonymous_2)
FN:94,(anonymous_3)
FN:101,(anonymous_4)
FN:117,(anonymous_5)
FN:131,(anonymous_6)
FN:144,(anonymous_7)
FN:168,(anonymous_8)
FN:173,(anonymous_9)
FN:187,(anonymous_10)
FN:191,(anonymous_11)
FN:195,(anonymous_12)
FN:231,(anonymous_13)
FN:231,(anonymous_14)
FN:232,(anonymous_15)
FN:237,(anonymous_16)
FN:248,(anonymous_17)
FN:257,(anonymous_18)
FN:262,(anonymous_19)
FN:272,(anonymous_20)
FN:279,getQualifiedSymbols
FN:283,(anonymous_22)
FN:301,redeclarationPriority
FN:314,assignRedeclaredSymbols
FN:318,(anonymous_25)
FN:356,checkRedeclaration
FN:368,(anonymous_27)
FN:375,(anonymous_28)
FN:401,reiterateSymbols
FN:435,iterateSymbols
FN:483,recursivelySetContainer
FN:484,(anonymous_32)
FN:495,handleProcedureStatement
FN:508,(anonymous_34)
FN:527,iterateSymbolTable
FN:557,(anonymous_36)
FN:567,handleNode
FN:657,getPriorityReferenceElement
FNF:39
FNH:39
FNDA:13563,(anonymous_0)
FNDA:13563,(anonymous_1)
FNDA:30269,(anonymous_2)
FNDA:39,(anonymous_3)
FNDA:9161,(anonymous_4)
FNDA:26,(anonymous_5)
FNDA:46,(anonymous_6)
FNDA:32,(anonymous_7)
FNDA:104,(anonymous_8)
FNDA:54342,(anonymous_9)
FNDA:85,(anonymous_10)
FNDA:18,(anonymous_11)
FNDA:103,(anonymous_12)
FNDA:10044,(anonymous_13)
FNDA:10071,(anonymous_14)
FNDA:10044,(anonymous_15)
FNDA:64,(anonymous_16)
FNDA:15951,(anonymous_17)
FNDA:28782,(anonymous_18)
FNDA:506,(anonymous_19)
FNDA:294,(anonymous_20)
FNDA:16521,getQualifiedSymbols
FNDA:15150,(anonymous_22)
FNDA:62,redeclarationPriority
FNDA:1319,assignRedeclaredSymbols
FNDA:55570,(anonymous_25)
FNDA:56638,checkRedeclaration
FNDA:66,(anonymous_27)
FNDA:57,(anonymous_28)
FNDA:1090,reiterateSymbols
FNDA:1319,iterateSymbols
FNDA:255993,recursivelySetContainer
FNDA:252340,(anonymous_32)
FNDA:8685,handleProcedureStatement
FNDA:35826,(anonymous_34)
FNDA:257250,iterateSymbolTable
FNDA:210112,(anonymous_36)
FNDA:257319,handleNode
FNDA:75,getPriorityReferenceElement
DA:51,11399
DA:52,11399
DA:53,11399
DA:54,11399
DA:62,13563
DA:72,13563
DA:79,30269
DA:80,30269
DA:81,31341
DA:95,39
DA:107,9161
DA:108,0
DA:111,9161
DA:121,26
DA:122,26
DA:123,0
DA:125,26
DA:135,46
DA:136,0
DA:138,46
DA:148,32
DA:149,32
DA:150,32
DA:155,32
DA:156,32
DA:157,230
DA:158,230
DA:159,230
DA:169,104
DA:170,104
DA:178,54342
DA:179,54342
DA:180,78
DA:182,54264
DA:183,54264
DA:184,54264
DA:188,85
DA:192,18
DA:199,103
DA:200,103
DA:201,12523
DA:202,2488
DA:203,2497
DA:204,2497
DA:205,2497
DA:207,2497
DA:208,24
DA:209,24
DA:210,13
DA:212,24
DA:214,2497
DA:216,9
DA:217,9
DA:219,9
DA:226,10035
DA:230,103
DA:231,10071
DA:232,10044
DA:234,103
DA:240,64
DA:241,64
DA:242,0
DA:244,64
DA:245,64
DA:251,15951
DA:252,15951
DA:253,0
DA:255,15951
DA:257,28782
DA:259,15951
DA:265,506
DA:266,506
DA:267,0
DA:270,506
DA:272,294
DA:274,506
DA:283,16521
DA:284,15150
DA:288,16521
DA:290,16521
DA:292,16521
DA:293,15020
DA:294,1501
DA:295,44
DA:297,1457
DA:302,62
DA:303,36
DA:305,26
DA:315,1319
DA:316,10401
DA:317,41550
DA:319,55570
DA:324,41550
DA:325,41550
DA:326,40718
DA:333,41550
DA:334,31
DA:335,31
DA:336,31
DA:337,31
DA:338,31
DA:339,31
DA:340,1
DA:341,1
DA:344,31
DA:357,56638
DA:359,56592
DA:360,46
DA:362,0
DA:367,46
DA:368,66
DA:370,46
DA:372,17
DA:374,29
DA:376,57
DA:380,29
DA:382,19
DA:384,10
DA:385,10
DA:386,10
DA:387,10
DA:388,12
DA:392,8
DA:395,2
DA:397,2
DA:405,1090
DA:409,1090
DA:416,1090
DA:417,69
DA:418,69
DA:420,0
DA:421,0
DA:426,69
DA:436,1319
DA:439,1319
DA:440,1319
DA:445,1319
DA:446,1319
DA:448,1319
DA:465,1319
DA:466,1319
DA:468,1319
DA:480,1319
DA:484,255993
DA:485,252340
DA:486,252340
DA:500,8685
DA:501,8685
DA:506,8685
DA:508,8685
DA:509,35826
DA:511,8685
DA:513,8674
DA:515,8674
DA:533,257250
DA:538,97
DA:540,257250
DA:542,257250
DA:546,16244
DA:548,16244
DA:549,102
DA:551,16142
DA:555,257250
DA:556,257250
DA:557,248565
DA:558,210112
DA:573,257319
DA:577,8685
DA:579,8685
DA:581,8
DA:582,8
DA:587,8
DA:590,26
DA:591,26
DA:595,46
DA:596,46
DA:599,32
DA:600,32
DA:603,9161
DA:609,9161
DA:612,30269
DA:616,30269
DA:618,12925
DA:619,12925
DA:624,12925
DA:628,47
DA:629,47
DA:630,46
DA:635,47
DA:638,587
DA:639,592
DA:640,592
DA:641,592
DA:647,587
DA:651,42360
DA:652,42360
DA:654,248634
DA:661,75
DA:662,75
DA:663,218
DA:667,75
DA:668,143
DA:673,143
DA:675,0
DA:678,0
LF:205
LH:194
BRDA:107,0,0,0
BRDA:107,0,1,9161
BRDA:107,1,0,9161
BRDA:107,1,1,9161
BRDA:122,2,0,0
BRDA:122,2,1,26
BRDA:122,3,0,26
BRDA:122,3,1,26
BRDA:122,3,2,26
BRDA:135,4,0,0
BRDA:135,4,1,46
BRDA:135,5,0,46
BRDA:135,5,1,46
BRDA:149,6,0,32
BRDA:149,6,1,0
BRDA:149,7,0,32
BRDA:149,7,1,32
BRDA:155,8,0,32
BRDA:155,8,1,0
BRDA:158,9,0,230
BRDA:158,9,1,0
BRDA:158,10,0,230
BRDA:158,10,1,230
BRDA:179,11,0,78
BRDA:179,11,1,54264
BRDA:201,12,0,2488
BRDA:201,12,1,10035
BRDA:207,13,0,2497
BRDA:207,13,1,25
BRDA:209,14,0,13
BRDA:209,14,1,11
BRDA:214,15,0,9
BRDA:214,15,1,2488
BRDA:216,16,0,9
BRDA:216,16,1,0
BRDA:241,17,0,0
BRDA:241,17,1,64
BRDA:252,18,0,0
BRDA:252,18,1,15951
BRDA:266,19,0,0
BRDA:266,19,1,506
BRDA:292,20,0,15020
BRDA:292,20,1,1501
BRDA:294,21,0,44
BRDA:294,21,1,1457
BRDA:302,22,0,36
BRDA:302,22,1,26
BRDA:319,23,0,55570
BRDA:319,23,1,41549
BRDA:319,23,2,40719
BRDA:333,24,0,31
BRDA:333,24,1,41519
BRDA:339,25,0,1
BRDA:339,25,1,30
BRDA:357,26,0,56592
BRDA:357,26,1,46
BRDA:360,27,0,0
BRDA:360,27,1,46
BRDA:370,28,0,17
BRDA:370,28,1,29
BRDA:376,29,0,57
BRDA:376,29,1,10
BRDA:376,29,2,10
BRDA:380,30,0,19
BRDA:380,30,1,10
BRDA:388,31,0,8
BRDA:388,31,1,4
BRDA:418,32,0,0
BRDA:418,32,1,69
BRDA:511,33,0,8674
BRDA:511,33,1,11
BRDA:533,34,0,97
BRDA:533,34,1,257153
BRDA:534,35,0,257250
BRDA:534,35,1,257090
BRDA:534,35,2,257040
BRDA:542,36,0,16244
BRDA:542,36,1,241006
BRDA:548,37,0,102
BRDA:548,37,1,16142
BRDA:556,38,0,248565
BRDA:556,38,1,8685
BRDA:573,39,0,8661
BRDA:573,39,1,8685
BRDA:573,39,2,8
BRDA:573,39,3,26
BRDA:573,39,4,46
BRDA:573,39,5,32
BRDA:573,39,6,9161
BRDA:573,39,7,30269
BRDA:573,39,8,12925
BRDA:573,39,9,47
BRDA:573,39,10,587
BRDA:573,39,11,42360
BRDA:581,40,0,8
BRDA:581,40,1,0
BRDA:581,41,0,8
BRDA:581,41,1,8
BRDA:618,42,0,12925
BRDA:618,42,1,0
BRDA:629,43,0,46
BRDA:629,43,1,1
BRDA:629,44,0,47
BRDA:629,44,1,46
BRDA:640,45,0,592
BRDA:640,45,1,0
BRDA:663,46,0,75
BRDA:663,46,1,143
BRDA:664,47,0,218
BRDA:664,47,1,172
BRDA:668,48,0,143
BRDA:668,48,1,0
BRDA:669,49,0,143
BRDA:669,49,1,97
BRDA:669,49,2,46
BRF:115
BRH:99
end_of_record
TN:
SF:packages/language/src/linking/tokens.ts
FN:16,isValidToken
FN:25,isNameToken
FN:41,getNameToken
FN:57,isReferenceToken
FN:76,isIncludeItemToken
FN:90,getReference
FNF:6
FNH:6
FNDA:347,isValidToken
FNDA:234,isNameToken
FNDA:31537,getNameToken
FNDA:236,isReferenceToken
FNDA:49,isIncludeItemToken
FNDA:257464,getReference
DA:17,347
DA:26,234
DA:33,13
DA:35,221
DA:42,31537
DA:45,8
DA:52,31529
DA:54,0
DA:58,236
DA:71,214
DA:73,22
DA:77,49
DA:82,8
DA:84,41
DA:91,257464
DA:93,12928
DA:95,11
DA:97,1141
DA:99,2297
DA:101,52
DA:103,7
DA:105,12
DA:107,12
DA:109,241004
LF:24
LH:23
BRDA:18,0,0,347
BRDA:18,0,1,347
BRDA:18,0,2,347
BRDA:26,1,0,13
BRDA:26,1,1,13
BRDA:26,1,2,13
BRDA:26,1,3,13
BRDA:26,1,4,13
BRDA:26,1,5,13
BRDA:42,2,0,1
BRDA:42,2,1,8
BRDA:42,2,2,31484
BRDA:42,2,3,31523
BRDA:42,2,4,31523
BRDA:42,2,5,31524
BRDA:42,2,6,31527
BRDA:42,2,7,31529
BRDA:45,3,0,8
BRDA:45,3,1,0
BRDA:52,4,0,31529
BRDA:52,4,1,0
BRDA:58,5,0,5
BRDA:58,5,1,5
BRDA:58,5,2,6
BRDA:58,5,3,6
BRDA:58,5,4,6
BRDA:58,5,5,18
BRDA:58,5,6,205
BRDA:58,5,7,206
BRDA:58,5,8,209
BRDA:58,5,9,209
BRDA:58,5,10,209
BRDA:58,5,11,214
BRDA:77,6,0,2
BRDA:77,6,1,6
BRDA:77,6,2,6
BRDA:77,6,3,8
BRDA:91,7,0,12928
BRDA:91,7,1,11
BRDA:91,7,2,1141
BRDA:91,7,3,2297
BRDA:91,7,4,52
BRDA:91,7,5,7
BRDA:91,7,6,12
BRDA:91,7,7,12
BRDA:93,8,0,12928
BRDA:93,8,1,0
BRDA:95,9,0,11
BRDA:95,9,1,0
BRDA:97,10,0,1141
BRDA:97,10,1,0
BRDA:99,11,0,2297
BRDA:99,11,1,2
BRDA:101,12,0,52
BRDA:101,12,1,0
BRDA:103,13,0,7
BRDA:103,13,1,0
BRDA:105,14,0,12
BRDA:105,14,1,0
BRDA:107,15,0,12
BRDA:107,15,1,0
BRF:61
BRH:52
end_of_record
TN:
SF:packages/language/src/parser/binary-expressions.ts
FN:48,buildPrecendenceMap
FN:96,constructBinaryExpression
FNF:2
FNH:2
FNDA:21,buildPrecendenceMap
FNDA:6562,constructBinaryExpression
DA:51,21
DA:52,21
DA:53,147
DA:54,147
DA:55,357
DA:58,21
DA:61,21
DA:87,21
DA:101,6562
DA:102,11
DA:104,6551
DA:109,5962
DA:112,589
DA:113,589
DA:115,589
DA:116,1503
DA:117,1503
DA:118,1503
DA:121,1503
DA:125,1503
DA:126,1496
DA:127,1496
DA:132,589
DA:133,589
DA:135,589
DA:136,589
DA:139,589
DA:145,589
DA:153,589
DA:154,589
DA:156,589
DA:157,589
DA:160,589
DA:169,589
DA:171,589
LF:35
LH:35
BRDA:101,0,0,11
BRDA:101,0,1,6551
BRDA:104,1,0,5962
BRDA:104,1,1,589
BRDA:104,2,0,6551
BRDA:104,2,1,5964
BRDA:117,3,0,1503
BRDA:117,3,1,0
BRDA:121,4,0,6
BRDA:121,4,1,1497
BRDA:125,5,0,1496
BRDA:125,5,1,7
BRF:12
BRH:11
end_of_record
TN:
[...]
LF:9
LH:9
BRDA:25,0,0,0
BRDA:25,0,1,67
BRDA:29,1,0,44
BRDA:29,1,1,23
BRDA:29,2,0,67
BRDA:29,2,1,23
BRDA:29,2,2,0
BRDA:30,3,0,4
BRDA:30,3,1,19
BRDA:33,4,0,17
BRDA:33,4,1,2
BRDA:34,5,0,19
BRDA:34,5,1,6
BRDA:34,5,2,6
BRDA:34,5,3,5
BRDA:34,5,4,4
BRDA:34,5,5,3
BRF:17
BRH:15
end_of_record
TN:
SF:packages/language/src/validation/compiler/IBM3970-IBM3971-call-procedure.ts
FN:17,IBM3970IS_IBM3971IS_check_pp_call_procedure
FN:33,(anonymous_1)
FNF:2
FNH:2
FNDA:16,IBM3970IS_IBM3971IS_check_pp_call_procedure
FNDA:1,(anonymous_1)
DA:21,16
DA:22,16
DA:23,16
DA:24,1
DA:25,1
DA:27,1
DA:29,15
DA:30,1
DA:32,15
DA:33,1
DA:35,1
LF:11
LH:11
BRDA:23,0,0,1
BRDA:23,0,1,15
BRDA:23,1,0,16
BRDA:23,1,1,15
BRDA:24,2,0,1
BRDA:24,2,1,0
BRDA:29,3,0,1
BRDA:29,3,1,14
BRDA:32,4,0,1
BRDA:32,4,1,14
BRF:10
BRH:9
end_of_record
TN:
SF:packages/language/src/validation/compiler/check-arguments.ts
FN:28,CallStatement_checkArguments
FN:42,(anonymous_1)
FN:58,MemberCall_checkArguments
FN:83,(anonymous_3)
FN:106,checkArguments
FN:137,checkArgumentTypes
FN:169,getParameterDetails
FN:173,(anonymous_7)
FN:179,(anonymous_8)
FNF:9
FNH:9
FNDA:94,CallStatement_checkArguments
FNDA:39,(anonymous_1)
FNDA:1323,MemberCall_checkArguments
FNDA:200,(anonymous_3)
FNDA:166,checkArguments
FNDA:166,checkArgumentTypes
FNDA:166,getParameterDetails
FNDA:241,(anonymous_7)
FNDA:241,(anonymous_8)
DA:33,94
DA:34,94
DA:35,24
DA:37,70
DA:38,70
DA:39,25
DA:42,45
DA:43,39
DA:45,94
DA:63,1323
DA:68,2
DA:70,1321
DA:71,1321
DA:72,1321
DA:73,1185
DA:75,136
DA:76,136
DA:77,0
DA:79,136
DA:80,15
DA:83,121
DA:84,200
DA:88,1323
DA:119,166
DA:120,166
DA:121,166
DA:122,9
DA:123,157
DA:124,7
DA:126,166
DA:146,166
DA:147,237
DA:148,237
DA:149,7
DA:151,230
DA:152,237
DA:157,2
DA:173,166
DA:174,241
DA:177,166
DA:179,241
DA:181,166
DA:184,166
LF:43
LH:42
BRDA:34,0,0,24
BRDA:34,0,1,70
BRDA:38,1,0,25
BRDA:38,1,1,45
BRDA:42,2,0,45
BRDA:42,2,1,0
BRDA:63,3,0,2
BRDA:63,3,1,1321
BRDA:64,4,0,1323
BRDA:64,4,1,1323
BRDA:64,4,2,1323
BRDA:72,5,0,1185
BRDA:72,5,1,136
BRDA:72,6,0,1321
BRDA:72,6,1,1280
BRDA:76,7,0,0
BRDA:76,7,1,136
BRDA:79,8,0,15
BRDA:79,8,1,121
BRDA:83,9,0,121
BRDA:83,9,1,0
BRDA:84,10,0,199
BRDA:84,10,1,1
BRDA:84,11,0,200
BRDA:84,11,1,200
BRDA:121,12,0,9
BRDA:121,12,1,157
BRDA:123,13,0,7
BRDA:123,13,1,150
BRDA:148,14,0,7
BRDA:148,14,1,230
BRDA:148,15,0,237
BRDA:148,15,1,35
BRDA:151,16,0,230
BRDA:151,16,1,28
BRDA:152,17,0,2
BRDA:152,17,1,235
BRDA:153,18,0,237
BRDA:153,18,1,230
BRDA:153,18,2,230
BRDA:177,19,0,166
BRDA:177,19,1,45
BRDA:180,20,0,12
BRDA:180,20,1,154
BRDA:181,21,0,12
BRDA:181,21,1,154
BRF:46
BRH:43
end_of_record
TN:
SF:packages/language/src/validation/language-server/LSPIS001-skip-statement-not-supported.ts
FN:17,LSPIS001_standalone_skip_directive_not_supported
FNF:1
FNH:1
FNDA:2,LSPIS001_standalone_skip_directive_not_supported
DA:21,2
DA:22,0
DA:25,2
LF:3
LH:2
BRDA:21,0,0,0
BRDA:21,0,1,2
BRF:2
BRH:1
end_of_record
TN:
SF:packages/language/src/validation/language-server/call-dimensions.ts
FN:18,checkProcedureCallsDimensions
FNF:1
FNH:1
FNDA:751,checkProcedureCallsDimensions
DA:23,751
DA:28,90
DA:29,90
DA:30,1
LF:4
LH:4
BRDA:23,0,0,90
BRDA:23,0,1,661
BRDA:24,1,0,751
BRDA:24,1,1,749
BRDA:24,1,2,691
BRDA:29,2,0,1
BRDA:29,2,1,89
BRDA:29,3,0,90
BRDA:29,3,1,90
BRF:9
BRH:9
end_of_record
TN:
SF:packages/language/src/validation/language-server/implicit-builtins.ts
FN:28,checkImplicitBuiltins
FNF:1
FNH:1
FNDA:751,checkImplicitBuiltins
DA:20,14
DA:34,751
DA:35,81
DA:38,670
DA:39,751
DA:42,751
DA:43,663
DA:49,7
DA:50,1
DA:51,1
DA:52,0
DA:54,1
DA:55,1
DA:57,7
DA:58,3
LF:15
LH:14
BRDA:34,0,0,81
BRDA:34,0,1,670
BRDA:42,1,0,663
BRDA:42,1,1,88
BRDA:42,2,0,751
BRDA:42,2,1,668
BRDA:42,2,2,546
BRDA:42,2,3,519
BRDA:49,3,0,1
BRDA:49,3,1,6
BRDA:51,4,0,0
BRDA:51,4,1,1
BRDA:57,5,0,3
BRDA:57,5,1,4
BRF:14
BRH:13
end_of_record
TN:
SF:packages/language/src/validation/macro/case.ts
FN:21,MACRO_Case
FNF:1
FNH:1
FNDA:1051,MACRO_Case
DA:26,1051
DA:27,34
DA:28,1017
DA:34,1012
DA:37,5
DA:38,5
DA:40,5
DA:43,195
DA:44,195
DA:47,195
DA:48,59
DA:49,9
DA:52,136
DA:53,2
DA:57,184
DA:58,14
DA:61,14
DA:65,14
DA:67,14
DA:68,14
DA:69,0
LF:21
LH:20
BRDA:26,0,0,34
BRDA:26,0,1,1017
BRDA:28,1,0,1012
BRDA:28,1,1,5
BRDA:29,2,0,1017
BRDA:29,2,1,1017
BRDA:29,2,2,5
BRDA:44,3,0,195
BRDA:44,3,1,59
BRDA:47,4,0,59
BRDA:47,4,1,136
BRDA:48,5,0,9
BRDA:48,5,1,50
BRDA:52,6,0,2
BRDA:52,6,1,134
BRDA:57,7,0,14
BRDA:57,7,1,170
BRDA:68,8,0,0
BRDA:68,8,1,14
BRF:19
BRH:18
end_of_record
TN:
SF:packages/language/src/validation/macro/deprecate.ts
FN:18,MACRO_Deprecate
FN:40,(anonymous_1)
FN:41,(anonymous_2)
FNF:3
FNH:3
FNDA:99,MACRO_Deprecate
FNDA:5,(anonymous_1)
FNDA:5,(anonymous_2)
DA:23,99
DA:27,8
DA:30,91
DA:34,87
DA:38,4
DA:40,5
DA:41,5
DA:44,99
DA:46,4
DA:47,5
DA:49,5
DA:53,3
DA:55,5
DA:59,1
LF:14
LH:14
BRDA:23,0,0,8
BRDA:23,0,1,91
BRDA:24,1,0,99
BRDA:24,1,1,8
BRDA:30,2,0,87
BRDA:30,2,1,4
BRDA:31,3,0,91
BRDA:31,3,1,88
BRDA:38,4,0,4
BRDA:38,4,1,0
BRDA:39,5,0,4
BRDA:39,5,1,0
BRDA:44,6,0,0
BRDA:44,6,1,99
BRDA:49,7,0,3
BRDA:49,7,1,2
BRDA:50,8,0,5
BRDA:50,8,1,5
BRDA:55,9,0,1
BRDA:55,9,1,4
BRDA:56,10,0,5
BRDA:56,10,1,5
BRF:22
BRH:19
end_of_record
TN:
SF:packages/language/src/validation/macro/nameprefix.ts
FN:19,MACRO_NamePrefix
FN:37,(anonymous_1)
FN:38,(anonymous_2)
FNF:3
FNH:3
FNDA:392,MACRO_NamePrefix
FNDA:3,(anonymous_1)
FNDA:3,(anonymous_2)
DA:24,392
DA:25,386
DA:31,6
DA:32,4
DA:34,2
DA:37,3
DA:38,3
DA:42,6
DA:44,6
DA:45,7
DA:46,7
DA:53,0
DA:56,7
LF:13
LH:12
BRDA:24,0,0,386
BRDA:24,0,1,6
BRDA:31,1,0,4
BRDA:31,1,1,2
BRDA:32,2,0,4
BRDA:32,2,1,0
BRDA:35,3,0,2
BRDA:35,3,1,0
BRDA:36,4,0,2
BRDA:36,4,1,0
BRDA:42,5,0,0
BRDA:42,5,1,6
BRDA:46,6,0,0
BRDA:46,6,1,7
BRDA:47,7,0,7
BRDA:47,7,1,7
BRDA:47,7,2,7
BRF:17
BRH:12
end_of_record
TN:
SF:packages/language/src/workspace/builtins.ts
FNF:0
FNH:0
DA:15,21
DA:21,21
DA:23,21
DA:30,21
DA:37,21
DA:38,21
DA:39,21
DA:40,21
DA:63,21
DA:70,21
DA:71,21
DA:72,21
DA:73,21
DA:106,21
DA:113,21
DA:263,21
DA:264,21
DA:266,21
DA:13961,21
DA:13968,21
DA:13969,21
DA:13970,21
DA:14588,21
LF:23
LH:23
BRF:0
BRH:0
end_of_record
TN:
SF:packages/language/src/workspace/compilation-unit.ts
FN:108,(anonymous_0)
FN:115,isPluginConfigurationUri
FN:120,createBuiltinUnitGetter
FN:124,(anonymous_3)
FN:137,createBuiltinScopeGetter
FN:141,(anonymous_5)
FN:160,createCompilationUnit
FN:209,(anonymous_7)
FN:212,(anonymous_8)
FN:217,(anonymous_9)
FN:224,(anonymous_10)
FN:238,(anonymous_11)
FN:268,(anonymous_12)
FN:272,(anonymous_13)
FN:276,(anonymous_14)
FN:285,(anonymous_15)
FN:304,(anonymous_16)
FN:310,(anonymous_17)
FN:324,(anonymous_18)
FN:332,(anonymous_19)
FN:336,(anonymous_20)
FN:340,(anonymous_21)
FN:344,(anonymous_22)
FN:346,(anonymous_23)
FN:362,(anonymous_24)
FN:377,(anonymous_25)
FN:378,(anonymous_26)
FN:390,(anonymous_27)
FN:409,(anonymous_28)
FN:447,(anonymous_29)
FN:452,(anonymous_30)
FN:458,(anonymous_31)
FN:475,(anonymous_32)
FN:481,isVirtualFile
FN:482,(anonymous_34)
FNF:35
FNH:18
FNDA:2700,(anonymous_0)
FNDA:9,isPluginConfigurationUri
FNDA:28,createBuiltinUnitGetter
FNDA:2654,(anonymous_3)
FNDA:28,createBuiltinScopeGetter
FNDA:2700,(anonymous_5)
FNDA:1350,createCompilationUnit
FNDA:7,(anonymous_7)
FNDA:7,(anonymous_8)
FNDA:2370,(anonymous_9)
FNDA:2526,(anonymous_10)
FNDA:25,(anonymous_11)
FNDA:6,(anonymous_12)
FNDA:0,(anonymous_13)
FNDA:3,(anonymous_14)
FNDA:9,(anonymous_15)
FNDA:10,(anonymous_16)
FNDA:2,(anonymous_17)
FNDA:2,(anonymous_18)
FNDA:0,(anonymous_19)
FNDA:0,(anonymous_20)
FNDA:0,(anonymous_21)
FNDA:0,(anonymous_22)
FNDA:0,(anonymous_23)
FNDA:0,(anonymous_24)
FNDA:0,(anonymous_25)
FNDA:0,(anonymous_26)
FNDA:0,(anonymous_27)
FNDA:0,(anonymous_28)
FNDA:0,(anonymous_29)
FNDA:0,(anonymous_30)
FNDA:0,(anonymous_31)
FNDA:0,(anonymous_32)
FNDA:0,isVirtualFile
FNDA:0,(anonymous_34)
DA:107,14
DA:108,2700
DA:109,14
DA:116,9
DA:117,9
DA:123,28
DA:124,28
DA:125,2654
DA:126,30
DA:127,30
DA:128,30
DA:129,30
DA:130,30
DA:131,30
DA:133,2654
DA:141,28
DA:142,2700
DA:143,76
DA:145,2624
DA:146,30
DA:147,30
DA:150,2624
DA:154,14
DA:155,14
DA:157,14
DA:158,14
DA:164,1350
DA:165,1350
DA:166,1350
DA:167,1312
DA:168,1312
DA:169,1312
DA:171,1350
DA:183,1350
DA:184,1350
DA:185,1350
DA:210,7
DA:213,7
DA:218,2370
DA:219,1028
DA:221,1342
DA:222,1342
DA:225,2526
DA:226,1184
DA:228,1342
DA:229,1027
DA:233,315
DA:235,1342
DA:239,25
DA:240,25
DA:241,25
DA:242,25
DA:243,25
DA:244,25
DA:245,25
DA:246,25
DA:249,1350
DA:253,6
DA:255,6
DA:260,6
DA:269,6
DA:273,0
DA:277,3
DA:288,9
DA:290,0
DA:292,9
DA:293,0
DA:294,9
DA:296,8
DA:297,8
DA:300,1
DA:305,10
DA:306,10
DA:307,10
DA:311,2
DA:312,2
DA:313,1
DA:316,1
DA:317,2
DA:319,1
DA:321,1
DA:325,2
DA:333,0
DA:337,0
DA:338,0
DA:339,0
DA:340,0
DA:341,0
DA:342,0
DA:344,0
DA:345,0
DA:346,0
DA:347,0
DA:348,0
DA:349,0
DA:352,0
DA:363,0
DA:364,0
DA:366,0
DA:368,0
DA:369,0
DA:371,0
DA:374,0
DA:378,0
DA:379,0
DA:380,0
DA:381,0
DA:383,0
DA:390,0
DA:391,0
DA:392,0
DA:393,0
DA:395,0
DA:397,0
DA:398,0
DA:415,0
DA:416,0
DA:417,0
DA:418,0
DA:420,0
DA:421,0
DA:425,0
DA:426,0
DA:428,0
DA:429,0
DA:435,0
DA:436,0
DA:438,0
DA:451,0
DA:452,0
DA:453,0
DA:454,0
DA:455,0
DA:457,0
DA:459,0
DA:460,0
DA:461,0
DA:469,0
DA:475,0
DA:479,14
DA:482,0
LF:141
LH:80
BRDA:117,0,0,9
BRDA:117,0,1,0
BRDA:125,1,0,30
BRDA:125,1,1,2624
BRDA:142,2,0,76
BRDA:142,2,1,2624
BRDA:145,3,0,30
BRDA:145,3,1,2594
BRDA:148,4,0,30
BRDA:148,4,1,0
BRDA:166,5,0,1312
BRDA:166,5,1,38
BRDA:218,6,0,1028
BRDA:218,6,1,1342
BRDA:225,7,0,1184
BRDA:225,7,1,1342
BRDA:228,8,0,1027
BRDA:228,8,1,315
BRDA:288,9,0,0
BRDA:288,9,1,9
BRDA:292,10,0,0
BRDA:292,10,1,9
BRDA:294,11,0,8
BRDA:294,11,1,1
BRDA:312,12,0,1
BRDA:312,12,1,1
BRDA:348,13,0,0
BRDA:348,13,1,0
BRDA:348,14,0,0
BRDA:348,14,1,0
BRDA:364,15,0,0
BRDA:364,15,1,0
BRDA:369,16,0,0
BRDA:369,16,1,0
BRDA:381,17,0,0
BRDA:381,17,1,0
BRDA:392,18,0,0
BRDA:392,18,1,0
BRDA:425,19,0,0
BRDA:425,19,1,0
BRDA:425,20,0,0
BRDA:425,20,1,0
BRDA:431,21,0,0
BRDA:431,21,1,0
BRDA:435,22,0,0
BRDA:435,22,1,0
BRDA:454,23,0,0
BRDA:454,23,1,0
BRDA:460,24,0,0
BRDA:460,24,1,0
BRF:50
BRH:22
end_of_record
TN:
SF:packages/language/src/workspace/environment.ts
FNF:0
FNH:0
DA:13,23
LF:1
LH:1
BRDA:13,0,0,23
BRDA:13,0,1,23
BRF:2
BRH:2
end_of_record
TN:
SF:packages/language/src/workspace/file-store.ts
FN:29,(anonymous_0)
FN:31,(anonymous_1)
FN:36,(anonymous_2)
FN:40,(anonymous_3)
FN:44,(anonymous_4)
FN:48,(anonymous_5)
FN:57,(anonymous_6)
FN:63,(anonymous_7)
FN:67,(anonymous_8)
FN:71,(anonymous_9)
FN:78,(anonymous_10)
FN:82,(anonymous_11)
FN:86,(anonymous_12)
FN:90,(anonymous_13)
FNF:14
FNH:11
FNDA:1350,(anonymous_0)
FNDA:2624,(anonymous_1)
FNDA:3461,(anonymous_2)
FNDA:512,(anonymous_3)
FNDA:146,(anonymous_4)
FNDA:5,(anonymous_5)
FNDA:82,(anonymous_6)
FNDA:1423,(anonymous_7)
FNDA:0,(anonymous_8)
FNDA:1375,(anonymous_9)
FNDA:0,(anonymous_10)
FNDA:1,(anonymous_11)
FNDA:2,(anonymous_12)
FNDA:0,(anonymous_13)
DA:26,1350
DA:29,1350
DA:30,1350
DA:31,2624
DA:33,1350
DA:37,3461
DA:41,512
DA:45,146
DA:49,5
DA:50,15
DA:51,10
DA:53,5
DA:60,82
DA:64,1423
DA:68,0
DA:72,1375
DA:73,1375
DA:74,2674
DA:79,0
DA:83,1
DA:87,2
DA:91,0
LF:22
LH:19
BRDA:50,0,0,10
BRDA:50,0,1,5
BRDA:60,1,0,82
BRDA:60,1,1,0
BRF:4
BRH:3
end_of_record
TN:
SF:packages/language/src/workspace/file-system-provider.ts
FN:22,(anonymous_0)
FN:65,(anonymous_1)
FN:69,(anonymous_2)
FN:73,(anonymous_3)
FN:77,(anonymous_4)
FN:81,(anonymous_5)
FN:85,(anonymous_6)
FN:92,(anonymous_7)
FN:126,(anonymous_8)
FN:134,(anonymous_9)
FN:143,(anonymous_10)
FN:154,(anonymous_11)
FN:186,(anonymous_12)
FN:194,(anonymous_13)
FN:207,(anonymous_14)
FN:209,(anonymous_15)
FN:227,(anonymous_16)
FN:257,(anonymous_17)
FNF:18
FNH:13
FNDA:21,(anonymous_0)
FNDA:0,(anonymous_1)
FNDA:28,(anonymous_2)
FNDA:12,(anonymous_3)
FNDA:0,(anonymous_4)
FNDA:0,(anonymous_5)
FNDA:0,(anonymous_6)
FNDA:28,(anonymous_7)
FNDA:1101,(anonymous_8)
FNDA:1238,(anonymous_9)
FNDA:136,(anonymous_10)
FNDA:3982,(anonymous_11)
FNDA:197,(anonymous_12)
FNDA:0,(anonymous_13)
FNDA:7,(anonymous_14)
FNDA:6,(anonymous_15)
FNDA:7,(anonymous_16)
FNDA:3999,(anonymous_17)
DA:22,21
DA:23,21
DA:24,21
DA:25,21
DA:26,21
DA:66,0
DA:70,28
DA:74,12
DA:78,0
DA:82,0
DA:89,0
DA:93,28
DA:103,21
DA:114,1101
DA:127,1101
DA:135,1238
DA:136,1238
DA:144,136
DA:156,3982
DA:157,3982
DA:158,2059
DA:160,3982
DA:161,3982
DA:162,4259
DA:163,2106
DA:164,2106
DA:165,2106
DA:166,2106
DA:167,2106
DA:169,2106
DA:170,2106
DA:175,3982
DA:178,1960
DA:180,2022
DA:187,197
DA:195,0
DA:196,0
DA:197,0
DA:198,0
DA:199,0
DA:208,7
DA:209,6
DA:210,6
DA:211,6
DA:212,6
DA:213,6
DA:215,0
DA:218,7
DA:231,7
DA:232,7
DA:233,7
DA:235,7
DA:236,7
DA:237,14
DA:238,6
DA:240,8
DA:241,8
DA:242,8
DA:243,0
DA:247,1
DA:258,3999
DA:259,3999
DA:260,3999
DA:261,3999
DA:262,3999
DA:263,3999
DA:264,4141
DA:265,2016
DA:266,2016
DA:270,3999
LF:70
LH:59
BRDA:22,0,0,21
BRDA:22,0,1,21
BRDA:126,1,0,1101
BRDA:157,2,0,2059
BRDA:157,2,1,1923
BRDA:162,3,0,2106
BRDA:162,3,1,2153
BRDA:165,4,0,2106
BRDA:165,4,1,0
BRDA:167,5,0,2015
BRDA:167,5,1,91
BRDA:169,6,0,2106
BRDA:169,6,1,0
BRDA:169,7,0,2106
BRDA:169,7,1,13
BRDA:175,8,0,1960
BRDA:175,8,1,2022
BRDA:198,9,0,0
BRDA:198,9,1,0
BRDA:198,10,0,0
BRDA:198,10,1,0
BRDA:208,11,0,6
BRDA:208,11,1,1
BRDA:210,12,0,6
BRDA:210,12,1,0
BRDA:211,13,0,6
BRDA:211,13,1,0
BRDA:212,14,0,6
BRDA:212,14,1,0
BRDA:232,15,0,7
BRDA:232,15,1,0
BRDA:237,16,0,6
BRDA:237,16,1,8
BRDA:241,17,0,8
BRDA:241,17,1,0
BRDA:242,18,0,0
BRDA:242,18,1,8
BRDA:261,19,0,3999
BRDA:261,19,1,0
BRDA:262,20,0,1939
BRDA:262,20,1,2060
BRDA:264,21,0,2016
BRDA:264,21,1,2125
BRF:43
BRH:30
end_of_record
TN:
SF:packages/language/src/workspace/lifecycle.ts
FN:30,lifecycle
FN:53,tokenize
FN:64,(anonymous_2)
FN:72,parse
FN:87,generateSymbolTable
FN:91,link
FN:104,validate
FN:108,preprocessorValidate
FNF:8
FNH:8
FNDA:25,lifecycle
FNDA:1333,tokenize
FNDA:2319,(anonymous_2)
FNDA:1333,parse
FNDA:1319,generateSymbolTable
FNDA:1090,link
FNDA:1051,validate
FNDA:1051,preprocessorValidate
DA:35,25
DA:36,25
DA:37,25
DA:38,25
DA:39,25
DA:40,25
DA:41,25
DA:42,25
DA:43,25
DA:44,25
DA:45,25
DA:46,25
DA:47,25
DA:48,25
DA:51,14
DA:57,1333
DA:62,1333
DA:63,1333
DA:64,1333
DA:65,2319
DA:67,1333
DA:68,1333
DA:69,1333
DA:73,1333
DA:77,1333
DA:78,1333
DA:80,1333
DA:81,0
DA:84,1333
DA:88,1319
DA:92,1090
DA:93,1090
DA:98,1090
DA:105,1051
DA:109,1051
LF:35
LH:34
BRDA:80,0,0,0
BRDA:80,0,1,1333
BRF:2
BRH:1
end_of_record
TN:
SF:packages/language/src/workspace/mutex.ts
FN:32,(anonymous_0)
FN:40,(anonymous_1)
FN:47,(anonymous_2)
FN:66,(anonymous_3)
FN:71,createMutex
FNF:5
FNH:1
FNDA:0,(anonymous_0)
FNDA:0,(anonymous_1)
FNDA:0,(anonymous_2)
FNDA:0,(anonymous_3)
FNDA:1356,createMutex
DA:29,1356
DA:30,1356
DA:33,0
DA:34,0
DA:41,0
DA:42,0
DA:43,0
DA:45,0
DA:46,0
DA:47,0
DA:48,0
DA:49,0
DA:51,0
DA:52,0
DA:53,0
DA:55,0
DA:58,0
DA:67,0
DA:72,1356
LF:19
LH:3
BRDA:40,0,0,0
BRDA:42,1,0,0
BRDA:42,1,1,0
BRDA:48,2,0,0
BRDA:48,2,1,0
BRF:5
BRH:0
end_of_record
TN:
SF:packages/language/src/workspace/plugin-configuration-provider.ts
FN:97,deserializeProcessGroup
FN:196,(anonymous_1)
FN:207,(anonymous_2)
FN:217,(anonymous_3)
FN:227,(anonymous_4)
FN:234,(anonymous_5)
FN:267,(anonymous_6)
FN:301,(anonymous_7)
FN:311,(anonymous_8)
FN:335,(anonymous_9)
FN:376,(anonymous_10)
FN:394,(anonymous_11)
FN:414,(anonymous_12)
FN:432,(anonymous_13)
FN:436,(anonymous_14)
FN:446,(anonymous_15)
FN:456,(anonymous_16)
FN:460,(anonymous_17)
FN:469,(anonymous_18)
FN:505,(anonymous_19)
FN:558,(anonymous_20)
FN:579,(anonymous_21)
FN:601,(anonymous_22)
FN:629,(anonymous_23)
FN:641,(anonymous_24)
FN:654,(anonymous_25)
FN:674,(anonymous_26)
FN:689,(anonymous_27)
FN:715,(anonymous_28)
FN:735,(anonymous_29)
FN:765,(anonymous_30)
FN:773,(anonymous_31)
FN:782,(anonymous_32)
FN:792,(anonymous_33)
FNF:34
FNH:30
FNDA:67,deserializeProcessGroup
FNDA:1124,(anonymous_1)
FNDA:21,(anonymous_2)
FNDA:81,(anonymous_3)
FNDA:5,(anonymous_4)
FNDA:1,(anonymous_5)
FNDA:9,(anonymous_6)
FNDA:0,(anonymous_7)
FNDA:81,(anonymous_8)
FNDA:81,(anonymous_9)
FNDA:3,(anonymous_10)
FNDA:4,(anonymous_11)
FNDA:7,(anonymous_12)
FNDA:264,(anonymous_13)
FNDA:10,(anonymous_14)
FNDA:0,(anonymous_15)
FNDA:0,(anonymous_16)
FNDA:9,(anonymous_17)
FNDA:81,(anonymous_18)
FNDA:3217,(anonymous_19)
FNDA:7497,(anonymous_20)
FNDA:4,(anonymous_21)
FNDA:3164,(anonymous_22)
FNDA:1107,(anonymous_23)
FNDA:1107,(anonymous_24)
FNDA:1078,(anonymous_25)
FNDA:1244,(anonymous_26)
FNDA:3217,(anonymous_27)
FNDA:4,(anonymous_28)
FNDA:4120,(anonymous_29)
FNDA:0,(anonymous_30)
FNDA:17,(anonymous_31)
FNDA:5183,(anonymous_32)
FNDA:6,(anonymous_33)
DA:100,67
DA:101,67
DA:102,67
DA:103,67
DA:104,67
DA:105,67
DA:106,67
DA:107,67
DA:197,1124
DA:198,1124
DA:199,1124
DA:200,1124
DA:201,1124
DA:208,21
DA:218,81
DA:219,81
DA:228,5
DA:229,5
DA:230,0
DA:232,5
DA:233,5
DA:234,1
DA:240,1
DA:241,0
DA:243,1
DA:244,1
DA:245,0
DA:247,1
DA:248,1
DA:249,1
DA:250,1
DA:251,1
DA:252,1
DA:254,1
DA:255,1
DA:259,5
DA:268,9
DA:269,5
DA:271,9
DA:272,9
DA:273,7
DA:275,2
DA:279,2
DA:280,2
DA:281,0
DA:283,2
DA:284,2
DA:285,2
DA:286,1
DA:288,1
DA:289,1
DA:290,1
DA:291,0
DA:293,1
DA:302,0
DA:303,0
DA:312,81
DA:314,81
DA:318,81
DA:321,81
DA:324,81
DA:325,81
DA:338,81
DA:340,81
DA:341,0
DA:344,0
DA:345,0
DA:352,0
DA:354,0
DA:357,0
DA:362,81
DA:363,81
DA:364,81
DA:379,3
DA:380,3
DA:381,3
DA:389,0
DA:390,0
DA:395,4
DA:417,7
DA:418,7
DA:419,7
DA:424,0
DA:425,0
DA:433,264
DA:437,10
DA:438,10
DA:443,10
DA:447,0
DA:448,0
DA:453,0
DA:457,0
DA:461,9
DA:472,81
DA:473,38
DA:475,38
DA:476,38
DA:479,38
DA:480,38
DA:481,38
DA:483,0
DA:486,0
DA:491,43
DA:492,43
DA:495,43
DA:508,3217
DA:509,3217
DA:510,3217
DA:512,3217
DA:513,1155
DA:518,1155
DA:519,1155
DA:521,1155
DA:522,1155
DA:523,1960
DA:524,1960
DA:525,1960
DA:526,1960
DA:527,1960
DA:535,1960
DA:536,1960
DA:542,3217
DA:543,1078
DA:549,2139
DA:551,3217
DA:559,7497
DA:560,3119
DA:563,3119
DA:567,3119
DA:568,3119
DA:584,4
DA:585,4
DA:586,4
DA:587,4
DA:588,0
DA:590,4
DA:591,4
DA:605,3164
DA:607,3164
DA:608,1107
DA:615,1107
DA:621,3164
DA:630,1107
DA:631,1107
DA:632,8
DA:634,1099
DA:643,1107
DA:644,1107
DA:646,1107
DA:657,1078
DA:658,1078
DA:659,1078
DA:663,1078
DA:664,0
DA:666,1078
DA:670,1078
DA:671,1078
DA:675,1244
DA:693,3217
DA:694,3217
DA:697,1155
DA:703,3217
DA:704,3217
DA:705,3217
DA:706,3217
DA:719,4
DA:737,4120
DA:738,4120
DA:739,4120
DA:740,23
DA:743,4097
DA:744,3199
DA:745,0
DA:747,3199
DA:749,3199
DA:750,3074
DA:753,0
DA:759,1023
DA:766,0
DA:774,17
DA:783,5183
DA:793,6
DA:794,6
DA:795,6
DA:796,5
DA:800,5
DA:803,1
LF:187
LH:159
BRDA:100,0,0,67
BRDA:100,0,1,67
BRDA:101,1,0,67
BRDA:101,1,1,6
BRDA:102,2,0,67
BRDA:102,2,1,1
BRDA:103,3,0,67
BRDA:103,3,1,67
BRDA:104,4,0,67
BRDA:104,4,1,67
BRDA:109,5,0,67
BRDA:109,5,1,0
BRDA:113,6,0,67
BRDA:113,6,1,0
BRDA:114,7,0,67
BRDA:114,7,1,0
BRDA:119,8,0,67
BRDA:119,8,1,0
BRDA:120,9,0,0
BRDA:120,9,1,67
BRDA:125,10,0,0
BRDA:125,10,1,67
BRDA:131,11,0,0
BRDA:131,11,1,67
BRDA:229,12,0,0
BRDA:229,12,1,5
BRDA:229,13,0,5
BRDA:229,13,1,5
BRDA:235,14,0,1
BRDA:235,14,1,0
BRDA:240,15,0,0
BRDA:240,15,1,1
BRDA:244,16,0,0
BRDA:244,16,1,1
BRDA:250,17,0,1
BRDA:250,17,1,0
BRDA:268,18,0,5
BRDA:268,18,1,4
BRDA:272,19,0,7
BRDA:272,19,1,2
BRDA:280,20,0,0
BRDA:280,20,1,2
BRDA:285,21,0,1
BRDA:285,21,1,1
BRDA:290,22,0,0
BRDA:290,22,1,1
BRDA:340,23,0,0
BRDA:340,23,1,81
BRDA:344,24,0,0
BRDA:344,24,1,0
BRDA:345,25,0,0
BRDA:345,25,1,0
BRDA:377,26,0,3
BRDA:415,27,0,7
BRDA:437,28,0,0
BRDA:437,28,1,10
BRDA:447,29,0,0
BRDA:447,29,1,0
BRDA:457,30,0,0
BRDA:457,30,1,0
BRDA:472,31,0,38
BRDA:472,31,1,43
BRDA:475,32,0,38
BRDA:475,32,1,0
BRDA:524,33,0,1960
BRDA:524,33,1,3
BRDA:542,34,0,1078
BRDA:542,34,1,2139
BRDA:582,35,0,4
BRDA:587,36,0,0
BRDA:587,36,1,4
BRDA:631,37,0,8
BRDA:631,37,1,1099
BRDA:643,38,0,1107
BRDA:643,38,1,1104
BRDA:644,39,0,1107
BRDA:644,39,1,1042
BRDA:646,40,0,1107
BRDA:646,40,1,1104
BRDA:663,41,0,0
BRDA:663,41,1,1078
BRDA:739,42,0,23
BRDA:739,42,1,4097
BRDA:744,43,0,0
BRDA:744,43,1,3199
BRDA:749,44,0,3074
BRDA:749,44,1,125
BRDA:796,45,0,5
BRDA:796,45,1,0
BRDA:797,46,0,5
BRDA:797,46,1,3
BRF:91
BRH:62
end_of_record
TN:
SF:packages/language/src/workspace/workspace-context.ts
FN:40,(anonymous_0)
FNF:1
FNH:1
FNDA:1115,(anonymous_0)
DA:41,1115
DA:44,1115
LF:2
LH:2
BRF:0
BRH:0
end_of_record
